{"/Users/kylene/Documents/spm-proj/server/api/admin/archive/index.get.ts": {"path":"/Users/kylene/Documents/spm-proj/server/api/admin/archive/index.get.ts","all":false,"statementMap":{"0":{"start":{"line":1,"column":0},"end":{"line":1,"column":39}},"1":{"start":{"line":2,"column":0},"end":{"line":2,"column":80}},"22":{"start":{"line":23,"column":0},"end":{"line":23,"column":52}},"23":{"start":{"line":24,"column":0},"end":{"line":24,"column":57}},"24":{"start":{"line":25,"column":0},"end":{"line":25,"column":46}},"26":{"start":{"line":27,"column":0},"end":{"line":27,"column":26}},"27":{"start":{"line":28,"column":0},"end":{"line":28,"column":78}},"28":{"start":{"line":29,"column":0},"end":{"line":29,"column":3}},"31":{"start":{"line":32,"column":0},"end":{"line":32,"column":65}},"32":{"start":{"line":33,"column":0},"end":{"line":33,"column":18}},"33":{"start":{"line":34,"column":0},"end":{"line":34,"column":27}},"34":{"start":{"line":35,"column":0},"end":{"line":35,"column":27}},"35":{"start":{"line":36,"column":0},"end":{"line":36,"column":18}},"37":{"start":{"line":38,"column":0},"end":{"line":38,"column":19}},"38":{"start":{"line":39,"column":0},"end":{"line":39,"column":77}},"39":{"start":{"line":40,"column":0},"end":{"line":40,"column":3}},"41":{"start":{"line":42,"column":0},"end":{"line":42,"column":88}},"43":{"start":{"line":44,"column":0},"end":{"line":44,"column":48}},"44":{"start":{"line":45,"column":0},"end":{"line":45,"column":102}},"45":{"start":{"line":46,"column":0},"end":{"line":46,"column":3}},"48":{"start":{"line":49,"column":0},"end":{"line":49,"column":63}},"49":{"start":{"line":50,"column":0},"end":{"line":50,"column":18}},"50":{"start":{"line":51,"column":0},"end":{"line":51,"column":94}},"51":{"start":{"line":52,"column":0},"end":{"line":52,"column":34}},"52":{"start":{"line":53,"column":0},"end":{"line":53,"column":46}},"54":{"start":{"line":55,"column":0},"end":{"line":55,"column":19}},"55":{"start":{"line":56,"column":0},"end":{"line":56,"column":112}},"56":{"start":{"line":57,"column":0},"end":{"line":57,"column":3}},"59":{"start":{"line":60,"column":0},"end":{"line":60,"column":69}},"60":{"start":{"line":61,"column":0},"end":{"line":61,"column":21}},"61":{"start":{"line":62,"column":0},"end":{"line":62,"column":75}},"62":{"start":{"line":63,"column":0},"end":{"line":63,"column":34}},"63":{"start":{"line":64,"column":0},"end":{"line":64,"column":46}},"65":{"start":{"line":66,"column":0},"end":{"line":66,"column":22}},"66":{"start":{"line":67,"column":0},"end":{"line":67,"column":118}},"67":{"start":{"line":68,"column":0},"end":{"line":68,"column":3}},"69":{"start":{"line":70,"column":0},"end":{"line":70,"column":66}},"70":{"start":{"line":71,"column":0},"end":{"line":71,"column":75}},"73":{"start":{"line":74,"column":0},"end":{"line":74,"column":41}},"74":{"start":{"line":75,"column":0},"end":{"line":75,"column":12}},"75":{"start":{"line":76,"column":0},"end":{"line":76,"column":19}},"76":{"start":{"line":77,"column":0},"end":{"line":77,"column":39}},"77":{"start":{"line":78,"column":0},"end":{"line":78,"column":71}},"78":{"start":{"line":79,"column":0},"end":{"line":79,"column":5}},"79":{"start":{"line":80,"column":0},"end":{"line":80,"column":3}},"83":{"start":{"line":84,"column":0},"end":{"line":84,"column":93}},"84":{"start":{"line":85,"column":0},"end":{"line":85,"column":20}},"85":{"start":{"line":86,"column":0},"end":{"line":86,"column":25}},"86":{"start":{"line":87,"column":0},"end":{"line":87,"column":39}},"87":{"start":{"line":88,"column":0},"end":{"line":88,"column":38}},"88":{"start":{"line":89,"column":0},"end":{"line":89,"column":33}},"90":{"start":{"line":91,"column":0},"end":{"line":91,"column":28}},"91":{"start":{"line":92,"column":0},"end":{"line":92,"column":111}},"92":{"start":{"line":93,"column":0},"end":{"line":93,"column":3}},"94":{"start":{"line":95,"column":0},"end":{"line":95,"column":101}},"95":{"start":{"line":96,"column":0},"end":{"line":96,"column":152}},"96":{"start":{"line":97,"column":0},"end":{"line":97,"column":3}},"99":{"start":{"line":100,"column":0},"end":{"line":100,"column":67}},"100":{"start":{"line":101,"column":0},"end":{"line":101,"column":26}},"101":{"start":{"line":102,"column":0},"end":{"line":102,"column":56}},"102":{"start":{"line":103,"column":0},"end":{"line":103,"column":48}},"103":{"start":{"line":104,"column":0},"end":{"line":104,"column":5}},"104":{"start":{"line":105,"column":0},"end":{"line":105,"column":14}},"105":{"start":{"line":106,"column":0},"end":{"line":106,"column":31}},"107":{"start":{"line":108,"column":0},"end":{"line":108,"column":59}},"108":{"start":{"line":109,"column":0},"end":{"line":109,"column":12}},"109":{"start":{"line":110,"column":0},"end":{"line":110,"column":78}},"110":{"start":{"line":111,"column":0},"end":{"line":111,"column":5}},"112":{"start":{"line":113,"column":0},"end":{"line":113,"column":68}},"113":{"start":{"line":114,"column":0},"end":{"line":114,"column":15}},"114":{"start":{"line":115,"column":0},"end":{"line":115,"column":57}},"115":{"start":{"line":116,"column":0},"end":{"line":116,"column":5}},"117":{"start":{"line":118,"column":0},"end":{"line":118,"column":10}},"118":{"start":{"line":119,"column":0},"end":{"line":119,"column":30}},"119":{"start":{"line":120,"column":0},"end":{"line":120,"column":36}},"120":{"start":{"line":121,"column":0},"end":{"line":121,"column":3}},"121":{"start":{"line":122,"column":0},"end":{"line":122,"column":2}}},"s":{"0":1,"1":1,"22":1,"23":8,"24":8,"26":8,"27":1,"28":1,"31":7,"32":7,"33":7,"34":7,"35":7,"37":8,"38":1,"39":1,"41":8,"43":8,"44":1,"45":1,"48":5,"49":5,"50":5,"51":5,"52":5,"54":8,"55":1,"56":1,"59":4,"60":4,"61":4,"62":4,"63":4,"65":8,"66":1,"67":1,"69":8,"70":8,"73":8,"74":8,"75":8,"76":8,"77":8,"78":8,"79":8,"83":8,"84":2,"85":2,"86":2,"87":2,"88":1,"90":8,"91":1,"92":1,"94":2,"95":8,"96":8,"99":8,"100":3,"101":1,"102":1,"103":1,"104":3,"105":8,"107":8,"108":3,"109":3,"110":8,"112":8,"113":1,"114":1,"115":8,"117":8,"118":8,"119":8,"120":8,"121":8},"branchMap":{"0":{"type":"branch","line":23,"loc":{"start":{"line":23,"column":34},"end":{"line":122,"column":2}},"locations":[{"start":{"line":23,"column":34},"end":{"line":122,"column":2}}]},"1":{"type":"branch","line":27,"loc":{"start":{"line":27,"column":7},"end":{"line":27,"column":25}},"locations":[{"start":{"line":27,"column":7},"end":{"line":27,"column":25}}]},"2":{"type":"branch","line":27,"loc":{"start":{"line":27,"column":25},"end":{"line":29,"column":3}},"locations":[{"start":{"line":27,"column":25},"end":{"line":29,"column":3}}]},"3":{"type":"branch","line":29,"loc":{"start":{"line":29,"column":2},"end":{"line":38,"column":18}},"locations":[{"start":{"line":29,"column":2},"end":{"line":38,"column":18}}]},"4":{"type":"branch","line":38,"loc":{"start":{"line":38,"column":18},"end":{"line":40,"column":3}},"locations":[{"start":{"line":38,"column":18},"end":{"line":40,"column":3}}]},"5":{"type":"branch","line":40,"loc":{"start":{"line":40,"column":2},"end":{"line":42,"column":84}},"locations":[{"start":{"line":40,"column":2},"end":{"line":42,"column":84}}]},"6":{"type":"branch","line":42,"loc":{"start":{"line":42,"column":24},"end":{"line":42,"column":88}},"locations":[{"start":{"line":42,"column":24},"end":{"line":42,"column":88}}]},"7":{"type":"branch","line":44,"loc":{"start":{"line":44,"column":7},"end":{"line":44,"column":47}},"locations":[{"start":{"line":44,"column":7},"end":{"line":44,"column":47}}]},"8":{"type":"branch","line":44,"loc":{"start":{"line":44,"column":47},"end":{"line":46,"column":3}},"locations":[{"start":{"line":44,"column":47},"end":{"line":46,"column":3}}]},"9":{"type":"branch","line":46,"loc":{"start":{"line":46,"column":2},"end":{"line":55,"column":18}},"locations":[{"start":{"line":46,"column":2},"end":{"line":55,"column":18}}]},"10":{"type":"branch","line":55,"loc":{"start":{"line":55,"column":18},"end":{"line":57,"column":3}},"locations":[{"start":{"line":55,"column":18},"end":{"line":57,"column":3}}]},"11":{"type":"branch","line":56,"loc":{"start":{"line":56,"column":67},"end":{"line":56,"column":110}},"locations":[{"start":{"line":56,"column":67},"end":{"line":56,"column":110}}]},"12":{"type":"branch","line":57,"loc":{"start":{"line":57,"column":2},"end":{"line":66,"column":21}},"locations":[{"start":{"line":57,"column":2},"end":{"line":66,"column":21}}]},"13":{"type":"branch","line":66,"loc":{"start":{"line":66,"column":21},"end":{"line":68,"column":3}},"locations":[{"start":{"line":66,"column":21},"end":{"line":68,"column":3}}]},"14":{"type":"branch","line":67,"loc":{"start":{"line":67,"column":70},"end":{"line":67,"column":116}},"locations":[{"start":{"line":67,"column":70},"end":{"line":67,"column":116}}]},"15":{"type":"branch","line":68,"loc":{"start":{"line":68,"column":2},"end":{"line":70,"column":64}},"locations":[{"start":{"line":68,"column":2},"end":{"line":70,"column":64}}]},"16":{"type":"branch","line":70,"loc":{"start":{"line":70,"column":25},"end":{"line":70,"column":66}},"locations":[{"start":{"line":70,"column":25},"end":{"line":70,"column":66}}]},"17":{"type":"branch","line":71,"loc":{"start":{"line":71,"column":28},"end":{"line":71,"column":75}},"locations":[{"start":{"line":71,"column":28},"end":{"line":71,"column":75}}]},"18":{"type":"branch","line":84,"loc":{"start":{"line":84,"column":87},"end":{"line":88,"column":38}},"locations":[{"start":{"line":84,"column":87},"end":{"line":88,"column":38}}]},"19":{"type":"branch","line":88,"loc":{"start":{"line":88,"column":37},"end":{"line":89,"column":33}},"locations":[{"start":{"line":88,"column":37},"end":{"line":89,"column":33}}]},"20":{"type":"branch","line":91,"loc":{"start":{"line":91,"column":27},"end":{"line":93,"column":3}},"locations":[{"start":{"line":91,"column":27},"end":{"line":93,"column":3}}]},"21":{"type":"branch","line":93,"loc":{"start":{"line":93,"column":2},"end":{"line":96,"column":109}},"locations":[{"start":{"line":93,"column":2},"end":{"line":96,"column":109}}]},"22":{"type":"branch","line":96,"loc":{"start":{"line":96,"column":6},"end":{"line":96,"column":113}},"locations":[{"start":{"line":96,"column":6},"end":{"line":96,"column":113}}]},"23":{"type":"branch","line":77,"loc":{"start":{"line":77,"column":13},"end":{"line":77,"column":38}},"locations":[{"start":{"line":77,"column":13},"end":{"line":77,"column":38}}]},"24":{"type":"branch","line":78,"loc":{"start":{"line":78,"column":16},"end":{"line":78,"column":70}},"locations":[{"start":{"line":78,"column":16},"end":{"line":78,"column":70}}]},"25":{"type":"branch","line":96,"loc":{"start":{"line":96,"column":117},"end":{"line":96,"column":151}},"locations":[{"start":{"line":96,"column":117},"end":{"line":96,"column":151}}]},"26":{"type":"branch","line":100,"loc":{"start":{"line":100,"column":51},"end":{"line":106,"column":5}},"locations":[{"start":{"line":100,"column":51},"end":{"line":106,"column":5}}]},"27":{"type":"branch","line":101,"loc":{"start":{"line":101,"column":25},"end":{"line":104,"column":5}},"locations":[{"start":{"line":101,"column":25},"end":{"line":104,"column":5}}]},"28":{"type":"branch","line":108,"loc":{"start":{"line":108,"column":47},"end":{"line":111,"column":4}},"locations":[{"start":{"line":108,"column":47},"end":{"line":111,"column":4}}]},"29":{"type":"branch","line":110,"loc":{"start":{"line":110,"column":18},"end":{"line":110,"column":73}},"locations":[{"start":{"line":110,"column":18},"end":{"line":110,"column":73}}]},"30":{"type":"branch","line":110,"loc":{"start":{"line":110,"column":61},"end":{"line":110,"column":73}},"locations":[{"start":{"line":110,"column":61},"end":{"line":110,"column":73}}]},"31":{"type":"branch","line":110,"loc":{"start":{"line":110,"column":66},"end":{"line":110,"column":78}},"locations":[{"start":{"line":110,"column":66},"end":{"line":110,"column":78}}]},"32":{"type":"branch","line":113,"loc":{"start":{"line":113,"column":53},"end":{"line":116,"column":4}},"locations":[{"start":{"line":113,"column":53},"end":{"line":116,"column":4}}]},"33":{"type":"branch","line":115,"loc":{"start":{"line":115,"column":50},"end":{"line":115,"column":57}},"locations":[{"start":{"line":115,"column":50},"end":{"line":115,"column":57}}]}},"b":{"0":[8],"1":[7],"2":[1],"3":[7],"4":[1],"5":[6],"6":[0],"7":[6],"8":[1],"9":[5],"10":[1],"11":[0],"12":[4],"13":[1],"14":[0],"15":[3],"16":[0],"17":[0],"18":[2],"19":[1],"20":[1],"21":[2],"22":[1],"23":[4],"24":[4],"25":[1],"26":[3],"27":[1],"28":[3],"29":[1],"30":[0],"31":[2],"32":[1],"33":[0]},"fnMap":{},"f":{}}
,"/Users/kylene/Documents/spm-proj/server/api/admin/users/[id].put.ts": {"path":"/Users/kylene/Documents/spm-proj/server/api/admin/users/[id].put.ts","all":false,"statementMap":{"0":{"start":{"line":1,"column":0},"end":{"line":1,"column":65}},"1":{"start":{"line":2,"column":0},"end":{"line":2,"column":80}},"3":{"start":{"line":4,"column":0},"end":{"line":4,"column":52}},"4":{"start":{"line":5,"column":0},"end":{"line":5,"column":57}},"5":{"start":{"line":6,"column":0},"end":{"line":6,"column":45}},"7":{"start":{"line":8,"column":0},"end":{"line":8,"column":17}},"8":{"start":{"line":9,"column":0},"end":{"line":9,"column":81}},"9":{"start":{"line":10,"column":0},"end":{"line":10,"column":3}},"12":{"start":{"line":13,"column":0},"end":{"line":13,"column":46}},"13":{"start":{"line":14,"column":0},"end":{"line":14,"column":26}},"14":{"start":{"line":15,"column":0},"end":{"line":15,"column":78}},"15":{"start":{"line":16,"column":0},"end":{"line":16,"column":3}},"18":{"start":{"line":19,"column":0},"end":{"line":19,"column":66}},"19":{"start":{"line":20,"column":0},"end":{"line":20,"column":18}},"20":{"start":{"line":21,"column":0},"end":{"line":21,"column":27}},"21":{"start":{"line":22,"column":0},"end":{"line":22,"column":27}},"22":{"start":{"line":23,"column":0},"end":{"line":23,"column":84}},"24":{"start":{"line":25,"column":0},"end":{"line":25,"column":19}},"25":{"start":{"line":26,"column":0},"end":{"line":26,"column":77}},"26":{"start":{"line":27,"column":0},"end":{"line":27,"column":3}},"28":{"start":{"line":29,"column":0},"end":{"line":29,"column":48}},"29":{"start":{"line":30,"column":0},"end":{"line":30,"column":102}},"30":{"start":{"line":31,"column":0},"end":{"line":31,"column":3}},"33":{"start":{"line":34,"column":0},"end":{"line":34,"column":44}},"34":{"start":{"line":35,"column":0},"end":{"line":35,"column":96}},"35":{"start":{"line":36,"column":0},"end":{"line":36,"column":3}},"37":{"start":{"line":38,"column":0},"end":{"line":38,"column":36}},"38":{"start":{"line":39,"column":0},"end":{"line":39,"column":10}},"39":{"start":{"line":40,"column":0},"end":{"line":40,"column":13}},"40":{"start":{"line":41,"column":0},"end":{"line":41,"column":15}},"41":{"start":{"line":42,"column":0},"end":{"line":42,"column":14}},"42":{"start":{"line":43,"column":0},"end":{"line":43,"column":20}},"43":{"start":{"line":44,"column":0},"end":{"line":44,"column":17}},"44":{"start":{"line":45,"column":0},"end":{"line":45,"column":16}},"45":{"start":{"line":46,"column":0},"end":{"line":46,"column":10}},"48":{"start":{"line":49,"column":0},"end":{"line":49,"column":44}},"49":{"start":{"line":50,"column":0},"end":{"line":50,"column":62}},"50":{"start":{"line":51,"column":0},"end":{"line":51,"column":68}},"51":{"start":{"line":52,"column":0},"end":{"line":52,"column":60}},"52":{"start":{"line":53,"column":0},"end":{"line":53,"column":78}},"53":{"start":{"line":54,"column":0},"end":{"line":54,"column":69}},"54":{"start":{"line":55,"column":0},"end":{"line":55,"column":66}},"56":{"start":{"line":57,"column":0},"end":{"line":57,"column":45}},"57":{"start":{"line":58,"column":0},"end":{"line":58,"column":86}},"58":{"start":{"line":59,"column":0},"end":{"line":59,"column":3}},"61":{"start":{"line":62,"column":0},"end":{"line":62,"column":49}},"62":{"start":{"line":63,"column":0},"end":{"line":63,"column":18}},"63":{"start":{"line":64,"column":0},"end":{"line":64,"column":23}},"64":{"start":{"line":65,"column":0},"end":{"line":65,"column":22}},"65":{"start":{"line":66,"column":0},"end":{"line":66,"column":13}},"67":{"start":{"line":68,"column":0},"end":{"line":68,"column":14}},"68":{"start":{"line":69,"column":0},"end":{"line":69,"column":72}},"69":{"start":{"line":70,"column":0},"end":{"line":70,"column":3}},"71":{"start":{"line":72,"column":0},"end":{"line":72,"column":35}},"72":{"start":{"line":73,"column":0},"end":{"line":73,"column":83}},"73":{"start":{"line":74,"column":0},"end":{"line":74,"column":3}},"75":{"start":{"line":76,"column":0},"end":{"line":76,"column":11}},"76":{"start":{"line":77,"column":0},"end":{"line":77,"column":19}},"77":{"start":{"line":78,"column":0},"end":{"line":78,"column":49}},"78":{"start":{"line":79,"column":0},"end":{"line":79,"column":17}},"79":{"start":{"line":80,"column":0},"end":{"line":80,"column":3}},"80":{"start":{"line":81,"column":0},"end":{"line":81,"column":2}}},"s":{"0":1,"1":1,"3":1,"4":9,"5":9,"7":9,"8":1,"9":1,"12":8,"13":9,"14":1,"15":1,"18":7,"19":7,"20":7,"21":7,"22":7,"24":9,"25":1,"26":1,"28":9,"29":1,"30":1,"33":9,"34":1,"35":1,"37":4,"38":4,"39":4,"40":4,"41":4,"42":4,"43":4,"44":4,"45":4,"48":4,"49":9,"50":9,"51":9,"52":9,"53":9,"54":9,"56":9,"57":1,"58":1,"61":3,"62":3,"63":3,"64":3,"65":3,"67":9,"68":1,"69":1,"71":9,"72":1,"73":1,"75":1,"76":1,"77":1,"78":1,"79":1,"80":1},"branchMap":{"0":{"type":"branch","line":4,"loc":{"start":{"line":4,"column":34},"end":{"line":81,"column":2}},"locations":[{"start":{"line":4,"column":34},"end":{"line":81,"column":2}}]},"1":{"type":"branch","line":8,"loc":{"start":{"line":8,"column":16},"end":{"line":10,"column":3}},"locations":[{"start":{"line":8,"column":16},"end":{"line":10,"column":3}}]},"2":{"type":"branch","line":10,"loc":{"start":{"line":10,"column":2},"end":{"line":14,"column":15}},"locations":[{"start":{"line":10,"column":2},"end":{"line":14,"column":15}}]},"3":{"type":"branch","line":14,"loc":{"start":{"line":14,"column":7},"end":{"line":14,"column":25}},"locations":[{"start":{"line":14,"column":7},"end":{"line":14,"column":25}}]},"4":{"type":"branch","line":14,"loc":{"start":{"line":14,"column":25},"end":{"line":16,"column":3}},"locations":[{"start":{"line":14,"column":25},"end":{"line":16,"column":3}}]},"5":{"type":"branch","line":16,"loc":{"start":{"line":16,"column":2},"end":{"line":25,"column":18}},"locations":[{"start":{"line":16,"column":2},"end":{"line":25,"column":18}}]},"6":{"type":"branch","line":25,"loc":{"start":{"line":25,"column":18},"end":{"line":27,"column":3}},"locations":[{"start":{"line":25,"column":18},"end":{"line":27,"column":3}}]},"7":{"type":"branch","line":27,"loc":{"start":{"line":27,"column":2},"end":{"line":29,"column":47}},"locations":[{"start":{"line":27,"column":2},"end":{"line":29,"column":47}}]},"8":{"type":"branch","line":29,"loc":{"start":{"line":29,"column":47},"end":{"line":31,"column":3}},"locations":[{"start":{"line":29,"column":47},"end":{"line":31,"column":3}}]},"9":{"type":"branch","line":31,"loc":{"start":{"line":31,"column":2},"end":{"line":34,"column":43}},"locations":[{"start":{"line":31,"column":2},"end":{"line":34,"column":43}}]},"10":{"type":"branch","line":34,"loc":{"start":{"line":34,"column":43},"end":{"line":36,"column":3}},"locations":[{"start":{"line":34,"column":43},"end":{"line":36,"column":3}}]},"11":{"type":"branch","line":36,"loc":{"start":{"line":36,"column":2},"end":{"line":50,"column":41}},"locations":[{"start":{"line":36,"column":2},"end":{"line":50,"column":41}}]},"12":{"type":"branch","line":50,"loc":{"start":{"line":50,"column":30},"end":{"line":50,"column":62}},"locations":[{"start":{"line":50,"column":30},"end":{"line":50,"column":62}}]},"13":{"type":"branch","line":50,"loc":{"start":{"line":50,"column":54},"end":{"line":51,"column":43}},"locations":[{"start":{"line":50,"column":54},"end":{"line":51,"column":43}}]},"14":{"type":"branch","line":51,"loc":{"start":{"line":51,"column":32},"end":{"line":51,"column":68}},"locations":[{"start":{"line":51,"column":32},"end":{"line":51,"column":68}}]},"15":{"type":"branch","line":51,"loc":{"start":{"line":51,"column":58},"end":{"line":52,"column":41}},"locations":[{"start":{"line":51,"column":58},"end":{"line":52,"column":41}}]},"16":{"type":"branch","line":52,"loc":{"start":{"line":52,"column":30},"end":{"line":52,"column":60}},"locations":[{"start":{"line":52,"column":30},"end":{"line":52,"column":60}}]},"17":{"type":"branch","line":52,"loc":{"start":{"line":52,"column":52},"end":{"line":53,"column":47}},"locations":[{"start":{"line":52,"column":52},"end":{"line":53,"column":47}}]},"18":{"type":"branch","line":53,"loc":{"start":{"line":53,"column":36},"end":{"line":53,"column":78}},"locations":[{"start":{"line":53,"column":36},"end":{"line":53,"column":78}}]},"19":{"type":"branch","line":53,"loc":{"start":{"line":53,"column":64},"end":{"line":54,"column":44}},"locations":[{"start":{"line":53,"column":64},"end":{"line":54,"column":44}}]},"20":{"type":"branch","line":54,"loc":{"start":{"line":54,"column":33},"end":{"line":54,"column":69}},"locations":[{"start":{"line":54,"column":33},"end":{"line":54,"column":69}}]},"21":{"type":"branch","line":54,"loc":{"start":{"line":54,"column":58},"end":{"line":55,"column":43}},"locations":[{"start":{"line":54,"column":58},"end":{"line":55,"column":43}}]},"22":{"type":"branch","line":55,"loc":{"start":{"line":55,"column":32},"end":{"line":55,"column":66}},"locations":[{"start":{"line":55,"column":32},"end":{"line":55,"column":66}}]},"23":{"type":"branch","line":55,"loc":{"start":{"line":55,"column":56},"end":{"line":57,"column":44}},"locations":[{"start":{"line":55,"column":56},"end":{"line":57,"column":44}}]},"24":{"type":"branch","line":57,"loc":{"start":{"line":57,"column":44},"end":{"line":59,"column":3}},"locations":[{"start":{"line":57,"column":44},"end":{"line":59,"column":3}}]},"25":{"type":"branch","line":59,"loc":{"start":{"line":59,"column":2},"end":{"line":68,"column":13}},"locations":[{"start":{"line":59,"column":2},"end":{"line":68,"column":13}}]},"26":{"type":"branch","line":68,"loc":{"start":{"line":68,"column":13},"end":{"line":70,"column":3}},"locations":[{"start":{"line":68,"column":13},"end":{"line":70,"column":3}}]},"27":{"type":"branch","line":70,"loc":{"start":{"line":70,"column":2},"end":{"line":72,"column":34}},"locations":[{"start":{"line":70,"column":2},"end":{"line":72,"column":34}}]},"28":{"type":"branch","line":72,"loc":{"start":{"line":72,"column":34},"end":{"line":81,"column":2}},"locations":[{"start":{"line":72,"column":34},"end":{"line":81,"column":2}}]}},"b":{"0":[9],"1":[1],"2":[8],"3":[7],"4":[1],"5":[7],"6":[1],"7":[6],"8":[1],"9":[5],"10":[1],"11":[4],"12":[3],"13":[4],"14":[2],"15":[4],"16":[1],"17":[4],"18":[0],"19":[4],"20":[0],"21":[4],"22":[0],"23":[4],"24":[1],"25":[3],"26":[1],"27":[2],"28":[1]},"fnMap":{},"f":{}}
,"/Users/kylene/Documents/spm-proj/server/api/admin/users/index.get.ts": {"path":"/Users/kylene/Documents/spm-proj/server/api/admin/users/index.get.ts","all":false,"statementMap":{"0":{"start":{"line":1,"column":0},"end":{"line":1,"column":39}},"1":{"start":{"line":2,"column":0},"end":{"line":2,"column":80}},"16":{"start":{"line":17,"column":0},"end":{"line":17,"column":52}},"17":{"start":{"line":18,"column":0},"end":{"line":18,"column":57}},"20":{"start":{"line":21,"column":0},"end":{"line":21,"column":46}},"21":{"start":{"line":22,"column":0},"end":{"line":22,"column":26}},"22":{"start":{"line":23,"column":0},"end":{"line":23,"column":78}},"23":{"start":{"line":24,"column":0},"end":{"line":24,"column":3}},"26":{"start":{"line":27,"column":0},"end":{"line":27,"column":66}},"27":{"start":{"line":28,"column":0},"end":{"line":28,"column":18}},"28":{"start":{"line":29,"column":0},"end":{"line":29,"column":27}},"29":{"start":{"line":30,"column":0},"end":{"line":30,"column":27}},"30":{"start":{"line":31,"column":0},"end":{"line":31,"column":84}},"32":{"start":{"line":33,"column":0},"end":{"line":33,"column":19}},"33":{"start":{"line":34,"column":0},"end":{"line":34,"column":77}},"34":{"start":{"line":35,"column":0},"end":{"line":35,"column":3}},"36":{"start":{"line":37,"column":0},"end":{"line":37,"column":48}},"37":{"start":{"line":38,"column":0},"end":{"line":38,"column":102}},"38":{"start":{"line":39,"column":0},"end":{"line":39,"column":3}},"41":{"start":{"line":42,"column":0},"end":{"line":42,"column":68}},"42":{"start":{"line":43,"column":0},"end":{"line":43,"column":18}},"43":{"start":{"line":44,"column":0},"end":{"line":44,"column":112}},"44":{"start":{"line":45,"column":0},"end":{"line":45,"column":43}},"46":{"start":{"line":47,"column":0},"end":{"line":47,"column":24}},"47":{"start":{"line":48,"column":0},"end":{"line":48,"column":23}},"48":{"start":{"line":49,"column":0},"end":{"line":49,"column":22}},"49":{"start":{"line":50,"column":0},"end":{"line":50,"column":45}},"50":{"start":{"line":51,"column":0},"end":{"line":51,"column":6}},"51":{"start":{"line":52,"column":0},"end":{"line":52,"column":3}},"53":{"start":{"line":54,"column":0},"end":{"line":54,"column":27}},"55":{"start":{"line":56,"column":0},"end":{"line":56,"column":44}},"56":{"start":{"line":57,"column":0},"end":{"line":57,"column":50}},"59":{"start":{"line":60,"column":0},"end":{"line":60,"column":84}},"60":{"start":{"line":61,"column":0},"end":{"line":61,"column":18}},"61":{"start":{"line":62,"column":0},"end":{"line":62,"column":23}},"62":{"start":{"line":63,"column":0},"end":{"line":63,"column":22}},"63":{"start":{"line":64,"column":0},"end":{"line":64,"column":39}},"64":{"start":{"line":65,"column":0},"end":{"line":65,"column":6}},"65":{"start":{"line":66,"column":0},"end":{"line":66,"column":3}},"67":{"start":{"line":68,"column":0},"end":{"line":68,"column":37}},"68":{"start":{"line":69,"column":0},"end":{"line":69,"column":27}},"69":{"start":{"line":70,"column":0},"end":{"line":70,"column":9}},"70":{"start":{"line":71,"column":0},"end":{"line":71,"column":44}},"71":{"start":{"line":72,"column":0},"end":{"line":72,"column":34}},"72":{"start":{"line":73,"column":0},"end":{"line":73,"column":3}},"74":{"start":{"line":75,"column":0},"end":{"line":75,"column":37}},"75":{"start":{"line":76,"column":0},"end":{"line":76,"column":17}},"76":{"start":{"line":77,"column":0},"end":{"line":77,"column":29}},"77":{"start":{"line":78,"column":0},"end":{"line":78,"column":47}},"78":{"start":{"line":79,"column":0},"end":{"line":79,"column":41}},"80":{"start":{"line":81,"column":0},"end":{"line":81,"column":82}},"82":{"start":{"line":83,"column":0},"end":{"line":83,"column":31}},"83":{"start":{"line":84,"column":0},"end":{"line":84,"column":35}},"84":{"start":{"line":85,"column":0},"end":{"line":85,"column":35}},"85":{"start":{"line":86,"column":0},"end":{"line":86,"column":33}},"86":{"start":{"line":87,"column":0},"end":{"line":87,"column":27}},"87":{"start":{"line":88,"column":0},"end":{"line":88,"column":32}},"88":{"start":{"line":89,"column":0},"end":{"line":89,"column":5}},"89":{"start":{"line":90,"column":0},"end":{"line":90,"column":2}}},"s":{"0":1,"1":1,"16":1,"17":6,"20":6,"21":6,"22":1,"23":1,"26":5,"27":5,"28":5,"29":5,"30":5,"32":6,"33":1,"34":1,"36":6,"37":1,"38":1,"41":3,"42":3,"43":3,"44":3,"46":6,"47":1,"48":1,"49":1,"50":1,"51":1,"53":6,"55":2,"56":2,"59":2,"60":6,"61":1,"62":1,"63":1,"64":1,"65":1,"67":6,"68":6,"69":6,"70":6,"71":6,"72":6,"74":6,"75":2,"76":2,"77":2,"78":2,"80":2,"82":2,"83":2,"84":2,"85":2,"86":2,"87":2,"88":6,"89":6},"branchMap":{"0":{"type":"branch","line":17,"loc":{"start":{"line":17,"column":34},"end":{"line":90,"column":2}},"locations":[{"start":{"line":17,"column":34},"end":{"line":90,"column":2}}]},"1":{"type":"branch","line":22,"loc":{"start":{"line":22,"column":7},"end":{"line":22,"column":25}},"locations":[{"start":{"line":22,"column":7},"end":{"line":22,"column":25}}]},"2":{"type":"branch","line":22,"loc":{"start":{"line":22,"column":25},"end":{"line":24,"column":3}},"locations":[{"start":{"line":22,"column":25},"end":{"line":24,"column":3}}]},"3":{"type":"branch","line":24,"loc":{"start":{"line":24,"column":2},"end":{"line":33,"column":18}},"locations":[{"start":{"line":24,"column":2},"end":{"line":33,"column":18}}]},"4":{"type":"branch","line":33,"loc":{"start":{"line":33,"column":18},"end":{"line":35,"column":3}},"locations":[{"start":{"line":33,"column":18},"end":{"line":35,"column":3}}]},"5":{"type":"branch","line":35,"loc":{"start":{"line":35,"column":2},"end":{"line":37,"column":47}},"locations":[{"start":{"line":35,"column":2},"end":{"line":37,"column":47}}]},"6":{"type":"branch","line":37,"loc":{"start":{"line":37,"column":47},"end":{"line":39,"column":3}},"locations":[{"start":{"line":37,"column":47},"end":{"line":39,"column":3}}]},"7":{"type":"branch","line":39,"loc":{"start":{"line":39,"column":2},"end":{"line":47,"column":23}},"locations":[{"start":{"line":39,"column":2},"end":{"line":47,"column":23}}]},"8":{"type":"branch","line":47,"loc":{"start":{"line":47,"column":23},"end":{"line":52,"column":3}},"locations":[{"start":{"line":47,"column":23},"end":{"line":52,"column":3}}]},"9":{"type":"branch","line":52,"loc":{"start":{"line":52,"column":2},"end":{"line":54,"column":25}},"locations":[{"start":{"line":52,"column":2},"end":{"line":54,"column":25}}]},"10":{"type":"branch","line":54,"loc":{"start":{"line":54,"column":18},"end":{"line":54,"column":27}},"locations":[{"start":{"line":54,"column":18},"end":{"line":54,"column":27}}]},"11":{"type":"branch","line":54,"loc":{"start":{"line":54,"column":26},"end":{"line":61,"column":17}},"locations":[{"start":{"line":54,"column":26},"end":{"line":61,"column":17}}]},"12":{"type":"branch","line":61,"loc":{"start":{"line":61,"column":17},"end":{"line":68,"column":35}},"locations":[{"start":{"line":61,"column":17},"end":{"line":68,"column":35}}]},"13":{"type":"branch","line":68,"loc":{"start":{"line":68,"column":26},"end":{"line":68,"column":37}},"locations":[{"start":{"line":68,"column":26},"end":{"line":68,"column":37}}]},"14":{"type":"branch","line":57,"loc":{"start":{"line":57,"column":33},"end":{"line":57,"column":49}},"locations":[{"start":{"line":57,"column":33},"end":{"line":57,"column":49}}]},"15":{"type":"branch","line":71,"loc":{"start":{"line":71,"column":14},"end":{"line":71,"column":43}},"locations":[{"start":{"line":71,"column":14},"end":{"line":71,"column":43}}]},"16":{"type":"branch","line":72,"loc":{"start":{"line":72,"column":11},"end":{"line":72,"column":33}},"locations":[{"start":{"line":72,"column":11},"end":{"line":72,"column":33}}]},"17":{"type":"branch","line":75,"loc":{"start":{"line":75,"column":24},"end":{"line":89,"column":4}},"locations":[{"start":{"line":75,"column":24},"end":{"line":89,"column":4}}]},"18":{"type":"branch","line":78,"loc":{"start":{"line":78,"column":37},"end":{"line":78,"column":47}},"locations":[{"start":{"line":78,"column":37},"end":{"line":78,"column":47}}]},"19":{"type":"branch","line":81,"loc":{"start":{"line":81,"column":22},"end":{"line":81,"column":43}},"locations":[{"start":{"line":81,"column":22},"end":{"line":81,"column":43}}]},"20":{"type":"branch","line":81,"loc":{"start":{"line":81,"column":33},"end":{"line":81,"column":82}},"locations":[{"start":{"line":81,"column":33},"end":{"line":81,"column":82}}]},"21":{"type":"branch","line":81,"loc":{"start":{"line":81,"column":62},"end":{"line":81,"column":82}},"locations":[{"start":{"line":81,"column":62},"end":{"line":81,"column":82}}]}},"b":{"0":[6],"1":[5],"2":[1],"3":[5],"4":[1],"5":[4],"6":[1],"7":[3],"8":[1],"9":[2],"10":[0],"11":[2],"12":[1],"13":[0],"14":[3],"15":[2],"16":[2],"17":[2],"18":[0],"19":[1],"20":[1],"21":[0]},"fnMap":{},"f":{}}
,"/Users/kylene/Documents/spm-proj/server/api/assignee/index.post.ts": {"path":"/Users/kylene/Documents/spm-proj/server/api/assignee/index.post.ts","all":false,"statementMap":{"0":{"start":{"line":1,"column":0},"end":{"line":1,"column":49}},"1":{"start":{"line":2,"column":0},"end":{"line":2,"column":80}},"3":{"start":{"line":4,"column":0},"end":{"line":4,"column":52}},"4":{"start":{"line":5,"column":0},"end":{"line":5,"column":57}},"5":{"start":{"line":6,"column":0},"end":{"line":6,"column":36}},"7":{"start":{"line":8,"column":0},"end":{"line":8,"column":37}},"8":{"start":{"line":9,"column":0},"end":{"line":9,"column":64}},"9":{"start":{"line":10,"column":0},"end":{"line":10,"column":50}},"10":{"start":{"line":11,"column":0},"end":{"line":11,"column":8}},"12":{"start":{"line":13,"column":0},"end":{"line":13,"column":16}},"13":{"start":{"line":14,"column":0},"end":{"line":14,"column":80}},"14":{"start":{"line":15,"column":0},"end":{"line":15,"column":3}},"16":{"start":{"line":17,"column":0},"end":{"line":17,"column":33}},"17":{"start":{"line":18,"column":0},"end":{"line":18,"column":94}},"18":{"start":{"line":19,"column":0},"end":{"line":19,"column":3}},"21":{"start":{"line":22,"column":0},"end":{"line":22,"column":31}},"22":{"start":{"line":23,"column":0},"end":{"line":23,"column":97}},"23":{"start":{"line":24,"column":0},"end":{"line":24,"column":3}},"25":{"start":{"line":26,"column":0},"end":{"line":26,"column":87}},"26":{"start":{"line":27,"column":0},"end":{"line":27,"column":20}},"27":{"start":{"line":28,"column":0},"end":{"line":28,"column":48}},"28":{"start":{"line":29,"column":0},"end":{"line":29,"column":28}},"29":{"start":{"line":30,"column":0},"end":{"line":30,"column":80}},"30":{"start":{"line":31,"column":0},"end":{"line":31,"column":5}},"31":{"start":{"line":32,"column":0},"end":{"line":32,"column":64}},"32":{"start":{"line":33,"column":0},"end":{"line":33,"column":20}},"33":{"start":{"line":34,"column":0},"end":{"line":34,"column":19}},"34":{"start":{"line":35,"column":0},"end":{"line":35,"column":29}},"35":{"start":{"line":36,"column":0},"end":{"line":36,"column":20}},"37":{"start":{"line":38,"column":0},"end":{"line":38,"column":21}},"38":{"start":{"line":39,"column":0},"end":{"line":39,"column":79}},"39":{"start":{"line":40,"column":0},"end":{"line":40,"column":5}},"40":{"start":{"line":41,"column":0},"end":{"line":41,"column":20}},"41":{"start":{"line":42,"column":0},"end":{"line":42,"column":108}},"42":{"start":{"line":43,"column":0},"end":{"line":43,"column":5}},"44":{"start":{"line":45,"column":0},"end":{"line":45,"column":36}},"45":{"start":{"line":46,"column":0},"end":{"line":46,"column":3}},"47":{"start":{"line":48,"column":0},"end":{"line":48,"column":50}},"48":{"start":{"line":49,"column":0},"end":{"line":49,"column":20}},"49":{"start":{"line":50,"column":0},"end":{"line":50,"column":34}},"50":{"start":{"line":51,"column":0},"end":{"line":51,"column":37}},"51":{"start":{"line":52,"column":0},"end":{"line":52,"column":5}},"53":{"start":{"line":54,"column":0},"end":{"line":54,"column":40}},"54":{"start":{"line":55,"column":0},"end":{"line":55,"column":27}},"55":{"start":{"line":56,"column":0},"end":{"line":56,"column":28}},"57":{"start":{"line":58,"column":0},"end":{"line":58,"column":14}},"58":{"start":{"line":59,"column":0},"end":{"line":59,"column":72}},"59":{"start":{"line":60,"column":0},"end":{"line":60,"column":3}},"61":{"start":{"line":62,"column":0},"end":{"line":62,"column":42}},"62":{"start":{"line":63,"column":0},"end":{"line":63,"column":2}}},"s":{"0":1,"1":1,"3":1,"4":9,"5":9,"7":9,"8":9,"9":8,"10":1,"12":9,"13":1,"14":1,"16":9,"17":2,"18":2,"21":9,"22":1,"23":1,"25":9,"26":9,"27":5,"28":5,"29":1,"30":1,"31":4,"32":4,"33":4,"34":4,"35":4,"37":5,"38":1,"39":1,"40":5,"41":1,"42":1,"44":2,"45":2,"47":2,"48":2,"49":2,"50":2,"51":2,"53":2,"54":2,"55":2,"57":9,"58":1,"59":1,"61":1,"62":1},"branchMap":{"0":{"type":"branch","line":4,"loc":{"start":{"line":4,"column":34},"end":{"line":63,"column":2}},"locations":[{"start":{"line":4,"column":34},"end":{"line":63,"column":2}}]},"1":{"type":"branch","line":9,"loc":{"start":{"line":9,"column":63},"end":{"line":10,"column":50}},"locations":[{"start":{"line":9,"column":63},"end":{"line":10,"column":50}}]},"2":{"type":"branch","line":10,"loc":{"start":{"line":10,"column":49},"end":{"line":11,"column":8}},"locations":[{"start":{"line":10,"column":49},"end":{"line":11,"column":8}}]},"3":{"type":"branch","line":13,"loc":{"start":{"line":13,"column":15},"end":{"line":15,"column":3}},"locations":[{"start":{"line":13,"column":15},"end":{"line":15,"column":3}}]},"4":{"type":"branch","line":15,"loc":{"start":{"line":15,"column":2},"end":{"line":17,"column":32}},"locations":[{"start":{"line":15,"column":2},"end":{"line":17,"column":32}}]},"5":{"type":"branch","line":17,"loc":{"start":{"line":17,"column":32},"end":{"line":19,"column":3}},"locations":[{"start":{"line":17,"column":32},"end":{"line":19,"column":3}}]},"6":{"type":"branch","line":19,"loc":{"start":{"line":19,"column":2},"end":{"line":22,"column":30}},"locations":[{"start":{"line":19,"column":2},"end":{"line":22,"column":30}}]},"7":{"type":"branch","line":22,"loc":{"start":{"line":22,"column":30},"end":{"line":24,"column":3}},"locations":[{"start":{"line":22,"column":30},"end":{"line":24,"column":3}}]},"8":{"type":"branch","line":24,"loc":{"start":{"line":24,"column":2},"end":{"line":26,"column":47}},"locations":[{"start":{"line":24,"column":2},"end":{"line":26,"column":47}}]},"9":{"type":"branch","line":26,"loc":{"start":{"line":26,"column":24},"end":{"line":26,"column":83}},"locations":[{"start":{"line":26,"column":24},"end":{"line":26,"column":83}}]},"10":{"type":"branch","line":26,"loc":{"start":{"line":26,"column":79},"end":{"line":26,"column":87}},"locations":[{"start":{"line":26,"column":79},"end":{"line":26,"column":87}}]},"11":{"type":"branch","line":27,"loc":{"start":{"line":27,"column":19},"end":{"line":46,"column":3}},"locations":[{"start":{"line":27,"column":19},"end":{"line":46,"column":3}}]},"12":{"type":"branch","line":29,"loc":{"start":{"line":29,"column":9},"end":{"line":29,"column":27}},"locations":[{"start":{"line":29,"column":9},"end":{"line":29,"column":27}}]},"13":{"type":"branch","line":29,"loc":{"start":{"line":29,"column":27},"end":{"line":31,"column":5}},"locations":[{"start":{"line":29,"column":27},"end":{"line":31,"column":5}}]},"14":{"type":"branch","line":31,"loc":{"start":{"line":31,"column":4},"end":{"line":38,"column":20}},"locations":[{"start":{"line":31,"column":4},"end":{"line":38,"column":20}}]},"15":{"type":"branch","line":38,"loc":{"start":{"line":38,"column":20},"end":{"line":40,"column":5}},"locations":[{"start":{"line":38,"column":20},"end":{"line":40,"column":5}}]},"16":{"type":"branch","line":40,"loc":{"start":{"line":40,"column":4},"end":{"line":41,"column":19}},"locations":[{"start":{"line":40,"column":4},"end":{"line":41,"column":19}}]},"17":{"type":"branch","line":41,"loc":{"start":{"line":41,"column":19},"end":{"line":43,"column":5}},"locations":[{"start":{"line":41,"column":19},"end":{"line":43,"column":5}}]},"18":{"type":"branch","line":43,"loc":{"start":{"line":43,"column":4},"end":{"line":46,"column":3}},"locations":[{"start":{"line":43,"column":4},"end":{"line":46,"column":3}}]},"19":{"type":"branch","line":46,"loc":{"start":{"line":46,"column":2},"end":{"line":58,"column":13}},"locations":[{"start":{"line":46,"column":2},"end":{"line":58,"column":13}}]},"20":{"type":"branch","line":58,"loc":{"start":{"line":58,"column":13},"end":{"line":63,"column":2}},"locations":[{"start":{"line":58,"column":13},"end":{"line":63,"column":2}}]},"21":{"type":"branch","line":10,"loc":{"start":{"line":10,"column":28},"end":{"line":10,"column":49}},"locations":[{"start":{"line":10,"column":28},"end":{"line":10,"column":49}}]},"22":{"type":"branch","line":48,"loc":{"start":{"line":48,"column":35},"end":{"line":52,"column":4}},"locations":[{"start":{"line":48,"column":35},"end":{"line":52,"column":4}}]}},"b":{"0":[9],"1":[8],"2":[1],"3":[1],"4":[8],"5":[2],"6":[6],"7":[1],"8":[5],"9":[0],"10":[5],"11":[5],"12":[4],"13":[1],"14":[4],"15":[1],"16":[3],"17":[1],"18":[2],"19":[2],"20":[1],"21":[13],"22":[2]},"fnMap":{},"f":{}}
,"/Users/kylene/Documents/spm-proj/server/api/forgot-password/forgot-password.post.ts": {"path":"/Users/kylene/Documents/spm-proj/server/api/forgot-password/forgot-password.post.ts","all":false,"statementMap":{"2":{"start":{"line":3,"column":0},"end":{"line":3,"column":50}},"3":{"start":{"line":4,"column":0},"end":{"line":4,"column":56}},"5":{"start":{"line":6,"column":0},"end":{"line":6,"column":52}},"6":{"start":{"line":7,"column":0},"end":{"line":7,"column":42}},"7":{"start":{"line":8,"column":0},"end":{"line":8,"column":53}},"9":{"start":{"line":10,"column":0},"end":{"line":10,"column":18}},"10":{"start":{"line":11,"column":0},"end":{"line":11,"column":23}},"11":{"start":{"line":12,"column":0},"end":{"line":12,"column":22}},"12":{"start":{"line":13,"column":0},"end":{"line":13,"column":65}},"13":{"start":{"line":14,"column":0},"end":{"line":14,"column":7}},"14":{"start":{"line":15,"column":0},"end":{"line":15,"column":3}},"16":{"start":{"line":17,"column":0},"end":{"line":17,"column":7}},"19":{"start":{"line":20,"column":0},"end":{"line":20,"column":78}},"20":{"start":{"line":21,"column":0},"end":{"line":21,"column":57}},"21":{"start":{"line":22,"column":0},"end":{"line":22,"column":7}},"23":{"start":{"line":24,"column":0},"end":{"line":24,"column":16}},"25":{"start":{"line":26,"column":0},"end":{"line":26,"column":25}},"26":{"start":{"line":27,"column":0},"end":{"line":27,"column":24}},"27":{"start":{"line":28,"column":0},"end":{"line":28,"column":37}},"28":{"start":{"line":29,"column":0},"end":{"line":29,"column":9}},"29":{"start":{"line":30,"column":0},"end":{"line":30,"column":5}},"32":{"start":{"line":33,"column":0},"end":{"line":33,"column":13}},"33":{"start":{"line":34,"column":0},"end":{"line":34,"column":21}},"34":{"start":{"line":35,"column":0},"end":{"line":35,"column":57}},"35":{"start":{"line":36,"column":0},"end":{"line":36,"column":6}},"37":{"start":{"line":38,"column":0},"end":{"line":38,"column":17}},"38":{"start":{"line":39,"column":0},"end":{"line":39,"column":14}},"39":{"start":{"line":40,"column":0},"end":{"line":40,"column":3}},"40":{"start":{"line":41,"column":0},"end":{"line":41,"column":3}}},"s":{"2":1,"3":1,"5":1,"6":3,"7":3,"9":3,"10":1,"11":1,"12":1,"13":1,"14":1,"16":2,"19":2,"20":2,"21":2,"23":3,"25":1,"26":1,"27":1,"28":1,"29":1,"32":1,"33":1,"34":1,"35":1,"37":1,"38":1,"39":1,"40":3},"branchMap":{"0":{"type":"branch","line":6,"loc":{"start":{"line":6,"column":34},"end":{"line":41,"column":3}},"locations":[{"start":{"line":6,"column":34},"end":{"line":41,"column":3}}]},"1":{"type":"branch","line":10,"loc":{"start":{"line":10,"column":17},"end":{"line":15,"column":3}},"locations":[{"start":{"line":10,"column":17},"end":{"line":15,"column":3}}]},"2":{"type":"branch","line":15,"loc":{"start":{"line":15,"column":2},"end":{"line":24,"column":15}},"locations":[{"start":{"line":15,"column":2},"end":{"line":24,"column":15}}]},"3":{"type":"branch","line":24,"loc":{"start":{"line":24,"column":15},"end":{"line":40,"column":3}},"locations":[{"start":{"line":24,"column":15},"end":{"line":40,"column":3}}]}},"b":{"0":[3],"1":[1],"2":[2],"3":[1]},"fnMap":{},"f":{}}
,"/Users/kylene/Documents/spm-proj/server/api/login/login.post.ts": {"path":"/Users/kylene/Documents/spm-proj/server/api/login/login.post.ts","all":false,"statementMap":{"2":{"start":{"line":3,"column":0},"end":{"line":3,"column":50}},"3":{"start":{"line":4,"column":0},"end":{"line":4,"column":57}},"5":{"start":{"line":6,"column":0},"end":{"line":6,"column":52}},"6":{"start":{"line":7,"column":0},"end":{"line":7,"column":52}},"10":{"start":{"line":11,"column":0},"end":{"line":11,"column":28}},"11":{"start":{"line":12,"column":0},"end":{"line":12,"column":23}},"12":{"start":{"line":13,"column":0},"end":{"line":13,"column":22}},"13":{"start":{"line":14,"column":0},"end":{"line":14,"column":56}},"14":{"start":{"line":15,"column":0},"end":{"line":15,"column":7}},"15":{"start":{"line":16,"column":0},"end":{"line":16,"column":3}},"18":{"start":{"line":19,"column":0},"end":{"line":19,"column":50}},"19":{"start":{"line":20,"column":0},"end":{"line":20,"column":61}},"20":{"start":{"line":21,"column":0},"end":{"line":21,"column":23}},"21":{"start":{"line":22,"column":0},"end":{"line":22,"column":22}},"22":{"start":{"line":23,"column":0},"end":{"line":23,"column":59}},"23":{"start":{"line":24,"column":0},"end":{"line":24,"column":7}},"24":{"start":{"line":25,"column":0},"end":{"line":25,"column":3}},"26":{"start":{"line":27,"column":0},"end":{"line":27,"column":54}},"28":{"start":{"line":29,"column":0},"end":{"line":29,"column":18}},"29":{"start":{"line":30,"column":0},"end":{"line":30,"column":23}},"30":{"start":{"line":31,"column":0},"end":{"line":31,"column":22}},"31":{"start":{"line":32,"column":0},"end":{"line":32,"column":65}},"32":{"start":{"line":33,"column":0},"end":{"line":33,"column":7}},"33":{"start":{"line":34,"column":0},"end":{"line":34,"column":3}},"35":{"start":{"line":36,"column":0},"end":{"line":36,"column":7}},"36":{"start":{"line":37,"column":0},"end":{"line":37,"column":87}},"37":{"start":{"line":38,"column":0},"end":{"line":38,"column":12}},"38":{"start":{"line":39,"column":0},"end":{"line":39,"column":15}},"39":{"start":{"line":40,"column":0},"end":{"line":40,"column":7}},"41":{"start":{"line":42,"column":0},"end":{"line":42,"column":16}},"42":{"start":{"line":43,"column":0},"end":{"line":43,"column":25}},"43":{"start":{"line":44,"column":0},"end":{"line":44,"column":24}},"44":{"start":{"line":45,"column":0},"end":{"line":45,"column":84}},"45":{"start":{"line":46,"column":0},"end":{"line":46,"column":9}},"46":{"start":{"line":47,"column":0},"end":{"line":47,"column":5}},"48":{"start":{"line":49,"column":0},"end":{"line":49,"column":13}},"49":{"start":{"line":50,"column":0},"end":{"line":50,"column":23}},"50":{"start":{"line":51,"column":0},"end":{"line":51,"column":13}},"51":{"start":{"line":52,"column":0},"end":{"line":52,"column":15}},"52":{"start":{"line":53,"column":0},"end":{"line":53,"column":6}},"54":{"start":{"line":55,"column":0},"end":{"line":55,"column":17}},"55":{"start":{"line":56,"column":0},"end":{"line":56,"column":14}},"56":{"start":{"line":57,"column":0},"end":{"line":57,"column":3}},"57":{"start":{"line":58,"column":0},"end":{"line":58,"column":3}}},"s":{"2":1,"3":1,"5":1,"6":5,"10":5,"11":1,"12":1,"13":1,"14":1,"15":1,"18":4,"19":5,"20":1,"21":1,"22":1,"23":1,"24":1,"26":3,"28":5,"29":1,"30":1,"31":1,"32":1,"33":1,"35":2,"36":2,"37":2,"38":2,"39":2,"41":5,"42":1,"43":1,"44":1,"45":1,"46":1,"48":1,"49":1,"50":1,"51":1,"52":1,"54":1,"55":1,"56":1,"57":5},"branchMap":{"0":{"type":"branch","line":6,"loc":{"start":{"line":6,"column":34},"end":{"line":58,"column":3}},"locations":[{"start":{"line":6,"column":34},"end":{"line":58,"column":3}}]},"1":{"type":"branch","line":11,"loc":{"start":{"line":11,"column":7},"end":{"line":11,"column":27}},"locations":[{"start":{"line":11,"column":7},"end":{"line":11,"column":27}}]},"2":{"type":"branch","line":11,"loc":{"start":{"line":11,"column":27},"end":{"line":16,"column":3}},"locations":[{"start":{"line":11,"column":27},"end":{"line":16,"column":3}}]},"3":{"type":"branch","line":16,"loc":{"start":{"line":16,"column":2},"end":{"line":20,"column":60}},"locations":[{"start":{"line":16,"column":2},"end":{"line":20,"column":60}}]},"4":{"type":"branch","line":20,"loc":{"start":{"line":20,"column":60},"end":{"line":25,"column":3}},"locations":[{"start":{"line":20,"column":60},"end":{"line":25,"column":3}}]},"5":{"type":"branch","line":25,"loc":{"start":{"line":25,"column":2},"end":{"line":29,"column":17}},"locations":[{"start":{"line":25,"column":2},"end":{"line":29,"column":17}}]},"6":{"type":"branch","line":29,"loc":{"start":{"line":29,"column":17},"end":{"line":34,"column":3}},"locations":[{"start":{"line":29,"column":17},"end":{"line":34,"column":3}}]},"7":{"type":"branch","line":34,"loc":{"start":{"line":34,"column":2},"end":{"line":42,"column":15}},"locations":[{"start":{"line":34,"column":2},"end":{"line":42,"column":15}}]},"8":{"type":"branch","line":42,"loc":{"start":{"line":42,"column":15},"end":{"line":57,"column":3}},"locations":[{"start":{"line":42,"column":15},"end":{"line":57,"column":3}}]}},"b":{"0":[5],"1":[4],"2":[1],"3":[4],"4":[1],"5":[3],"6":[1],"7":[2],"8":[1]},"fnMap":{},"f":{}}
,"/Users/kylene/Documents/spm-proj/server/api/logout/logout.post.ts": {"path":"/Users/kylene/Documents/spm-proj/server/api/logout/logout.post.ts","all":false,"statementMap":{"2":{"start":{"line":3,"column":0},"end":{"line":3,"column":40}},"3":{"start":{"line":4,"column":0},"end":{"line":4,"column":57}},"5":{"start":{"line":6,"column":0},"end":{"line":6,"column":52}},"6":{"start":{"line":7,"column":0},"end":{"line":7,"column":53}},"8":{"start":{"line":9,"column":0},"end":{"line":9,"column":18}},"9":{"start":{"line":10,"column":0},"end":{"line":10,"column":23}},"10":{"start":{"line":11,"column":0},"end":{"line":11,"column":22}},"11":{"start":{"line":12,"column":0},"end":{"line":12,"column":65}},"12":{"start":{"line":13,"column":0},"end":{"line":13,"column":7}},"13":{"start":{"line":14,"column":0},"end":{"line":14,"column":3}},"17":{"start":{"line":18,"column":0},"end":{"line":18,"column":50}},"19":{"start":{"line":20,"column":0},"end":{"line":20,"column":14}},"20":{"start":{"line":21,"column":0},"end":{"line":21,"column":62}},"21":{"start":{"line":22,"column":0},"end":{"line":22,"column":3}},"25":{"start":{"line":26,"column":0},"end":{"line":26,"column":27}},"26":{"start":{"line":27,"column":0},"end":{"line":27,"column":3}}},"s":{"2":1,"3":1,"5":1,"6":3,"8":3,"9":1,"10":1,"11":1,"12":1,"13":1,"17":2,"19":3,"20":1,"21":1,"25":2,"26":2},"branchMap":{"0":{"type":"branch","line":6,"loc":{"start":{"line":6,"column":34},"end":{"line":27,"column":3}},"locations":[{"start":{"line":6,"column":34},"end":{"line":27,"column":3}}]},"1":{"type":"branch","line":9,"loc":{"start":{"line":9,"column":17},"end":{"line":14,"column":3}},"locations":[{"start":{"line":9,"column":17},"end":{"line":14,"column":3}}]},"2":{"type":"branch","line":14,"loc":{"start":{"line":14,"column":2},"end":{"line":20,"column":13}},"locations":[{"start":{"line":14,"column":2},"end":{"line":20,"column":13}}]},"3":{"type":"branch","line":20,"loc":{"start":{"line":20,"column":13},"end":{"line":22,"column":3}},"locations":[{"start":{"line":20,"column":13},"end":{"line":22,"column":3}}]},"4":{"type":"branch","line":22,"loc":{"start":{"line":22,"column":2},"end":{"line":27,"column":3}},"locations":[{"start":{"line":22,"column":2},"end":{"line":27,"column":3}}]}},"b":{"0":[3],"1":[1],"2":[2],"3":[1],"4":[2]},"fnMap":{},"f":{}}
,"/Users/kylene/Documents/spm-proj/server/api/notifications/delete-all-read.post.ts": {"path":"/Users/kylene/Documents/spm-proj/server/api/notifications/delete-all-read.post.ts","all":false,"statementMap":{"0":{"start":{"line":1,"column":0},"end":{"line":1,"column":52}},"1":{"start":{"line":2,"column":0},"end":{"line":2,"column":80}},"3":{"start":{"line":4,"column":0},"end":{"line":4,"column":52}},"4":{"start":{"line":5,"column":0},"end":{"line":5,"column":57}},"5":{"start":{"line":6,"column":0},"end":{"line":6,"column":46}},"7":{"start":{"line":8,"column":0},"end":{"line":8,"column":14}},"8":{"start":{"line":9,"column":0},"end":{"line":9,"column":23}},"9":{"start":{"line":10,"column":0},"end":{"line":10,"column":22}},"10":{"start":{"line":11,"column":0},"end":{"line":11,"column":60}},"11":{"start":{"line":12,"column":0},"end":{"line":12,"column":6}},"12":{"start":{"line":13,"column":0},"end":{"line":13,"column":3}},"15":{"start":{"line":16,"column":0},"end":{"line":16,"column":67}},"16":{"start":{"line":17,"column":0},"end":{"line":17,"column":18}},"17":{"start":{"line":18,"column":0},"end":{"line":18,"column":17}},"18":{"start":{"line":19,"column":0},"end":{"line":19,"column":27}},"19":{"start":{"line":20,"column":0},"end":{"line":20,"column":13}},"21":{"start":{"line":22,"column":0},"end":{"line":22,"column":37}},"22":{"start":{"line":23,"column":0},"end":{"line":23,"column":23}},"23":{"start":{"line":24,"column":0},"end":{"line":24,"column":22}},"24":{"start":{"line":25,"column":0},"end":{"line":25,"column":48}},"25":{"start":{"line":26,"column":0},"end":{"line":26,"column":24}},"26":{"start":{"line":27,"column":0},"end":{"line":27,"column":6}},"27":{"start":{"line":28,"column":0},"end":{"line":28,"column":3}},"29":{"start":{"line":30,"column":0},"end":{"line":30,"column":59}},"31":{"start":{"line":32,"column":0},"end":{"line":32,"column":7}},"33":{"start":{"line":34,"column":0},"end":{"line":34,"column":58}},"34":{"start":{"line":35,"column":0},"end":{"line":35,"column":28}},"35":{"start":{"line":36,"column":0},"end":{"line":36,"column":55}},"36":{"start":{"line":37,"column":0},"end":{"line":37,"column":37}},"37":{"start":{"line":38,"column":0},"end":{"line":38,"column":26}},"38":{"start":{"line":39,"column":0},"end":{"line":39,"column":67}},"40":{"start":{"line":41,"column":0},"end":{"line":41,"column":22}},"41":{"start":{"line":42,"column":0},"end":{"line":42,"column":25}},"42":{"start":{"line":43,"column":0},"end":{"line":43,"column":24}},"43":{"start":{"line":44,"column":0},"end":{"line":44,"column":61}},"44":{"start":{"line":45,"column":0},"end":{"line":45,"column":25}},"45":{"start":{"line":46,"column":0},"end":{"line":46,"column":8}},"46":{"start":{"line":47,"column":0},"end":{"line":47,"column":5}},"48":{"start":{"line":49,"column":0},"end":{"line":49,"column":12}},"49":{"start":{"line":50,"column":0},"end":{"line":50,"column":20}},"50":{"start":{"line":51,"column":0},"end":{"line":51,"column":60}},"51":{"start":{"line":52,"column":0},"end":{"line":52,"column":5}},"52":{"start":{"line":53,"column":0},"end":{"line":53,"column":24}},"53":{"start":{"line":54,"column":0},"end":{"line":54,"column":27}},"54":{"start":{"line":55,"column":0},"end":{"line":55,"column":17}},"55":{"start":{"line":56,"column":0},"end":{"line":56,"column":5}},"56":{"start":{"line":57,"column":0},"end":{"line":57,"column":23}},"57":{"start":{"line":58,"column":0},"end":{"line":58,"column":22}},"58":{"start":{"line":59,"column":0},"end":{"line":59,"column":45}},"59":{"start":{"line":60,"column":0},"end":{"line":60,"column":17}},"60":{"start":{"line":61,"column":0},"end":{"line":61,"column":6}},"61":{"start":{"line":62,"column":0},"end":{"line":62,"column":3}},"62":{"start":{"line":63,"column":0},"end":{"line":63,"column":2}}},"s":{"0":1,"1":1,"3":1,"4":5,"5":5,"7":5,"8":1,"9":1,"10":1,"11":1,"12":1,"15":4,"16":4,"17":4,"18":4,"19":4,"21":5,"22":1,"23":1,"24":1,"25":1,"26":1,"27":1,"29":3,"31":3,"33":3,"34":3,"35":3,"36":3,"37":3,"38":3,"40":5,"41":1,"42":1,"43":1,"44":1,"45":1,"46":1,"48":1,"49":1,"50":1,"51":1,"52":5,"53":2,"54":1,"55":1,"56":1,"57":1,"58":1,"59":1,"60":1,"61":1,"62":5},"branchMap":{"0":{"type":"branch","line":4,"loc":{"start":{"line":4,"column":34},"end":{"line":63,"column":2}},"locations":[{"start":{"line":4,"column":34},"end":{"line":63,"column":2}}]},"1":{"type":"branch","line":8,"loc":{"start":{"line":8,"column":13},"end":{"line":13,"column":3}},"locations":[{"start":{"line":8,"column":13},"end":{"line":13,"column":3}}]},"2":{"type":"branch","line":13,"loc":{"start":{"line":13,"column":2},"end":{"line":22,"column":22}},"locations":[{"start":{"line":13,"column":2},"end":{"line":22,"column":22}}]},"3":{"type":"branch","line":22,"loc":{"start":{"line":22,"column":6},"end":{"line":22,"column":36}},"locations":[{"start":{"line":22,"column":6},"end":{"line":22,"column":36}}]},"4":{"type":"branch","line":22,"loc":{"start":{"line":22,"column":36},"end":{"line":28,"column":3}},"locations":[{"start":{"line":22,"column":36},"end":{"line":28,"column":3}}]},"5":{"type":"branch","line":28,"loc":{"start":{"line":28,"column":2},"end":{"line":39,"column":67}},"locations":[{"start":{"line":28,"column":2},"end":{"line":39,"column":67}}]},"6":{"type":"branch","line":39,"loc":{"start":{"line":39,"column":28},"end":{"line":41,"column":21}},"locations":[{"start":{"line":39,"column":28},"end":{"line":41,"column":21}}]},"7":{"type":"branch","line":41,"loc":{"start":{"line":41,"column":21},"end":{"line":53,"column":11}},"locations":[{"start":{"line":41,"column":21},"end":{"line":53,"column":11}}]},"8":{"type":"branch","line":53,"loc":{"start":{"line":53,"column":2},"end":{"line":62,"column":3}},"locations":[{"start":{"line":53,"column":2},"end":{"line":62,"column":3}}]},"9":{"type":"branch","line":54,"loc":{"start":{"line":54,"column":26},"end":{"line":62,"column":3}},"locations":[{"start":{"line":54,"column":26},"end":{"line":62,"column":3}}]}},"b":{"0":[5],"1":[1],"2":[4],"3":[3],"4":[1],"5":[3],"6":[2],"7":[1],"8":[2],"9":[1]},"fnMap":{},"f":{}}
,"/Users/kylene/Documents/spm-proj/server/api/notifications/index.get.ts": {"path":"/Users/kylene/Documents/spm-proj/server/api/notifications/index.get.ts","all":false,"statementMap":{"0":{"start":{"line":1,"column":0},"end":{"line":1,"column":52}},"1":{"start":{"line":2,"column":0},"end":{"line":2,"column":80}},"4":{"start":{"line":5,"column":0},"end":{"line":5,"column":52}},"5":{"start":{"line":6,"column":0},"end":{"line":6,"column":57}},"6":{"start":{"line":7,"column":0},"end":{"line":7,"column":46}},"8":{"start":{"line":9,"column":0},"end":{"line":9,"column":14}},"9":{"start":{"line":10,"column":0},"end":{"line":10,"column":23}},"10":{"start":{"line":11,"column":0},"end":{"line":11,"column":22}},"11":{"start":{"line":12,"column":0},"end":{"line":12,"column":60}},"12":{"start":{"line":13,"column":0},"end":{"line":13,"column":6}},"13":{"start":{"line":14,"column":0},"end":{"line":14,"column":3}},"16":{"start":{"line":17,"column":0},"end":{"line":17,"column":67}},"17":{"start":{"line":18,"column":0},"end":{"line":18,"column":18}},"18":{"start":{"line":19,"column":0},"end":{"line":19,"column":17}},"19":{"start":{"line":20,"column":0},"end":{"line":20,"column":27}},"20":{"start":{"line":21,"column":0},"end":{"line":21,"column":13}},"22":{"start":{"line":23,"column":0},"end":{"line":23,"column":37}},"23":{"start":{"line":24,"column":0},"end":{"line":24,"column":23}},"24":{"start":{"line":25,"column":0},"end":{"line":25,"column":22}},"25":{"start":{"line":26,"column":0},"end":{"line":26,"column":48}},"26":{"start":{"line":27,"column":0},"end":{"line":27,"column":24}},"27":{"start":{"line":28,"column":0},"end":{"line":28,"column":6}},"28":{"start":{"line":29,"column":0},"end":{"line":29,"column":3}},"29":{"start":{"line":30,"column":0},"end":{"line":30,"column":59}},"31":{"start":{"line":32,"column":0},"end":{"line":32,"column":7}},"33":{"start":{"line":34,"column":0},"end":{"line":34,"column":57}},"34":{"start":{"line":35,"column":0},"end":{"line":35,"column":28}},"35":{"start":{"line":36,"column":0},"end":{"line":36,"column":15}},"50":{"start":{"line":51,"column":0},"end":{"line":51,"column":8}},"51":{"start":{"line":52,"column":0},"end":{"line":52,"column":37}},"52":{"start":{"line":53,"column":0},"end":{"line":53,"column":67}},"53":{"start":{"line":54,"column":0},"end":{"line":54,"column":48}},"54":{"start":{"line":55,"column":0},"end":{"line":55,"column":50}},"56":{"start":{"line":57,"column":0},"end":{"line":57,"column":16}},"57":{"start":{"line":58,"column":0},"end":{"line":58,"column":25}},"58":{"start":{"line":59,"column":0},"end":{"line":59,"column":24}},"59":{"start":{"line":60,"column":0},"end":{"line":60,"column":55}},"60":{"start":{"line":61,"column":0},"end":{"line":61,"column":19}},"61":{"start":{"line":62,"column":0},"end":{"line":62,"column":8}},"62":{"start":{"line":63,"column":0},"end":{"line":63,"column":5}},"64":{"start":{"line":65,"column":0},"end":{"line":65,"column":12}},"65":{"start":{"line":66,"column":0},"end":{"line":66,"column":40}},"66":{"start":{"line":67,"column":0},"end":{"line":67,"column":5}},"67":{"start":{"line":68,"column":0},"end":{"line":68,"column":24}},"68":{"start":{"line":69,"column":0},"end":{"line":69,"column":27}},"69":{"start":{"line":70,"column":0},"end":{"line":70,"column":17}},"70":{"start":{"line":71,"column":0},"end":{"line":71,"column":5}},"71":{"start":{"line":72,"column":0},"end":{"line":72,"column":23}},"72":{"start":{"line":73,"column":0},"end":{"line":73,"column":22}},"73":{"start":{"line":74,"column":0},"end":{"line":74,"column":45}},"74":{"start":{"line":75,"column":0},"end":{"line":75,"column":17}},"75":{"start":{"line":76,"column":0},"end":{"line":76,"column":6}},"76":{"start":{"line":77,"column":0},"end":{"line":77,"column":3}},"77":{"start":{"line":78,"column":0},"end":{"line":78,"column":2}}},"s":{"0":1,"1":1,"4":1,"5":5,"6":5,"8":5,"9":1,"10":1,"11":1,"12":1,"13":1,"16":4,"17":4,"18":4,"19":4,"20":4,"22":5,"23":1,"24":1,"25":1,"26":1,"27":1,"28":1,"29":3,"31":3,"33":3,"34":3,"35":3,"50":3,"51":3,"52":3,"53":3,"54":3,"56":5,"57":1,"58":1,"59":1,"60":1,"61":1,"62":1,"64":1,"65":5,"66":5,"67":5,"68":2,"69":1,"70":1,"71":1,"72":1,"73":1,"74":1,"75":1,"76":1,"77":5},"branchMap":{"0":{"type":"branch","line":5,"loc":{"start":{"line":5,"column":34},"end":{"line":78,"column":2}},"locations":[{"start":{"line":5,"column":34},"end":{"line":78,"column":2}}]},"1":{"type":"branch","line":9,"loc":{"start":{"line":9,"column":13},"end":{"line":14,"column":3}},"locations":[{"start":{"line":9,"column":13},"end":{"line":14,"column":3}}]},"2":{"type":"branch","line":14,"loc":{"start":{"line":14,"column":2},"end":{"line":23,"column":22}},"locations":[{"start":{"line":14,"column":2},"end":{"line":23,"column":22}}]},"3":{"type":"branch","line":23,"loc":{"start":{"line":23,"column":6},"end":{"line":23,"column":36}},"locations":[{"start":{"line":23,"column":6},"end":{"line":23,"column":36}}]},"4":{"type":"branch","line":23,"loc":{"start":{"line":23,"column":36},"end":{"line":29,"column":3}},"locations":[{"start":{"line":23,"column":36},"end":{"line":29,"column":3}}]},"5":{"type":"branch","line":29,"loc":{"start":{"line":29,"column":2},"end":{"line":55,"column":50}},"locations":[{"start":{"line":29,"column":2},"end":{"line":55,"column":50}}]},"6":{"type":"branch","line":55,"loc":{"start":{"line":55,"column":15},"end":{"line":57,"column":15}},"locations":[{"start":{"line":55,"column":15},"end":{"line":57,"column":15}}]},"7":{"type":"branch","line":57,"loc":{"start":{"line":57,"column":15},"end":{"line":66,"column":38}},"locations":[{"start":{"line":57,"column":15},"end":{"line":66,"column":38}}]},"8":{"type":"branch","line":66,"loc":{"start":{"line":66,"column":21},"end":{"line":66,"column":40}},"locations":[{"start":{"line":66,"column":21},"end":{"line":66,"column":40}}]},"9":{"type":"branch","line":68,"loc":{"start":{"line":68,"column":2},"end":{"line":77,"column":3}},"locations":[{"start":{"line":68,"column":2},"end":{"line":77,"column":3}}]},"10":{"type":"branch","line":69,"loc":{"start":{"line":69,"column":26},"end":{"line":77,"column":3}},"locations":[{"start":{"line":69,"column":26},"end":{"line":77,"column":3}}]}},"b":{"0":[5],"1":[1],"2":[4],"3":[3],"4":[1],"5":[3],"6":[2],"7":[1],"8":[0],"9":[2],"10":[1]},"fnMap":{},"f":{}}
,"/Users/kylene/Documents/spm-proj/server/api/notifications/read-all.post.ts": {"path":"/Users/kylene/Documents/spm-proj/server/api/notifications/read-all.post.ts","all":false,"statementMap":{"0":{"start":{"line":1,"column":0},"end":{"line":1,"column":52}},"1":{"start":{"line":2,"column":0},"end":{"line":2,"column":80}},"3":{"start":{"line":4,"column":0},"end":{"line":4,"column":52}},"4":{"start":{"line":5,"column":0},"end":{"line":5,"column":57}},"5":{"start":{"line":6,"column":0},"end":{"line":6,"column":46}},"7":{"start":{"line":8,"column":0},"end":{"line":8,"column":14}},"8":{"start":{"line":9,"column":0},"end":{"line":9,"column":23}},"9":{"start":{"line":10,"column":0},"end":{"line":10,"column":22}},"10":{"start":{"line":11,"column":0},"end":{"line":11,"column":60}},"11":{"start":{"line":12,"column":0},"end":{"line":12,"column":6}},"12":{"start":{"line":13,"column":0},"end":{"line":13,"column":3}},"15":{"start":{"line":16,"column":0},"end":{"line":16,"column":67}},"16":{"start":{"line":17,"column":0},"end":{"line":17,"column":18}},"17":{"start":{"line":18,"column":0},"end":{"line":18,"column":17}},"18":{"start":{"line":19,"column":0},"end":{"line":19,"column":27}},"19":{"start":{"line":20,"column":0},"end":{"line":20,"column":13}},"21":{"start":{"line":22,"column":0},"end":{"line":22,"column":37}},"22":{"start":{"line":23,"column":0},"end":{"line":23,"column":23}},"23":{"start":{"line":24,"column":0},"end":{"line":24,"column":22}},"24":{"start":{"line":25,"column":0},"end":{"line":25,"column":48}},"25":{"start":{"line":26,"column":0},"end":{"line":26,"column":24}},"26":{"start":{"line":27,"column":0},"end":{"line":27,"column":6}},"27":{"start":{"line":28,"column":0},"end":{"line":28,"column":3}},"28":{"start":{"line":29,"column":0},"end":{"line":29,"column":59}},"30":{"start":{"line":31,"column":0},"end":{"line":31,"column":7}},"32":{"start":{"line":33,"column":0},"end":{"line":33,"column":49}},"33":{"start":{"line":34,"column":0},"end":{"line":34,"column":28}},"34":{"start":{"line":35,"column":0},"end":{"line":35,"column":32}},"35":{"start":{"line":36,"column":0},"end":{"line":36,"column":37}},"36":{"start":{"line":37,"column":0},"end":{"line":37,"column":27}},"38":{"start":{"line":39,"column":0},"end":{"line":39,"column":22}},"39":{"start":{"line":40,"column":0},"end":{"line":40,"column":25}},"40":{"start":{"line":41,"column":0},"end":{"line":41,"column":24}},"41":{"start":{"line":42,"column":0},"end":{"line":42,"column":66}},"42":{"start":{"line":43,"column":0},"end":{"line":43,"column":25}},"43":{"start":{"line":44,"column":0},"end":{"line":44,"column":8}},"44":{"start":{"line":45,"column":0},"end":{"line":45,"column":5}},"46":{"start":{"line":47,"column":0},"end":{"line":47,"column":12}},"47":{"start":{"line":48,"column":0},"end":{"line":48,"column":20}},"48":{"start":{"line":49,"column":0},"end":{"line":49,"column":49}},"49":{"start":{"line":50,"column":0},"end":{"line":50,"column":5}},"50":{"start":{"line":51,"column":0},"end":{"line":51,"column":24}},"51":{"start":{"line":52,"column":0},"end":{"line":52,"column":27}},"52":{"start":{"line":53,"column":0},"end":{"line":53,"column":17}},"53":{"start":{"line":54,"column":0},"end":{"line":54,"column":5}},"54":{"start":{"line":55,"column":0},"end":{"line":55,"column":23}},"55":{"start":{"line":56,"column":0},"end":{"line":56,"column":22}},"56":{"start":{"line":57,"column":0},"end":{"line":57,"column":45}},"57":{"start":{"line":58,"column":0},"end":{"line":58,"column":17}},"58":{"start":{"line":59,"column":0},"end":{"line":59,"column":6}},"59":{"start":{"line":60,"column":0},"end":{"line":60,"column":3}},"60":{"start":{"line":61,"column":0},"end":{"line":61,"column":2}}},"s":{"0":1,"1":1,"3":1,"4":5,"5":5,"7":5,"8":1,"9":1,"10":1,"11":1,"12":1,"15":4,"16":4,"17":4,"18":4,"19":4,"21":5,"22":1,"23":1,"24":1,"25":1,"26":1,"27":1,"28":3,"30":3,"32":3,"33":3,"34":3,"35":3,"36":3,"38":5,"39":1,"40":1,"41":1,"42":1,"43":1,"44":1,"46":1,"47":1,"48":1,"49":1,"50":5,"51":2,"52":1,"53":1,"54":1,"55":1,"56":1,"57":1,"58":1,"59":1,"60":5},"branchMap":{"0":{"type":"branch","line":4,"loc":{"start":{"line":4,"column":34},"end":{"line":61,"column":2}},"locations":[{"start":{"line":4,"column":34},"end":{"line":61,"column":2}}]},"1":{"type":"branch","line":8,"loc":{"start":{"line":8,"column":13},"end":{"line":13,"column":3}},"locations":[{"start":{"line":8,"column":13},"end":{"line":13,"column":3}}]},"2":{"type":"branch","line":13,"loc":{"start":{"line":13,"column":2},"end":{"line":22,"column":22}},"locations":[{"start":{"line":13,"column":2},"end":{"line":22,"column":22}}]},"3":{"type":"branch","line":22,"loc":{"start":{"line":22,"column":6},"end":{"line":22,"column":36}},"locations":[{"start":{"line":22,"column":6},"end":{"line":22,"column":36}}]},"4":{"type":"branch","line":22,"loc":{"start":{"line":22,"column":36},"end":{"line":28,"column":3}},"locations":[{"start":{"line":22,"column":36},"end":{"line":28,"column":3}}]},"5":{"type":"branch","line":28,"loc":{"start":{"line":28,"column":2},"end":{"line":37,"column":27}},"locations":[{"start":{"line":28,"column":2},"end":{"line":37,"column":27}}]},"6":{"type":"branch","line":37,"loc":{"start":{"line":37,"column":26},"end":{"line":39,"column":21}},"locations":[{"start":{"line":37,"column":26},"end":{"line":39,"column":21}}]},"7":{"type":"branch","line":39,"loc":{"start":{"line":39,"column":21},"end":{"line":51,"column":11}},"locations":[{"start":{"line":39,"column":21},"end":{"line":51,"column":11}}]},"8":{"type":"branch","line":51,"loc":{"start":{"line":51,"column":2},"end":{"line":60,"column":3}},"locations":[{"start":{"line":51,"column":2},"end":{"line":60,"column":3}}]},"9":{"type":"branch","line":52,"loc":{"start":{"line":52,"column":26},"end":{"line":60,"column":3}},"locations":[{"start":{"line":52,"column":26},"end":{"line":60,"column":3}}]}},"b":{"0":[5],"1":[1],"2":[4],"3":[3],"4":[1],"5":[3],"6":[2],"7":[1],"8":[2],"9":[1]},"fnMap":{},"f":{}}
,"/Users/kylene/Documents/spm-proj/server/api/notifications/[id]/index.delete.ts": {"path":"/Users/kylene/Documents/spm-proj/server/api/notifications/[id]/index.delete.ts","all":false,"statementMap":{"0":{"start":{"line":1,"column":0},"end":{"line":1,"column":68}},"1":{"start":{"line":2,"column":0},"end":{"line":2,"column":80}},"3":{"start":{"line":4,"column":0},"end":{"line":4,"column":52}},"4":{"start":{"line":5,"column":0},"end":{"line":5,"column":57}},"5":{"start":{"line":6,"column":0},"end":{"line":6,"column":46}},"7":{"start":{"line":8,"column":0},"end":{"line":8,"column":14}},"8":{"start":{"line":9,"column":0},"end":{"line":9,"column":23}},"9":{"start":{"line":10,"column":0},"end":{"line":10,"column":22}},"10":{"start":{"line":11,"column":0},"end":{"line":11,"column":60}},"11":{"start":{"line":12,"column":0},"end":{"line":12,"column":6}},"12":{"start":{"line":13,"column":0},"end":{"line":13,"column":3}},"14":{"start":{"line":15,"column":0},"end":{"line":15,"column":52}},"15":{"start":{"line":16,"column":0},"end":{"line":16,"column":24}},"16":{"start":{"line":17,"column":0},"end":{"line":17,"column":23}},"17":{"start":{"line":18,"column":0},"end":{"line":18,"column":22}},"18":{"start":{"line":19,"column":0},"end":{"line":19,"column":50}},"19":{"start":{"line":20,"column":0},"end":{"line":20,"column":6}},"20":{"start":{"line":21,"column":0},"end":{"line":21,"column":3}},"23":{"start":{"line":24,"column":0},"end":{"line":24,"column":67}},"24":{"start":{"line":25,"column":0},"end":{"line":25,"column":18}},"25":{"start":{"line":26,"column":0},"end":{"line":26,"column":17}},"26":{"start":{"line":27,"column":0},"end":{"line":27,"column":27}},"27":{"start":{"line":28,"column":0},"end":{"line":28,"column":13}},"29":{"start":{"line":30,"column":0},"end":{"line":30,"column":37}},"30":{"start":{"line":31,"column":0},"end":{"line":31,"column":23}},"31":{"start":{"line":32,"column":0},"end":{"line":32,"column":22}},"32":{"start":{"line":33,"column":0},"end":{"line":33,"column":48}},"33":{"start":{"line":34,"column":0},"end":{"line":34,"column":24}},"34":{"start":{"line":35,"column":0},"end":{"line":35,"column":6}},"35":{"start":{"line":36,"column":0},"end":{"line":36,"column":3}},"36":{"start":{"line":37,"column":0},"end":{"line":37,"column":59}},"38":{"start":{"line":39,"column":0},"end":{"line":39,"column":7}},"40":{"start":{"line":41,"column":0},"end":{"line":41,"column":49}},"41":{"start":{"line":42,"column":0},"end":{"line":42,"column":28}},"42":{"start":{"line":43,"column":0},"end":{"line":43,"column":55}},"43":{"start":{"line":44,"column":0},"end":{"line":44,"column":31}},"44":{"start":{"line":45,"column":0},"end":{"line":45,"column":37}},"45":{"start":{"line":46,"column":0},"end":{"line":46,"column":67}},"47":{"start":{"line":48,"column":0},"end":{"line":48,"column":22}},"48":{"start":{"line":49,"column":0},"end":{"line":49,"column":25}},"49":{"start":{"line":50,"column":0},"end":{"line":50,"column":24}},"50":{"start":{"line":51,"column":0},"end":{"line":51,"column":55}},"51":{"start":{"line":52,"column":0},"end":{"line":52,"column":25}},"52":{"start":{"line":53,"column":0},"end":{"line":53,"column":8}},"53":{"start":{"line":54,"column":0},"end":{"line":54,"column":5}},"55":{"start":{"line":56,"column":0},"end":{"line":56,"column":12}},"56":{"start":{"line":57,"column":0},"end":{"line":57,"column":20}},"57":{"start":{"line":58,"column":0},"end":{"line":58,"column":50}},"58":{"start":{"line":59,"column":0},"end":{"line":59,"column":5}},"59":{"start":{"line":60,"column":0},"end":{"line":60,"column":24}},"60":{"start":{"line":61,"column":0},"end":{"line":61,"column":27}},"61":{"start":{"line":62,"column":0},"end":{"line":62,"column":17}},"62":{"start":{"line":63,"column":0},"end":{"line":63,"column":5}},"63":{"start":{"line":64,"column":0},"end":{"line":64,"column":23}},"64":{"start":{"line":65,"column":0},"end":{"line":65,"column":22}},"65":{"start":{"line":66,"column":0},"end":{"line":66,"column":45}},"66":{"start":{"line":67,"column":0},"end":{"line":67,"column":17}},"67":{"start":{"line":68,"column":0},"end":{"line":68,"column":6}},"68":{"start":{"line":69,"column":0},"end":{"line":69,"column":3}},"69":{"start":{"line":70,"column":0},"end":{"line":70,"column":2}}},"s":{"0":1,"1":1,"3":1,"4":5,"5":5,"7":5,"8":1,"9":1,"10":1,"11":1,"12":1,"14":4,"15":5,"16":1,"17":1,"18":1,"19":1,"20":1,"23":3,"24":3,"25":3,"26":3,"27":3,"29":5,"30":1,"31":1,"32":1,"33":1,"34":1,"35":1,"36":2,"38":2,"40":2,"41":2,"42":2,"43":2,"44":2,"45":2,"47":5,"48":1,"49":1,"50":1,"51":1,"52":1,"53":1,"55":1,"56":1,"57":1,"58":1,"59":1,"60":1,"61":1,"62":1,"63":0,"64":0,"65":0,"66":0,"67":0,"68":0,"69":5},"branchMap":{"0":{"type":"branch","line":4,"loc":{"start":{"line":4,"column":34},"end":{"line":70,"column":2}},"locations":[{"start":{"line":4,"column":34},"end":{"line":70,"column":2}}]},"1":{"type":"branch","line":8,"loc":{"start":{"line":8,"column":13},"end":{"line":13,"column":3}},"locations":[{"start":{"line":8,"column":13},"end":{"line":13,"column":3}}]},"2":{"type":"branch","line":13,"loc":{"start":{"line":13,"column":2},"end":{"line":16,"column":23}},"locations":[{"start":{"line":13,"column":2},"end":{"line":16,"column":23}}]},"3":{"type":"branch","line":16,"loc":{"start":{"line":16,"column":23},"end":{"line":21,"column":3}},"locations":[{"start":{"line":16,"column":23},"end":{"line":21,"column":3}}]},"4":{"type":"branch","line":21,"loc":{"start":{"line":21,"column":2},"end":{"line":30,"column":22}},"locations":[{"start":{"line":21,"column":2},"end":{"line":30,"column":22}}]},"5":{"type":"branch","line":30,"loc":{"start":{"line":30,"column":6},"end":{"line":30,"column":36}},"locations":[{"start":{"line":30,"column":6},"end":{"line":30,"column":36}}]},"6":{"type":"branch","line":30,"loc":{"start":{"line":30,"column":36},"end":{"line":36,"column":3}},"locations":[{"start":{"line":30,"column":36},"end":{"line":36,"column":3}}]},"7":{"type":"branch","line":36,"loc":{"start":{"line":36,"column":2},"end":{"line":48,"column":21}},"locations":[{"start":{"line":36,"column":2},"end":{"line":48,"column":21}}]},"8":{"type":"branch","line":48,"loc":{"start":{"line":48,"column":21},"end":{"line":69,"column":3}},"locations":[{"start":{"line":48,"column":21},"end":{"line":69,"column":3}}]},"9":{"type":"branch","line":63,"loc":{"start":{"line":63,"column":4},"end":{"line":69,"column":3}},"locations":[{"start":{"line":63,"column":4},"end":{"line":69,"column":3}}]}},"b":{"0":[5],"1":[1],"2":[4],"3":[1],"4":[3],"5":[2],"6":[1],"7":[2],"8":[1],"9":[0]},"fnMap":{},"f":{}}
,"/Users/kylene/Documents/spm-proj/server/api/notifications/[id]/index.get.ts": {"path":"/Users/kylene/Documents/spm-proj/server/api/notifications/[id]/index.get.ts","all":false,"statementMap":{"0":{"start":{"line":1,"column":0},"end":{"line":1,"column":68}},"1":{"start":{"line":2,"column":0},"end":{"line":2,"column":80}},"3":{"start":{"line":4,"column":0},"end":{"line":4,"column":52}},"4":{"start":{"line":5,"column":0},"end":{"line":5,"column":57}},"5":{"start":{"line":6,"column":0},"end":{"line":6,"column":46}},"7":{"start":{"line":8,"column":0},"end":{"line":8,"column":14}},"8":{"start":{"line":9,"column":0},"end":{"line":9,"column":23}},"9":{"start":{"line":10,"column":0},"end":{"line":10,"column":22}},"10":{"start":{"line":11,"column":0},"end":{"line":11,"column":60}},"11":{"start":{"line":12,"column":0},"end":{"line":12,"column":6}},"12":{"start":{"line":13,"column":0},"end":{"line":13,"column":3}},"14":{"start":{"line":15,"column":0},"end":{"line":15,"column":52}},"15":{"start":{"line":16,"column":0},"end":{"line":16,"column":24}},"16":{"start":{"line":17,"column":0},"end":{"line":17,"column":23}},"17":{"start":{"line":18,"column":0},"end":{"line":18,"column":22}},"18":{"start":{"line":19,"column":0},"end":{"line":19,"column":50}},"19":{"start":{"line":20,"column":0},"end":{"line":20,"column":6}},"20":{"start":{"line":21,"column":0},"end":{"line":21,"column":3}},"23":{"start":{"line":24,"column":0},"end":{"line":24,"column":67}},"24":{"start":{"line":25,"column":0},"end":{"line":25,"column":18}},"25":{"start":{"line":26,"column":0},"end":{"line":26,"column":17}},"26":{"start":{"line":27,"column":0},"end":{"line":27,"column":27}},"27":{"start":{"line":28,"column":0},"end":{"line":28,"column":13}},"29":{"start":{"line":30,"column":0},"end":{"line":30,"column":37}},"30":{"start":{"line":31,"column":0},"end":{"line":31,"column":23}},"31":{"start":{"line":32,"column":0},"end":{"line":32,"column":22}},"32":{"start":{"line":33,"column":0},"end":{"line":33,"column":48}},"33":{"start":{"line":34,"column":0},"end":{"line":34,"column":24}},"34":{"start":{"line":35,"column":0},"end":{"line":35,"column":6}},"35":{"start":{"line":36,"column":0},"end":{"line":36,"column":3}},"36":{"start":{"line":37,"column":0},"end":{"line":37,"column":59}},"38":{"start":{"line":39,"column":0},"end":{"line":39,"column":7}},"40":{"start":{"line":41,"column":0},"end":{"line":41,"column":68}},"41":{"start":{"line":42,"column":0},"end":{"line":42,"column":28}},"42":{"start":{"line":43,"column":0},"end":{"line":43,"column":29}},"43":{"start":{"line":44,"column":0},"end":{"line":44,"column":31}},"44":{"start":{"line":45,"column":0},"end":{"line":45,"column":37}},"45":{"start":{"line":46,"column":0},"end":{"line":46,"column":15}},"47":{"start":{"line":48,"column":0},"end":{"line":48,"column":38}},"48":{"start":{"line":49,"column":0},"end":{"line":49,"column":25}},"49":{"start":{"line":50,"column":0},"end":{"line":50,"column":24}},"50":{"start":{"line":51,"column":0},"end":{"line":51,"column":47}},"51":{"start":{"line":52,"column":0},"end":{"line":52,"column":8}},"52":{"start":{"line":53,"column":0},"end":{"line":53,"column":5}},"55":{"start":{"line":56,"column":0},"end":{"line":56,"column":58}},"56":{"start":{"line":57,"column":0},"end":{"line":57,"column":28}},"57":{"start":{"line":58,"column":0},"end":{"line":58,"column":32}},"58":{"start":{"line":59,"column":0},"end":{"line":59,"column":31}},"59":{"start":{"line":60,"column":0},"end":{"line":60,"column":37}},"61":{"start":{"line":62,"column":0},"end":{"line":62,"column":22}},"62":{"start":{"line":63,"column":0},"end":{"line":63,"column":25}},"63":{"start":{"line":64,"column":0},"end":{"line":64,"column":24}},"64":{"start":{"line":65,"column":0},"end":{"line":65,"column":61}},"65":{"start":{"line":66,"column":0},"end":{"line":66,"column":25}},"66":{"start":{"line":67,"column":0},"end":{"line":67,"column":8}},"67":{"start":{"line":68,"column":0},"end":{"line":68,"column":5}},"69":{"start":{"line":70,"column":0},"end":{"line":70,"column":12}},"70":{"start":{"line":71,"column":0},"end":{"line":71,"column":20}},"71":{"start":{"line":72,"column":0},"end":{"line":72,"column":44}},"72":{"start":{"line":73,"column":0},"end":{"line":73,"column":5}},"73":{"start":{"line":74,"column":0},"end":{"line":74,"column":24}},"74":{"start":{"line":75,"column":0},"end":{"line":75,"column":27}},"75":{"start":{"line":76,"column":0},"end":{"line":76,"column":17}},"76":{"start":{"line":77,"column":0},"end":{"line":77,"column":5}},"77":{"start":{"line":78,"column":0},"end":{"line":78,"column":23}},"78":{"start":{"line":79,"column":0},"end":{"line":79,"column":22}},"79":{"start":{"line":80,"column":0},"end":{"line":80,"column":45}},"80":{"start":{"line"
[...]
:{"line":161,"column":0},"end":{"line":161,"column":24}},"161":{"start":{"line":162,"column":0},"end":{"line":162,"column":34}},"162":{"start":{"line":163,"column":0},"end":{"line":163,"column":36}},"163":{"start":{"line":164,"column":0},"end":{"line":164,"column":34}},"164":{"start":{"line":165,"column":0},"end":{"line":165,"column":40}},"165":{"start":{"line":166,"column":0},"end":{"line":166,"column":40}},"166":{"start":{"line":167,"column":0},"end":{"line":167,"column":40}},"167":{"start":{"line":168,"column":0},"end":{"line":168,"column":14}},"168":{"start":{"line":169,"column":0},"end":{"line":169,"column":32}},"169":{"start":{"line":170,"column":0},"end":{"line":170,"column":44}},"170":{"start":{"line":171,"column":0},"end":{"line":171,"column":19}},"171":{"start":{"line":172,"column":0},"end":{"line":172,"column":7}},"172":{"start":{"line":173,"column":0},"end":{"line":173,"column":5}},"175":{"start":{"line":176,"column":0},"end":{"line":176,"column":70}},"176":{"start":{"line":177,"column":0},"end":{"line":177,"column":22}},"178":{"start":{"line":179,"column":0},"end":{"line":179,"column":50}},"179":{"start":{"line":180,"column":0},"end":{"line":180,"column":33}},"180":{"start":{"line":181,"column":0},"end":{"line":181,"column":41}},"181":{"start":{"line":182,"column":0},"end":{"line":182,"column":40}},"182":{"start":{"line":183,"column":0},"end":{"line":183,"column":92}},"184":{"start":{"line":185,"column":0},"end":{"line":185,"column":46}},"186":{"start":{"line":187,"column":0},"end":{"line":187,"column":43}},"187":{"start":{"line":188,"column":0},"end":{"line":188,"column":42}},"188":{"start":{"line":189,"column":0},"end":{"line":189,"column":21}},"189":{"start":{"line":190,"column":0},"end":{"line":190,"column":27}},"190":{"start":{"line":191,"column":0},"end":{"line":191,"column":42}},"191":{"start":{"line":192,"column":0},"end":{"line":192,"column":27}},"192":{"start":{"line":193,"column":0},"end":{"line":193,"column":30}},"193":{"start":{"line":194,"column":0},"end":{"line":194,"column":25}},"194":{"start":{"line":195,"column":0},"end":{"line":195,"column":35}},"195":{"start":{"line":196,"column":0},"end":{"line":196,"column":11}},"196":{"start":{"line":197,"column":0},"end":{"line":197,"column":9}},"197":{"start":{"line":198,"column":0},"end":{"line":198,"column":7}},"198":{"start":{"line":199,"column":0},"end":{"line":199,"column":5}},"200":{"start":{"line":201,"column":0},"end":{"line":201,"column":12}},"201":{"start":{"line":202,"column":0},"end":{"line":202,"column":20}},"202":{"start":{"line":203,"column":0},"end":{"line":203,"column":33}},"203":{"start":{"line":204,"column":0},"end":{"line":204,"column":5}},"205":{"start":{"line":206,"column":0},"end":{"line":206,"column":24}},"206":{"start":{"line":207,"column":0},"end":{"line":207,"column":27}},"207":{"start":{"line":208,"column":0},"end":{"line":208,"column":17}},"208":{"start":{"line":209,"column":0},"end":{"line":209,"column":5}},"209":{"start":{"line":210,"column":0},"end":{"line":210,"column":23}},"210":{"start":{"line":211,"column":0},"end":{"line":211,"column":22}},"211":{"start":{"line":212,"column":0},"end":{"line":212,"column":45}},"212":{"start":{"line":213,"column":0},"end":{"line":213,"column":17}},"213":{"start":{"line":214,"column":0},"end":{"line":214,"column":6}},"214":{"start":{"line":215,"column":0},"end":{"line":215,"column":3}},"215":{"start":{"line":216,"column":0},"end":{"line":216,"column":2}}},"s":{"0":1,"1":1,"2":1,"4":1,"28":1,"29":11,"30":11,"32":11,"33":1,"34":1,"35":1,"36":1,"37":1,"39":10,"40":11,"41":1,"42":1,"43":1,"44":1,"45":1,"47":9,"50":11,"51":1,"52":1,"53":1,"54":1,"55":1,"57":11,"58":1,"59":1,"60":1,"61":1,"62":1,"64":7,"66":7,"67":7,"68":7,"69":7,"70":7,"71":7,"73":11,"74":1,"75":1,"76":1,"77":1,"78":1,"81":5,"82":5,"83":5,"84":5,"85":5,"87":11,"88":1,"89":1,"90":1,"91":1,"92":1,"94":4,"95":4,"98":4,"99":4,"100":4,"101":4,"102":4,"106":4,"108":11,"109":1,"110":1,"111":1,"112":1,"113":1,"116":11,"117":3,"118":11,"120":11,"121":1,"122":1,"123":1,"124":1,"125":1,"128":2,"129":2,"130":2,"131":2,"132":2,"133":2,"134":2,"135":2,"147":2,"148":2,"150":11,"151":1,"152":1,"153":1,"154":1,"155":1,"156":1,"159":1,"160":1,"161":1,"162":1,"163":1,"164":1,"165":1,"166":1,"167":1,"168":1,"169":1,"170":1,"171":1,"172":1,"175":1,"176":1,"178":1,"179":1,"180":1,"181":1,"182":1,"184":1,"186":1,"187":2,"188":2,"189":2,"190":2,"191":2,"192":2,"193":2,"194":2,"195":2,"196":2,"197":1,"198":1,"200":1,"201":1,"202":1,"203":1,"205":11,"206":6,"207":5,"208":5,"209":1,"210":1,"211":1,"212":1,"213":1,"214":1,"215":11},"branchMap":{"0":{"type":"branch","line":29,"loc":{"start":{"line":29,"column":34},"end":{"line":216,"column":2}},"locations":[{"start":{"line":29,"column":34},"end":{"line":216,"column":2}}]},"1":{"type":"branch","line":33,"loc":{"start":{"line":33,"column":13},"end":{"line":38,"column":3}},"locations":[{"start":{"line":33,"column":13},"end":{"line":38,"column":3}}]},"2":{"type":"branch","line":38,"loc":{"start":{"line":38,"column":2},"end":{"line":41,"column":15}},"locations":[{"start":{"line":38,"column":2},"end":{"line":41,"column":15}}]},"3":{"type":"branch","line":41,"loc":{"start":{"line":41,"column":15},"end":{"line":46,"column":3}},"locations":[{"start":{"line":41,"column":15},"end":{"line":46,"column":3}}]},"4":{"type":"branch","line":46,"loc":{"start":{"line":46,"column":2},"end":{"line":51,"column":57}},"locations":[{"start":{"line":46,"column":2},"end":{"line":51,"column":57}}]},"5":{"type":"branch","line":51,"loc":{"start":{"line":51,"column":57},"end":{"line":56,"column":3}},"locations":[{"start":{"line":51,"column":57},"end":{"line":56,"column":3}}]},"6":{"type":"branch","line":56,"loc":{"start":{"line":56,"column":2},"end":{"line":58,"column":34}},"locations":[{"start":{"line":56,"column":2},"end":{"line":58,"column":34}}]},"7":{"type":"branch","line":58,"loc":{"start":{"line":58,"column":34},"end":{"line":63,"column":3}},"locations":[{"start":{"line":58,"column":34},"end":{"line":63,"column":3}}]},"8":{"type":"branch","line":63,"loc":{"start":{"line":63,"column":2},"end":{"line":72,"column":60}},"locations":[{"start":{"line":63,"column":2},"end":{"line":72,"column":60}}]},"9":{"type":"branch","line":72,"loc":{"start":{"line":72,"column":14},"end":{"line":74,"column":21}},"locations":[{"start":{"line":72,"column":14},"end":{"line":74,"column":21}}]},"10":{"type":"branch","line":74,"loc":{"start":{"line":74,"column":8},"end":{"line":74,"column":28}},"locations":[{"start":{"line":74,"column":8},"end":{"line":74,"column":28}}]},"11":{"type":"branch","line":74,"loc":{"start":{"line":74,"column":28},"end":{"line":79,"column":5}},"locations":[{"start":{"line":74,"column":28},"end":{"line":79,"column":5}}]},"12":{"type":"branch","line":79,"loc":{"start":{"line":79,"column":4},"end":{"line":88,"column":22}},"locations":[{"start":{"line":79,"column":4},"end":{"line":88,"column":22}}]},"13":{"type":"branch","line":88,"loc":{"start":{"line":88,"column":8},"end":{"line":88,"column":34}},"locations":[{"start":{"line":88,"column":8},"end":{"line":88,"column":34}}]},"14":{"type":"branch","line":88,"loc":{"start":{"line":88,"column":34},"end":{"line":93,"column":5}},"locations":[{"start":{"line":88,"column":34},"end":{"line":93,"column":5}}]},"15":{"type":"branch","line":93,"loc":{"start":{"line":93,"column":4},"end":{"line":109,"column":38}},"locations":[{"start":{"line":93,"column":4},"end":{"line":109,"column":38}}]},"16":{"type":"branch","line":109,"loc":{"start":{"line":109,"column":38},"end":{"line":114,"column":5}},"locations":[{"start":{"line":109,"column":38},"end":{"line":114,"column":5}}]},"17":{"type":"branch","line":114,"loc":{"start":{"line":114,"column":4},"end":{"line":117,"column":50}},"locations":[{"start":{"line":114,"column":4},"end":{"line":117,"column":50}}]},"18":{"type":"branch","line":121,"loc":{"start":{"line":121,"column":29},"end":{"line":126,"column":5}},"locations":[{"start":{"line":121,"column":29},"end":{"line":126,"column":5}}]},"19":{"type":"branch","line":126,"loc":{"start":{"line":126,"column":4},"end":{"line":151,"column":24}},"locations":[{"start":{"line":126,"column":4},"end":{"line":151,"column":24}}]},"20":{"type":"branch","line":151,"loc":{"start":{"line":151,"column":8},"end":{"line":151,"column":37}},"locations":[{"start":{"line":151,"column":8},"end":{"line":151,"column":37}}]},"21":{"type":"branch","line":151,"loc":{"start":{"line":151,"column":37},"end":{"line":206,"column":11}},"locations":[{"start":{"line":151,"column":37},"end":{"line":206,"column":11}}]},"22":{"type":"branch","line":187,"loc":{"start":{"line":187,"column":42},"end":{"line":197,"column":9}},"locations":[{"start":{"line":187,"column":42},"end":{"line":197,"column":9}}]},"23":{"type":"branch","line":206,"loc":{"start":{"line":206,"column":2},"end":{"line":215,"column":3}},"locations":[{"start":{"line":206,"column":2},"end":{"line":215,"column":3}}]},"24":{"type":"branch","line":207,"loc":{"start":{"line":207,"column":26},"end":{"line":209,"column":5}},"locations":[{"start":{"line":207,"column":26},"end":{"line":209,"column":5}}]},"25":{"type":"branch","line":209,"loc":{"start":{"line":209,"column":4},"end":{"line":215,"column":3}},"locations":[{"start":{"line":209,"column":4},"end":{"line":215,"column":3}}]},"26":{"type":"branch","line":117,"loc":{"start":{"line":117,"column":50},"end":{"line":118,"column":56}},"locations":[{"start":{"line":117,"column":50},"end":{"line":118,"column":56}}]}},"b":{"0":[11],"1":[1],"2":[10],"3":[1],"4":[9],"5":[1],"6":[8],"7":[1],"8":[7],"9":[6],"10":[5],"11":[1],"12":[5],"13":[4],"14":[1],"15":[4],"16":[1],"17":[3],"18":[1],"19":[2],"20":[1],"21":[1],"22":[2],"23":[6],"24":[5],"25":[1],"26":[3]},"fnMap":{},"f":{}}
,"/Users/kylene/Documents/spm-proj/server/api/update-password/update-password.post.ts": {"path":"/Users/kylene/Documents/spm-proj/server/api/update-password/update-password.post.ts","all":false,"statementMap":{"0":{"start":{"line":1,"column":0},"end":{"line":1,"column":62}},"1":{"start":{"line":2,"column":0},"end":{"line":2,"column":55}},"9":{"start":{"line":10,"column":0},"end":{"line":10,"column":52}},"10":{"start":{"line":11,"column":0},"end":{"line":11,"column":100}},"12":{"start":{"line":13,"column":0},"end":{"line":13,"column":22}},"13":{"start":{"line":14,"column":0},"end":{"line":14,"column":23}},"14":{"start":{"line":15,"column":0},"end":{"line":15,"column":22}},"15":{"start":{"line":16,"column":0},"end":{"line":16,"column":49}},"16":{"start":{"line":17,"column":0},"end":{"line":17,"column":6}},"17":{"start":{"line":18,"column":0},"end":{"line":18,"column":3}},"19":{"start":{"line":20,"column":0},"end":{"line":20,"column":50}},"20":{"start":{"line":21,"column":0},"end":{"line":21,"column":23}},"21":{"start":{"line":22,"column":0},"end":{"line":22,"column":22}},"22":{"start":{"line":23,"column":0},"end":{"line":23,"column":49}},"23":{"start":{"line":24,"column":0},"end":{"line":24,"column":6}},"24":{"start":{"line":25,"column":0},"end":{"line":25,"column":3}},"26":{"start":{"line":27,"column":0},"end":{"line":27,"column":38}},"27":{"start":{"line":28,"column":0},"end":{"line":28,"column":23}},"28":{"start":{"line":29,"column":0},"end":{"line":29,"column":22}},"29":{"start":{"line":30,"column":0},"end":{"line":30,"column":47}},"30":{"start":{"line":31,"column":0},"end":{"line":31,"column":6}},"31":{"start":{"line":32,"column":0},"end":{"line":32,"column":3}},"33":{"start":{"line":34,"column":0},"end":{"line":34,"column":28}},"34":{"start":{"line":35,"column":0},"end":{"line":35,"column":23}},"35":{"start":{"line":36,"column":0},"end":{"line":36,"column":22}},"36":{"start":{"line":37,"column":0},"end":{"line":37,"column":68}},"37":{"start":{"line":38,"column":0},"end":{"line":38,"column":6}},"38":{"start":{"line":39,"column":0},"end":{"line":39,"column":3}},"40":{"start":{"line":41,"column":0},"end":{"line":41,"column":52}},"42":{"start":{"line":43,"column":0},"end":{"line":43,"column":18}},"43":{"start":{"line":44,"column":0},"end":{"line":44,"column":23}},"44":{"start":{"line":45,"column":0},"end":{"line":45,"column":22}},"45":{"start":{"line":46,"column":0},"end":{"line":46,"column":65}},"46":{"start":{"line":47,"column":0},"end":{"line":47,"column":6}},"47":{"start":{"line":48,"column":0},"end":{"line":48,"column":3}},"49":{"start":{"line":50,"column":0},"end":{"line":50,"column":52}},"50":{"start":{"line":51,"column":0},"end":{"line":51,"column":13}},"51":{"start":{"line":52,"column":0},"end":{"line":52,"column":17}},"52":{"start":{"line":53,"column":0},"end":{"line":53,"column":11}},"54":{"start":{"line":55,"column":0},"end":{"line":55,"column":14}},"55":{"start":{"line":56,"column":0},"end":{"line":56,"column":23}},"56":{"start":{"line":57,"column":0},"end":{"line":57,"column":38}},"57":{"start":{"line":58,"column":0},"end":{"line":58,"column":67}},"58":{"start":{"line":59,"column":0},"end":{"line":59,"column":6}},"59":{"start":{"line":60,"column":0},"end":{"line":60,"column":3}},"61":{"start":{"line":62,"column":0},"end":{"line":62,"column":10}},"62":{"start":{"line":63,"column":0},"end":{"line":63,"column":18}},"63":{"start":{"line":64,"column":0},"end":{"line":64,"column":46}},"64":{"start":{"line":65,"column":0},"end":{"line":65,"column":3}},"65":{"start":{"line":66,"column":0},"end":{"line":66,"column":2}}},"s":{"0":1,"1":1,"9":1,"10":7,"12":7,"13":1,"14":1,"15":1,"16":1,"17":1,"19":7,"20":1,"21":1,"22":1,"23":1,"24":1,"26":7,"27":1,"28":1,"29":1,"30":1,"31":1,"33":7,"34":1,"35":1,"36":1,"37":1,"38":1,"40":3,"42":7,"43":1,"44":1,"45":1,"46":1,"47":1,"49":2,"50":2,"51":2,"52":2,"54":7,"55":1,"56":1,"57":1,"58":1,"59":1,"61":1,"62":1,"63":1,"64":1,"65":1},"branchMap":{"0":{"type":"branch","line":10,"loc":{"start":{"line":10,"column":34},"end":{"line":66,"column":2}},"locations":[{"start":{"line":10,"column":34},"end":{"line":66,"column":2}}]},"1":{"type":"branch","line":13,"loc":{"start":{"line":13,"column":21},"end":{"line":18,"column":3}},"locations":[{"start":{"line":13,"column":21},"end":{"line":18,"column":3}}]},"2":{"type":"branch","line":18,"loc":{"start":{"line":18,"column":2},"end":{"line":20,"column":19}},"locations":[{"start":{"line":18,"column":2},"end":{"line":20,"column":19}}]},"3":{"type":"branch","line":20,"loc":{"start":{"line":20,"column":7},"end":{"line":20,"column":49}},"locations":[{"start":{"line":20,"column":7},"end":{"line":20,"column":49}}]},"4":{"type":"branch","line":20,"loc":{"start":{"line":20,"column":49},"end":{"line":25,"column":3}},"locations":[{"start":{"line":20,"column":49},"end":{"line":25,"column":3}}]},"5":{"type":"branch","line":25,"loc":{"start":{"line":25,"column":2},"end":{"line":27,"column":37}},"locations":[{"start":{"line":25,"column":2},"end":{"line":27,"column":37}}]},"6":{"type":"branch","line":27,"loc":{"start":{"line":27,"column":37},"end":{"line":32,"column":3}},"locations":[{"start":{"line":27,"column":37},"end":{"line":32,"column":3}}]},"7":{"type":"branch","line":32,"loc":{"start":{"line":32,"column":2},"end":{"line":34,"column":27}},"locations":[{"start":{"line":32,"column":2},"end":{"line":34,"column":27}}]},"8":{"type":"branch","line":34,"loc":{"start":{"line":34,"column":27},"end":{"line":39,"column":3}},"locations":[{"start":{"line":34,"column":27},"end":{"line":39,"column":3}}]},"9":{"type":"branch","line":39,"loc":{"start":{"line":39,"column":2},"end":{"line":43,"column":17}},"locations":[{"start":{"line":39,"column":2},"end":{"line":43,"column":17}}]},"10":{"type":"branch","line":43,"loc":{"start":{"line":43,"column":17},"end":{"line":48,"column":3}},"locations":[{"start":{"line":43,"column":17},"end":{"line":48,"column":3}}]},"11":{"type":"branch","line":48,"loc":{"start":{"line":48,"column":2},"end":{"line":55,"column":13}},"locations":[{"start":{"line":48,"column":2},"end":{"line":55,"column":13}}]},"12":{"type":"branch","line":55,"loc":{"start":{"line":55,"column":13},"end":{"line":66,"column":2}},"locations":[{"start":{"line":55,"column":13},"end":{"line":66,"column":2}}]},"13":{"type":"branch","line":57,"loc":{"start":{"line":57,"column":24},"end":{"line":57,"column":38}},"locations":[{"start":{"line":57,"column":24},"end":{"line":57,"column":38}}]},"14":{"type":"branch","line":58,"loc":{"start":{"line":58,"column":27},"end":{"line":58,"column":67}},"locations":[{"start":{"line":58,"column":27},"end":{"line":58,"column":67}}]}},"b":{"0":[7],"1":[1],"2":[6],"3":[5],"4":[1],"5":[5],"6":[1],"7":[4],"8":[1],"9":[3],"10":[1],"11":[2],"12":[1],"13":[0],"14":[0]},"fnMap":{},"f":{}}
,"/Users/kylene/Documents/spm-proj/server/api/user/me.get.ts": {"path":"/Users/kylene/Documents/spm-proj/server/api/user/me.get.ts","all":false,"statementMap":{"0":{"start":{"line":1,"column":0},"end":{"line":1,"column":52}},"1":{"start":{"line":2,"column":0},"end":{"line":2,"column":80}},"3":{"start":{"line":4,"column":0},"end":{"line":4,"column":52}},"4":{"start":{"line":5,"column":0},"end":{"line":5,"column":59}},"7":{"start":{"line":8,"column":0},"end":{"line":8,"column":48}},"8":{"start":{"line":9,"column":0},"end":{"line":9,"column":28}},"9":{"start":{"line":10,"column":0},"end":{"line":10,"column":82}},"10":{"start":{"line":11,"column":0},"end":{"line":11,"column":5}},"12":{"start":{"line":13,"column":0},"end":{"line":13,"column":64}},"13":{"start":{"line":14,"column":0},"end":{"line":14,"column":22}},"14":{"start":{"line":15,"column":0},"end":{"line":15,"column":65}},"15":{"start":{"line":16,"column":0},"end":{"line":16,"column":31}},"16":{"start":{"line":17,"column":0},"end":{"line":17,"column":154}},"18":{"start":{"line":19,"column":0},"end":{"line":19,"column":93}},"19":{"start":{"line":20,"column":0},"end":{"line":20,"column":121}},"21":{"start":{"line":22,"column":0},"end":{"line":22,"column":13}},"22":{"start":{"line":23,"column":0},"end":{"line":23,"column":24}},"23":{"start":{"line":24,"column":0},"end":{"line":24,"column":36}},"24":{"start":{"line":25,"column":0},"end":{"line":25,"column":34}},"25":{"start":{"line":26,"column":0},"end":{"line":26,"column":41}},"26":{"start":{"line":27,"column":0},"end":{"line":27,"column":37}},"27":{"start":{"line":28,"column":0},"end":{"line":28,"column":39}},"28":{"start":{"line":29,"column":0},"end":{"line":29,"column":5}},"29":{"start":{"line":30,"column":0},"end":{"line":30,"column":2}}},"s":{"0":1,"1":1,"3":1,"4":4,"7":4,"8":4,"9":1,"10":1,"12":3,"13":3,"14":3,"15":3,"16":3,"18":4,"19":4,"21":1,"22":1,"23":1,"24":4,"25":4,"26":4,"27":4,"28":4,"29":4},"branchMap":{"0":{"type":"branch","line":4,"loc":{"start":{"line":4,"column":34},"end":{"line":30,"column":2}},"locations":[{"start":{"line":4,"column":34},"end":{"line":30,"column":2}}]},"1":{"type":"branch","line":9,"loc":{"start":{"line":9,"column":9},"end":{"line":9,"column":27}},"locations":[{"start":{"line":9,"column":9},"end":{"line":9,"column":27}}]},"2":{"type":"branch","line":9,"loc":{"start":{"line":9,"column":27},"end":{"line":11,"column":5}},"locations":[{"start":{"line":9,"column":27},"end":{"line":11,"column":5}}]},"3":{"type":"branch","line":11,"loc":{"start":{"line":11,"column":4},"end":{"line":19,"column":26}},"locations":[{"start":{"line":11,"column":4},"end":{"line":19,"column":26}}]},"4":{"type":"branch","line":19,"loc":{"start":{"line":19,"column":20},"end":{"line":19,"column":93}},"locations":[{"start":{"line":19,"column":20},"end":{"line":19,"column":93}}]},"5":{"type":"branch","line":19,"loc":{"start":{"line":19,"column":92},"end":{"line":20,"column":25}},"locations":[{"start":{"line":19,"column":92},"end":{"line":20,"column":25}}]},"6":{"type":"branch","line":20,"loc":{"start":{"line":20,"column":19},"end":{"line":25,"column":29}},"locations":[{"start":{"line":20,"column":19},"end":{"line":25,"column":29}}]},"7":{"type":"branch","line":25,"loc":{"start":{"line":25,"column":20},"end":{"line":25,"column":34}},"locations":[{"start":{"line":25,"column":20},"end":{"line":25,"column":34}}]}},"b":{"0":[4],"1":[3],"2":[1],"3":[3],"4":[1],"5":[2],"6":[1],"7":[0]},"fnMap":{},"f":{}}
}
