{"total": {"lines":{"total":3947,"covered":2914,"skipped":0,"pct":73.82},"statements":{"total":3947,"covered":2914,"skipped":0,"pct":73.82},"functions":{"total":6,"covered":2,"skipped":0,"pct":33.33},"branches":{"total":889,"covered":734,"skipped":0,"pct":82.56},"branchesTrue":{"total":0,"covered":0,"skipped":0,"pct":100}}
,"/Users/kylene/Documents/spm-proj/server/api/admin/archive/index.get.ts": {"lines":{"total":77,"covered":76,"skipped":0,"pct":98.7},"functions":{"total":0,"covered":0,"skipped":0,"pct":100},"statements":{"total":77,"covered":76,"skipped":0,"pct":98.7},"branches":{"total":33,"covered":24,"skipped":0,"pct":72.72}}
,"/Users/kylene/Documents/spm-proj/server/api/admin/users/[id].put.ts": {"lines":{"total":62,"covered":62,"skipped":0,"pct":100},"functions":{"total":0,"covered":0,"skipped":0,"pct":100},"statements":{"total":62,"covered":62,"skipped":0,"pct":100},"branches":{"total":29,"covered":26,"skipped":0,"pct":89.65}}
,"/Users/kylene/Documents/spm-proj/server/api/admin/users/index.get.ts": {"lines":{"total":59,"covered":59,"skipped":0,"pct":100},"functions":{"total":0,"covered":0,"skipped":0,"pct":100},"statements":{"total":59,"covered":59,"skipped":0,"pct":100},"branches":{"total":22,"covered":18,"skipped":0,"pct":81.81}}
,"/Users/kylene/Documents/spm-proj/server/api/assignee/index.post.ts": {"lines":{"total":50,"covered":50,"skipped":0,"pct":100},"functions":{"total":0,"covered":0,"skipped":0,"pct":100},"statements":{"total":50,"covered":50,"skipped":0,"pct":100},"branches":{"total":23,"covered":22,"skipped":0,"pct":95.65}}
,"/Users/kylene/Documents/spm-proj/server/api/forgot-password/forgot-password.post.ts": {"lines":{"total":29,"covered":29,"skipped":0,"pct":100},"functions":{"total":0,"covered":0,"skipped":0,"pct":100},"statements":{"total":29,"covered":29,"skipped":0,"pct":100},"branches":{"total":4,"covered":4,"skipped":0,"pct":100}}
,"/Users/kylene/Documents/spm-proj/server/api/login/login.post.ts": {"lines":{"total":44,"covered":44,"skipped":0,"pct":100},"functions":{"total":0,"covered":0,"skipped":0,"pct":100},"statements":{"total":44,"covered":44,"skipped":0,"pct":100},"branches":{"total":9,"covered":9,"skipped":0,"pct":100}}
,"/Users/kylene/Documents/spm-proj/server/api/logout/logout.post.ts": {"lines":{"total":16,"covered":16,"skipped":0,"pct":100},"functions":{"total":0,"covered":0,"skipped":0,"pct":100},"statements":{"total":16,"covered":16,"skipped":0,"pct":100},"branches":{"total":5,"covered":5,"skipped":0,"pct":100}}
,"/Users/kylene/Documents/spm-proj/server/api/notifications/delete-all-read.post.ts": {"lines":{"total":53,"covered":53,"skipped":0,"pct":100},"functions":{"total":0,"covered":0,"skipped":0,"pct":100},"statements":{"total":53,"covered":53,"skipped":0,"pct":100},"branches":{"total":10,"covered":10,"skipped":0,"pct":100}}
,"/Users/kylene/Documents/spm-proj/server/api/notifications/index.get.ts": {"lines":{"total":54,"covered":54,"skipped":0,"pct":100},"functions":{"total":0,"covered":0,"skipped":0,"pct":100},"statements":{"total":54,"covered":54,"skipped":0,"pct":100},"branches":{"total":11,"covered":10,"skipped":0,"pct":90.9}}
,"/Users/kylene/Documents/spm-proj/server/api/notifications/read-all.post.ts": {"lines":{"total":52,"covered":52,"skipped":0,"pct":100},"functions":{"total":0,"covered":0,"skipped":0,"pct":100},"statements":{"total":52,"covered":52,"skipped":0,"pct":100},"branches":{"total":10,"covered":10,"skipped":0,"pct":100}}
,"/Users/kylene/Documents/spm-proj/server/api/notifications/[id]/index.delete.ts": {"lines":{"total":60,"covered":54,"skipped":0,"pct":90},"functions":{"total":0,"covered":0,"skipped":0,"pct":100},"statements":{"total":60,"covered":54,"skipped":0,"pct":90},"branches":{"total":10,"covered":9,"skipped":0,"pct":90}}
,"/Users/kylene/Documents/spm-proj/server/api/notifications/[id]/index.get.ts": {"lines":{"total":71,"covered":65,"skipped":0,"pct":91.54},"functions":{"total":0,"covered":0,"skipped":0,"pct":100},"statements":{"total":71,"covered":65,"skipped":0,"pct":91.54},"branches":{"total":14,"covered":13,"skipped":0,"pct":92.85}}
,"/Users/kylene/Documents/spm-proj/server/api/projects/[id].delete.ts": {"lines":{"total":91,"covered":84,"skipped":0,"pct":92.3},"functions":{"total":0,"covered":0,"skipped":0,"pct":100},"statements":{"total":91,"covered":84,"skipped":0,"pct":92.3},"branches":{"total":28,"covered":24,"skipped":0,"pct":85.71}}
,"/Users/kylene/Documents/spm-proj/server/api/projects/[id].put.ts": {"lines":{"total":98,"covered":98,"skipped":0,"pct":100},"functions":{"total":0,"covered":0,"skipped":0,"pct":100},"statements":{"total":98,"covered":98,"skipped":0,"pct":100},"branches":{"total":44,"covered":39,"skipped":0,"pct":88.63}}
,"/Users/kylene/Documents/spm-proj/server/api/projects/active.get.ts": {"lines":{"total":66,"covered":66,"skipped":0,"pct":100},"functions":{"total":0,"covered":0,"skipped":0,"pct":100},"statements":{"total":66,"covered":66,"skipped":0,"pct":100},"branches":{"total":27,"covered":27,"skipped":0,"pct":100}}
,"/Users/kylene/Documents/spm-proj/server/api/projects/index.get.ts": {"lines":{"total":67,"covered":67,"skipped":0,"pct":100},"functions":{"total":0,"covered":0,"skipped":0,"pct":100},"statements":{"total":67,"covered":67,"skipped":0,"pct":100},"branches":{"total":27,"covered":27,"skipped":0,"pct":100}}
,"/Users/kylene/Documents/spm-proj/server/api/projects/index.post.ts": {"lines":{"total":114,"covered":108,"skipped":0,"pct":94.73},"functions":{"total":0,"covered":0,"skipped":0,"pct":100},"statements":{"total":114,"covered":108,"skipped":0,"pct":94.73},"branches":{"total":38,"covered":34,"skipped":0,"pct":89.47}}
,"/Users/kylene/Documents/spm-proj/server/api/reports/logged-time.get.ts": {"lines":{"total":208,"covered":0,"skipped":0,"pct":0},"functions":{"total":1,"covered":0,"skipped":0,"pct":0},"statements":{"total":208,"covered":0,"skipped":0,"pct":0},"branches":{"total":1,"covered":0,"skipped":0,"pct":0}}
,"/Users/kylene/Documents/spm-proj/server/api/reports/task-completion.get.ts": {"lines":{"total":207,"covered":0,"skipped":0,"pct":0},"functions":{"total":1,"covered":0,"skipped":0,"pct":0},"statements":{"total":207,"covered":0,"skipped":0,"pct":0},"branches":{"total":1,"covered":0,"skipped":0,"pct":0}}
,"/Users/kylene/Documents/spm-proj/server/api/reports/team-summary.get.ts": {"lines":{"total":234,"covered":0,"skipped":0,"pct":0},"functions":{"total":1,"covered":0,"skipped":0,"pct":0},"statements":{"total":234,"covered":0,"skipped":0,"pct":0},"branches":{"total":1,"covered":0,"skipped":0,"pct":0}}
,"/Users/kylene/Documents/spm-proj/server/api/signup/signup.post.ts": {"lines":{"total":53,"covered":51,"skipped":0,"pct":96.22},"functions":{"total":0,"covered":0,"skipped":0,"pct":100},"statements":{"total":53,"covered":51,"skipped":0,"pct":96.22},"branches":{"total":14,"covered":8,"skipped":0,"pct":57.14}}
,"/Users/kylene/Documents/spm-proj/server/api/staff/index.get.ts": {"lines":{"total":61,"covered":0,"skipped":0,"pct":0},"functions":{"total":1,"covered":0,"skipped":0,"pct":0},"statements":{"total":61,"covered":0,"skipped":0,"pct":0},"branches":{"total":1,"covered":0,"skipped":0,"pct":0}}
,"/Users/kylene/Documents/spm-proj/server/api/tasks/by-project.get.ts": {"lines":{"total":178,"covered":158,"skipped":0,"pct":88.76},"functions":{"total":0,"covered":0,"skipped":0,"pct":100},"statements":{"total":178,"covered":158,"skipped":0,"pct":88.76},"branches":{"total":38,"covered":31,"skipped":0,"pct":81.57}}
,"/Users/kylene/Documents/spm-proj/server/api/tasks/index.get.ts": {"lines":{"total":132,"covered":128,"skipped":0,"pct":96.96},"functions":{"total":0,"covered":0,"skipped":0,"pct":100},"statements":{"total":132,"covered":128,"skipped":0,"pct":96.96},"branches":{"total":30,"covered":25,"skipped":0,"pct":83.33}}
,"/Users/kylene/Documents/spm-proj/server/api/tasks/index.post.ts": {"lines":{"total":181,"covered":157,"skipped":0,"pct":86.74},"functions":{"total":1,"covered":1,"skipped":0,"pct":100},"statements":{"total":181,"covered":157,"skipped":0,"pct":86.74},"branches":{"total":68,"covered":34,"skipped":0,"pct":50}}
,"/Users/kylene/Documents/spm-proj/server/api/tasks/overdue.get.ts": {"lines":{"total":134,"covered":116,"skipped":0,"pct":86.56},"functions":{"total":0,"covered":0,"skipped":0,"pct":100},"statements":{"total":134,"covered":116,"skipped":0,"pct":86.56},"branches":{"total":31,"covered":23,"skipped":0,"pct":74.19}}
,"/Users/kylene/Documents/spm-proj/server/api/tasks/process-recurring-tasks.get.ts": {"lines":{"total":70,"covered":59,"skipped":0,"pct":84.28},"functions":{"total":0,"covered":0,"skipped":0,"pct":100},"statements":{"total":70,"covered":59,"skipped":0,"pct":84.28},"branches":{"total":7,"covered":4,"skipped":0,"pct":57.14}}
,"/Users/kylene/Documents/spm-proj/server/api/tasks/[id]/index.delete.ts": {"lines":{"total":206,"covered":161,"skipped":0,"pct":78.15},"functions":{"total":0,"covered":0,"skipped":0,"pct":100},"statements":{"total":206,"covered":161,"skipped":0,"pct":78.15},"branches":{"total":37,"covered":27,"skipped":0,"pct":72.97}}
,"/Users/kylene/Documents/spm-proj/server/api/tasks/[id]/index.get.ts": {"lines":{"total":211,"covered":189,"skipped":0,"pct":89.57},"functions":{"total":0,"covered":0,"skipped":0,"pct":100},"statements":{"total":211,"covered":189,"skipped":0,"pct":89.57},"branches":{"total":50,"covered":39,"skipped":0,"pct":78}}
,"/Users/kylene/Documents/spm-proj/server/api/tasks/[id]/index.put.ts": {"lines":{"total":446,"covered":295,"skipped":0,"pct":66.14},"functions":{"total":1,"covered":1,"skipped":0,"pct":100},"statements":{"total":446,"covered":295,"skipped":0,"pct":66.14},"branches":{"total":138,"covered":108,"skipped":0,"pct":78.26}}
,"/Users/kylene/Documents/spm-proj/server/api/tasks/[id]/comments/[commentId].delete.ts": {"lines":{"total":88,"covered":88,"skipped":0,"pct":100},"functions":{"total":0,"covered":0,"skipped":0,"pct":100},"statements":{"total":88,"covered":88,"skipped":0,"pct":100},"branches":{"total":22,"covered":22,"skipped":0,"pct":100}}
,"/Users/kylene/Documents/spm-proj/server/api/tasks/[id]/comments/[commentId].put.ts": {"lines":{"total":145,"covered":145,"skipped":0,"pct":100},"functions":{"total":0,"covered":0,"skipped":0,"pct":100},"statements":{"total":145,"covered":145,"skipped":0,"pct":100},"branches":{"total":33,"covered":33,"skipped":0,"pct":100}}
,"/Users/kylene/Documents/spm-proj/server/api/tasks/[id]/comments/index.get.ts": {"lines":{"total":109,"covered":109,"skipped":0,"pct":100},"functions":{"total":0,"covered":0,"skipped":0,"pct":100},"statements":{"total":109,"covered":109,"skipped":0,"pct":100},"branches":{"total":23,"covered":22,"skipped":0,"pct":95.65}}
,"/Users/kylene/Documents/spm-proj/server/api/tasks/[id]/comments/index.post.ts": {"lines":{"total":147,"covered":147,"skipped":0,"pct":100},"functions":{"total":0,"covered":0,"skipped":0,"pct":100},"statements":{"total":147,"covered":147,"skipped":0,"pct":100},"branches":{"total":27,"covered":27,"skipped":0,"pct":100}}
,"/Users/kylene/Documents/spm-proj/server/api/update-password/update-password.post.ts": {"lines":{"total":50,"covered":50,"skipped":0,"pct":100},"functions":{"total":0,"covered":0,"skipped":0,"pct":100},"statements":{"total":50,"covered":50,"skipped":0,"pct":100},"branches":{"total":15,"covered":13,"skipped":0,"pct":86.66}}
,"/Users/kylene/Documents/spm-proj/server/api/user/me.get.ts": {"lines":{"total":24,"covered":24,"skipped":0,"pct":100},"functions":{"total":0,"covered":0,"skipped":0,"pct":100},"statements":{"total":24,"covered":24,"skipped":0,"pct":100},"branches":{"total":8,"covered":7,"skipped":0,"pct":87.5}}
}
