{"total": {"lines":{"total":3856,"covered":3791,"skipped":0,"pct":98.31},"statements":{"total":3856,"covered":3791,"skipped":0,"pct":98.31},"functions":{"total":2,"covered":2,"skipped":0,"pct":100},"branches":{"total":1188,"covered":1081,"skipped":0,"pct":90.99},"branchesTrue":{"total":0,"covered":0,"skipped":0,"pct":100}}
,"/Users/kylene/Documents/spm-proj/server/api/admin/archive/index.get.ts": {"lines":{"total":77,"covered":77,"skipped":0,"pct":100},"functions":{"total":0,"covered":0,"skipped":0,"pct":100},"statements":{"total":77,"covered":77,"skipped":0,"pct":100},"branches":{"total":34,"covered":29,"skipped":0,"pct":85.29}}
,"/Users/kylene/Documents/spm-proj/server/api/admin/users/[id].put.ts": {"lines":{"total":62,"covered":62,"skipped":0,"pct":100},"functions":{"total":0,"covered":0,"skipped":0,"pct":100},"statements":{"total":62,"covered":62,"skipped":0,"pct":100},"branches":{"total":29,"covered":26,"skipped":0,"pct":89.65}}
,"/Users/kylene/Documents/spm-proj/server/api/admin/users/index.get.ts": {"lines":{"total":59,"covered":59,"skipped":0,"pct":100},"functions":{"total":0,"covered":0,"skipped":0,"pct":100},"statements":{"total":59,"covered":59,"skipped":0,"pct":100},"branches":{"total":22,"covered":18,"skipped":0,"pct":81.81}}
,"/Users/kylene/Documents/spm-proj/server/api/assignee/index.post.ts": {"lines":{"total":50,"covered":50,"skipped":0,"pct":100},"functions":{"total":0,"covered":0,"skipped":0,"pct":100},"statements":{"total":50,"covered":50,"skipped":0,"pct":100},"branches":{"total":23,"covered":22,"skipped":0,"pct":95.65}}
,"/Users/kylene/Documents/spm-proj/server/api/forgot-password/forgot-password.post.ts": {"lines":{"total":19,"covered":19,"skipped":0,"pct":100},"functions":{"total":0,"covered":0,"skipped":0,"pct":100},"statements":{"total":19,"covered":19,"skipped":0,"pct":100},"branches":{"total":3,"covered":3,"skipped":0,"pct":100}}
,"/Users/kylene/Documents/spm-proj/server/api/login/login.post.ts": {"lines":{"total":34,"covered":34,"skipped":0,"pct":100},"functions":{"total":0,"covered":0,"skipped":0,"pct":100},"statements":{"total":34,"covered":34,"skipped":0,"pct":100},"branches":{"total":8,"covered":8,"skipped":0,"pct":100}}
,"/Users/kylene/Documents/spm-proj/server/api/logout/logout.post.ts": {"lines":{"total":10,"covered":10,"skipped":0,"pct":100},"functions":{"total":0,"covered":0,"skipped":0,"pct":100},"statements":{"total":10,"covered":10,"skipped":0,"pct":100},"branches":{"total":4,"covered":4,"skipped":0,"pct":100}}
,"/Users/kylene/Documents/spm-proj/server/api/notifications/delete-all-read.post.ts": {"lines":{"total":53,"covered":53,"skipped":0,"pct":100},"functions":{"total":0,"covered":0,"skipped":0,"pct":100},"statements":{"total":53,"covered":53,"skipped":0,"pct":100},"branches":{"total":10,"covered":10,"skipped":0,"pct":100}}
,"/Users/kylene/Documents/spm-proj/server/api/notifications/index.get.ts": {"lines":{"total":54,"covered":54,"skipped":0,"pct":100},"functions":{"total":0,"covered":0,"skipped":0,"pct":100},"statements":{"total":54,"covered":54,"skipped":0,"pct":100},"branches":{"total":11,"covered":10,"skipped":0,"pct":90.9}}
,"/Users/kylene/Documents/spm-proj/server/api/notifications/read-all.post.ts": {"lines":{"total":52,"covered":52,"skipped":0,"pct":100},"functions":{"total":0,"covered":0,"skipped":0,"pct":100},"statements":{"total":52,"covered":52,"skipped":0,"pct":100},"branches":{"total":10,"covered":10,"skipped":0,"pct":100}}
,"/Users/kylene/Documents/spm-proj/server/api/notifications/[id]/index.delete.ts": {"lines":{"total":60,"covered":60,"skipped":0,"pct":100},"functions":{"total":0,"covered":0,"skipped":0,"pct":100},"statements":{"total":60,"covered":60,"skipped":0,"pct":100},"branches":{"total":12,"covered":12,"skipped":0,"pct":100}}
,"/Users/kylene/Documents/spm-proj/server/api/notifications/[id]/index.get.ts": {"lines":{"total":71,"covered":71,"skipped":0,"pct":100},"functions":{"total":0,"covered":0,"skipped":0,"pct":100},"statements":{"total":71,"covered":71,"skipped":0,"pct":100},"branches":{"total":16,"covered":16,"skipped":0,"pct":100}}
,"/Users/kylene/Documents/spm-proj/server/api/projects/[id].delete.ts": {"lines":{"total":91,"covered":91,"skipped":0,"pct":100},"functions":{"total":0,"covered":0,"skipped":0,"pct":100},"statements":{"total":91,"covered":91,"skipped":0,"pct":100},"branches":{"total":30,"covered":28,"skipped":0,"pct":93.33}}
,"/Users/kylene/Documents/spm-proj/server/api/projects/[id].put.ts": {"lines":{"total":80,"covered":80,"skipped":0,"pct":100},"functions":{"total":0,"covered":0,"skipped":0,"pct":100},"statements":{"total":80,"covered":80,"skipped":0,"pct":100},"branches":{"total":37,"covered":33,"skipped":0,"pct":89.18}}
,"/Users/kylene/Documents/spm-proj/server/api/projects/active.get.ts": {"lines":{"total":70,"covered":70,"skipped":0,"pct":100},"functions":{"total":0,"covered":0,"skipped":0,"pct":100},"statements":{"total":70,"covered":70,"skipped":0,"pct":100},"branches":{"total":29,"covered":29,"skipped":0,"pct":100}}
,"/Users/kylene/Documents/spm-proj/server/api/projects/index.get.ts": {"lines":{"total":67,"covered":67,"skipped":0,"pct":100},"functions":{"total":0,"covered":0,"skipped":0,"pct":100},"statements":{"total":67,"covered":67,"skipped":0,"pct":100},"branches":{"total":27,"covered":27,"skipped":0,"pct":100}}
,"/Users/kylene/Documents/spm-proj/server/api/projects/index.post.ts": {"lines":{"total":80,"covered":80,"skipped":0,"pct":100},"functions":{"total":0,"covered":0,"skipped":0,"pct":100},"statements":{"total":80,"covered":80,"skipped":0,"pct":100},"branches":{"total":31,"covered":30,"skipped":0,"pct":96.77}}
,"/Users/kylene/Documents/spm-proj/server/api/reports/logged-time.get.ts": {"lines":{"total":211,"covered":209,"skipped":0,"pct":99.05},"functions":{"total":0,"covered":0,"skipped":0,"pct":100},"statements":{"total":211,"covered":209,"skipped":0,"pct":99.05},"branches":{"total":57,"covered":50,"skipped":0,"pct":87.71}}
,"/Users/kylene/Documents/spm-proj/server/api/reports/task-completion.get.ts": {"lines":{"total":210,"covered":210,"skipped":0,"pct":100},"functions":{"total":0,"covered":0,"skipped":0,"pct":100},"statements":{"total":210,"covered":210,"skipped":0,"pct":100},"branches":{"total":65,"covered":58,"skipped":0,"pct":89.23}}
,"/Users/kylene/Documents/spm-proj/server/api/reports/team-summary.get.ts": {"lines":{"total":236,"covered":236,"skipped":0,"pct":100},"functions":{"total":0,"covered":0,"skipped":0,"pct":100},"statements":{"total":236,"covered":236,"skipped":0,"pct":100},"branches":{"total":74,"covered":68,"skipped":0,"pct":91.89}}
,"/Users/kylene/Documents/spm-proj/server/api/signup/signup.post.ts": {"lines":{"total":47,"covered":47,"skipped":0,"pct":100},"functions":{"total":0,"covered":0,"skipped":0,"pct":100},"statements":{"total":47,"covered":47,"skipped":0,"pct":100},"branches":{"total":20,"covered":20,"skipped":0,"pct":100}}
,"/Users/kylene/Documents/spm-proj/server/api/staff/index.get.ts": {"lines":{"total":61,"covered":61,"skipped":0,"pct":100},"functions":{"total":0,"covered":0,"skipped":0,"pct":100},"statements":{"total":61,"covered":61,"skipped":0,"pct":100},"branches":{"total":18,"covered":16,"skipped":0,"pct":88.88}}
,"/Users/kylene/Documents/spm-proj/server/api/tasks/by-project.get.ts": {"lines":{"total":178,"covered":173,"skipped":0,"pct":97.19},"functions":{"total":0,"covered":0,"skipped":0,"pct":100},"statements":{"total":178,"covered":173,"skipped":0,"pct":97.19},"branches":{"total":43,"covered":39,"skipped":0,"pct":90.69}}
,"/Users/kylene/Documents/spm-proj/server/api/tasks/index.get.ts": {"lines":{"total":132,"covered":132,"skipped":0,"pct":100},"functions":{"total":0,"covered":0,"skipped":0,"pct":100},"statements":{"total":132,"covered":132,"skipped":0,"pct":100},"branches":{"total":29,"covered":25,"skipped":0,"pct":86.2}}
,"/Users/kylene/Documents/spm-proj/server/api/tasks/index.post.ts": {"lines":{"total":181,"covered":181,"skipped":0,"pct":100},"functions":{"total":1,"covered":1,"skipped":0,"pct":100},"statements":{"total":181,"covered":181,"skipped":0,"pct":100},"branches":{"total":95,"covered":81,"skipped":0,"pct":85.26}}
,"/Users/kylene/Documents/spm-proj/server/api/tasks/overdue.get.ts": {"lines":{"total":134,"covered":128,"skipped":0,"pct":95.52},"functions":{"total":0,"covered":0,"skipped":0,"pct":100},"statements":{"total":134,"covered":128,"skipped":0,"pct":95.52},"branches":{"total":32,"covered":26,"skipped":0,"pct":81.25}}
,"/Users/kylene/Documents/spm-proj/server/api/tasks/process-recurring-tasks.get.ts": {"lines":{"total":70,"covered":70,"skipped":0,"pct":100},"functions":{"total":0,"covered":0,"skipped":0,"pct":100},"statements":{"total":70,"covered":70,"skipped":0,"pct":100},"branches":{"total":13,"covered":13,"skipped":0,"pct":100}}
,"/Users/kylene/Documents/spm-proj/server/api/tasks/[id]/index.delete.ts": {"lines":{"total":193,"covered":187,"skipped":0,"pct":96.89},"functions":{"total":0,"covered":0,"skipped":0,"pct":100},"statements":{"total":193,"covered":187,"skipped":0,"pct":96.89},"branches":{"total":51,"covered":47,"skipped":0,"pct":92.15}}
,"/Users/kylene/Documents/spm-proj/server/api/tasks/[id]/index.get.ts": {"lines":{"total":211,"covered":197,"skipped":0,"pct":93.36},"functions":{"total":0,"covered":0,"skipped":0,"pct":100},"statements":{"total":211,"covered":197,"skipped":0,"pct":93.36},"branches":{"total":55,"covered":47,"skipped":0,"pct":85.45}}
,"/Users/kylene/Documents/spm-proj/server/api/tasks/[id]/index.put.ts": {"lines":{"total":446,"covered":414,"skipped":0,"pct":92.82},"functions":{"total":1,"covered":1,"skipped":0,"pct":100},"statements":{"total":446,"covered":414,"skipped":0,"pct":92.82},"branches":{"total":173,"covered":153,"skipped":0,"pct":88.43}}
,"/Users/kylene/Documents/spm-proj/server/api/tasks/[id]/comments/[commentId].delete.ts": {"lines":{"total":88,"covered":88,"skipped":0,"pct":100},"functions":{"total":0,"covered":0,"skipped":0,"pct":100},"statements":{"total":88,"covered":88,"skipped":0,"pct":100},"branches":{"total":22,"covered":22,"skipped":0,"pct":100}}
,"/Users/kylene/Documents/spm-proj/server/api/tasks/[id]/comments/[commentId].put.ts": {"lines":{"total":145,"covered":145,"skipped":0,"pct":100},"functions":{"total":0,"covered":0,"skipped":0,"pct":100},"statements":{"total":145,"covered":145,"skipped":0,"pct":100},"branches":{"total":33,"covered":33,"skipped":0,"pct":100}}
,"/Users/kylene/Documents/spm-proj/server/api/tasks/[id]/comments/index.get.ts": {"lines":{"total":109,"covered":109,"skipped":0,"pct":100},"functions":{"total":0,"covered":0,"skipped":0,"pct":100},"statements":{"total":109,"covered":109,"skipped":0,"pct":100},"branches":{"total":23,"covered":22,"skipped":0,"pct":95.65}}
,"/Users/kylene/Documents/spm-proj/server/api/tasks/[id]/comments/index.post.ts": {"lines":{"total":147,"covered":147,"skipped":0,"pct":100},"functions":{"total":0,"covered":0,"skipped":0,"pct":100},"statements":{"total":147,"covered":147,"skipped":0,"pct":100},"branches":{"total":27,"covered":27,"skipped":0,"pct":100}}
,"/Users/kylene/Documents/spm-proj/server/api/update-password/update-password.post.ts": {"lines":{"total":44,"covered":44,"skipped":0,"pct":100},"functions":{"total":0,"covered":0,"skipped":0,"pct":100},"statements":{"total":44,"covered":44,"skipped":0,"pct":100},"branches":{"total":14,"covered":12,"skipped":0,"pct":85.71}}
,"/Users/kylene/Documents/spm-proj/server/api/user/me.get.ts": {"lines":{"total":24,"covered":24,"skipped":0,"pct":100},"functions":{"total":0,"covered":0,"skipped":0,"pct":100},"statements":{"total":24,"covered":24,"skipped":0,"pct":100},"branches":{"total":8,"covered":7,"skipped":0,"pct":87.5}}
}
