TN:
SF:server/api/admin/archive/index.get.ts
FNF:0
FNH:0
DA:1,1
DA:2,1
DA:23,1
DA:24,8
DA:25,8
DA:27,8
DA:28,1
DA:29,1
DA:32,7
DA:33,7
DA:34,7
DA:35,7
DA:36,7
DA:38,8
DA:39,1
DA:40,1
DA:42,8
DA:44,8
DA:45,1
DA:46,1
DA:49,5
DA:50,5
DA:51,5
DA:52,5
DA:53,5
DA:55,8
DA:56,1
DA:57,1
DA:60,4
DA:61,4
DA:62,4
DA:63,4
DA:64,4
DA:66,8
DA:67,1
DA:68,1
DA:70,8
DA:71,8
DA:74,8
DA:75,8
DA:76,8
DA:77,8
DA:78,8
DA:79,8
DA:80,8
DA:84,8
DA:85,2
DA:86,2
DA:87,2
DA:88,2
DA:89,1
DA:91,8
DA:92,1
DA:93,1
DA:95,2
DA:96,8
DA:97,8
DA:100,8
DA:101,3
DA:102,1
DA:103,1
DA:104,1
DA:105,3
DA:106,8
DA:108,8
DA:109,3
DA:110,3
DA:111,8
DA:113,8
DA:114,1
DA:115,1
DA:116,8
DA:118,8
DA:119,8
DA:120,8
DA:121,8
DA:122,8
LF:77
LH:77
BRDA:23,0,0,8
BRDA:27,1,0,7
BRDA:27,2,0,1
BRDA:29,3,0,7
BRDA:38,4,0,1
BRDA:40,5,0,6
BRDA:42,6,0,0
BRDA:44,7,0,6
BRDA:44,8,0,1
BRDA:46,9,0,5
BRDA:55,10,0,1
BRDA:56,11,0,0
BRDA:57,12,0,4
BRDA:66,13,0,1
BRDA:67,14,0,0
BRDA:68,15,0,3
BRDA:70,16,0,0
BRDA:71,17,0,0
BRDA:84,18,0,2
BRDA:88,19,0,1
BRDA:91,20,0,1
BRDA:93,21,0,2
BRDA:96,22,0,1
BRDA:77,23,0,4
BRDA:78,24,0,4
BRDA:96,25,0,1
BRDA:100,26,0,3
BRDA:101,27,0,1
BRDA:108,28,0,3
BRDA:110,29,0,1
BRDA:110,30,0,0
BRDA:110,31,0,2
BRDA:113,32,0,1
BRDA:115,33,0,0
BRF:34
BRH:27
end_of_record
TN:
SF:server/api/admin/users/[id].put.ts
FNF:0
FNH:0
DA:1,1
DA:2,1
DA:4,1
DA:5,9
DA:6,9
DA:8,9
DA:9,1
DA:10,1
DA:13,8
DA:14,9
DA:15,1
DA:16,1
DA:19,7
DA:20,7
DA:21,7
DA:22,7
DA:23,7
DA:25,9
DA:26,1
DA:27,1
DA:29,9
DA:30,1
DA:31,1
DA:34,9
DA:35,1
DA:36,1
DA:38,4
DA:39,4
DA:40,4
DA:41,4
DA:42,4
DA:43,4
DA:44,4
DA:45,4
DA:46,4
DA:49,4
DA:50,9
DA:51,9
DA:52,9
DA:53,9
DA:54,9
DA:55,9
DA:57,9
DA:58,1
DA:59,1
DA:62,3
DA:63,3
DA:64,3
DA:65,3
DA:66,3
DA:68,9
DA:69,1
DA:70,1
DA:72,9
DA:73,1
DA:74,1
DA:76,1
DA:77,1
DA:78,1
DA:79,1
DA:80,1
DA:81,1
LF:62
LH:62
BRDA:4,0,0,9
BRDA:8,1,0,1
BRDA:10,2,0,8
BRDA:14,3,0,7
BRDA:14,4,0,1
BRDA:16,5,0,7
BRDA:25,6,0,1
BRDA:27,7,0,6
BRDA:29,8,0,1
BRDA:31,9,0,5
BRDA:34,10,0,1
BRDA:36,11,0,4
BRDA:50,12,0,3
BRDA:50,13,0,4
BRDA:51,14,0,2
BRDA:51,15,0,4
BRDA:52,16,0,1
BRDA:52,17,0,4
BRDA:53,18,0,0
BRDA:53,19,0,4
BRDA:54,20,0,0
BRDA:54,21,0,4
BRDA:55,22,0,0
BRDA:55,23,0,4
BRDA:57,24,0,1
BRDA:59,25,0,3
BRDA:68,26,0,1
BRDA:70,27,0,2
BRDA:72,28,0,1
BRF:29
BRH:26
end_of_record
TN:
SF:server/api/admin/users/index.get.ts
FNF:0
FNH:0
DA:1,1
DA:2,1
DA:17,1
DA:18,6
DA:21,6
DA:22,6
DA:23,1
DA:24,1
DA:27,5
DA:28,5
DA:29,5
DA:30,5
DA:31,5
DA:33,6
DA:34,1
DA:35,1
DA:37,6
DA:38,1
DA:39,1
DA:42,3
DA:43,3
DA:44,3
DA:45,3
DA:47,6
DA:48,1
DA:49,1
DA:50,1
DA:51,1
DA:52,1
DA:54,6
DA:56,2
DA:57,2
DA:60,2
DA:61,6
DA:62,1
DA:63,1
DA:64,1
DA:65,1
DA:66,1
DA:68,6
DA:69,6
DA:70,6
DA:71,6
DA:72,6
DA:73,6
DA:75,6
DA:76,2
DA:77,2
DA:78,2
DA:79,2
DA:81,2
DA:83,2
DA:84,2
DA:85,2
DA:86,2
DA:87,2
DA:88,2
DA:89,6
DA:90,6
LF:59
LH:59
BRDA:17,0,0,6
BRDA:22,1,0,5
BRDA:22,2,0,1
BRDA:24,3,0,5
BRDA:33,4,0,1
BRDA:35,5,0,4
BRDA:37,6,0,1
BRDA:39,7,0,3
BRDA:47,8,0,1
BRDA:52,9,0,2
BRDA:54,10,0,0
BRDA:54,11,0,2
BRDA:61,12,0,1
BRDA:68,13,0,0
BRDA:57,14,0,3
BRDA:71,15,0,2
BRDA:72,16,0,2
BRDA:75,17,0,2
BRDA:78,18,0,0
BRDA:81,19,0,1
BRDA:81,20,0,1
BRDA:81,21,0,0
BRF:22
BRH:18
end_of_record
TN:
SF:server/api/assignee/index.post.ts
FNF:0
FNH:0
DA:1,1
DA:2,1
DA:4,1
DA:5,9
DA:6,9
DA:8,9
DA:9,9
DA:10,8
DA:11,1
DA:13,9
DA:14,1
DA:15,1
DA:17,9
DA:18,2
DA:19,2
DA:22,9
DA:23,1
DA:24,1
DA:26,9
DA:27,9
DA:28,5
DA:29,5
DA:30,1
DA:31,1
DA:32,4
DA:33,4
DA:34,4
DA:35,4
DA:36,4
DA:38,5
DA:39,1
DA:40,1
DA:41,5
DA:42,1
DA:43,1
DA:45,2
DA:46,2
DA:48,2
DA:49,2
DA:50,2
DA:51,2
DA:52,2
DA:54,2
DA:55,2
DA:56,2
DA:58,9
DA:59,1
DA:60,1
DA:62,1
DA:63,1
LF:50
LH:50
BRDA:4,0,0,9
BRDA:9,1,0,8
BRDA:10,2,0,1
BRDA:13,3,0,1
BRDA:15,4,0,8
BRDA:17,5,0,2
BRDA:19,6,0,6
BRDA:22,7,0,1
BRDA:24,8,0,5
BRDA:26,9,0,0
BRDA:26,10,0,5
BRDA:27,11,0,5
BRDA:29,12,0,4
BRDA:29,13,0,1
BRDA:31,14,0,4
BRDA:38,15,0,1
BRDA:40,16,0,3
BRDA:41,17,0,1
BRDA:43,18,0,2
BRDA:46,19,0,2
BRDA:58,20,0,1
BRDA:10,21,0,13
BRDA:48,22,0,2
BRF:23
BRH:22
end_of_record
TN:
SF:server/api/forgot-password/forgot-password.post.ts
FNF:0
FNH:0
DA:3,1
DA:4,1
DA:6,1
DA:7,3
DA:8,3
DA:10,3
DA:11,1
DA:12,1
DA:13,1
DA:14,1
DA:15,1
DA:17,2
DA:20,2
DA:21,2
DA:22,2
DA:24,3
DA:26,1
DA:27,1
DA:28,1
DA:29,1
DA:30,1
DA:33,1
DA:34,1
DA:35,1
DA:36,1
DA:38,1
DA:39,1
DA:40,1
DA:41,3
LF:29
LH:29
BRDA:6,0,0,3
BRDA:10,1,0,1
BRDA:15,2,0,2
BRDA:24,3,0,1
BRF:4
BRH:4
end_of_record
TN:
SF:server/api/login/login.post.ts
FNF:0
FNH:0
DA:3,1
DA:4,1
DA:6,1
DA:7,5
DA:11,5
DA:12,1
DA:13,1
DA:14,1
DA:15,1
DA:16,1
DA:19,4
DA:20,5
DA:21,1
DA:22,1
DA:23,1
DA:24,1
DA:25,1
DA:27,3
DA:29,5
DA:30,1
DA:31,1
DA:32,1
DA:33,1
DA:34,1
DA:36,2
DA:37,2
DA:38,2
DA:39,2
DA:40,2
DA:42,5
DA:43,1
DA:44,1
DA:45,1
DA:46,1
DA:47,1
DA:49,1
DA:50,1
DA:51,1
DA:52,1
DA:53,1
DA:55,1
DA:56,1
DA:57,1
DA:58,5
LF:44
LH:44
BRDA:6,0,0,5
BRDA:11,1,0,4
BRDA:11,2,0,1
BRDA:16,3,0,4
BRDA:20,4,0,1
BRDA:25,5,0,3
BRDA:29,6,0,1
BRDA:34,7,0,2
BRDA:42,8,0,1
BRF:9
BRH:9
end_of_record
TN:
SF:server/api/logout/logout.post.ts
FNF:0
FNH:0
DA:3,1
DA:4,1
DA:6,1
DA:7,3
DA:9,3
DA:10,1
DA:11,1
DA:12,1
DA:13,1
DA:14,1
DA:18,2
DA:20,3
DA:21,1
DA:22,1
DA:26,2
DA:27,2
LF:16
LH:16
BRDA:6,0,0,3
BRDA:9,1,0,1
BRDA:14,2,0,2
BRDA:20,3,0,1
BRDA:22,4,0,2
BRF:5
BRH:5
end_of_record
TN:
SF:server/api/notifications/delete-all-read.post.ts
FNF:0
FNH:0
DA:1,1
DA:2,1
DA:4,1
DA:5,5
DA:6,5
DA:8,5
DA:9,1
DA:10,1
DA:11,1
DA:12,1
DA:13,1
DA:16,4
DA:17,4
DA:18,4
DA:19,4
DA:20,4
DA:22,5
DA:23,1
DA:24,1
DA:25,1
DA:26,1
DA:27,1
DA:28,1
DA:30,3
DA:32,3
DA:34,3
DA:35,3
DA:36,3
DA:37,3
DA:38,3
DA:39,3
DA:41,5
DA:42,1
DA:43,1
DA:44,1
DA:45,1
DA:46,1
DA:47,1
DA:49,1
DA:50,1
DA:51,1
DA:52,1
DA:53,5
DA:54,2
DA:55,1
DA:56,1
DA:57,1
DA:58,1
DA:59,1
DA:60,1
DA:61,1
DA:62,1
DA:63,5
LF:53
LH:53
BRDA:4,0,0,5
BRDA:8,1,0,1
BRDA:13,2,0,4
BRDA:22,3,0,3
BRDA:22,4,0,1
BRDA:28,5,0,3
BRDA:39,6,0,2
BRDA:41,7,0,1
BRDA:53,8,0,2
BRDA:54,9,0,1
BRF:10
BRH:10
end_of_record
TN:
SF:server/api/notifications/index.get.ts
FNF:0
FNH:0
DA:1,1
DA:2,1
DA:5,1
DA:6,5
DA:7,5
DA:9,5
DA:10,1
DA:11,1
DA:12,1
DA:13,1
DA:14,1
DA:17,4
DA:18,4
DA:19,4
DA:20,4
DA:21,4
DA:23,5
DA:24,1
DA:25,1
DA:26,1
DA:27,1
DA:28,1
DA:29,1
DA:30,3
DA:32,3
DA:34,3
DA:35,3
DA:36,3
DA:51,3
DA:52,3
DA:53,3
DA:54,3
DA:55,3
DA:57,5
DA:58,1
DA:59,1
DA:60,1
DA:61,1
DA:62,1
DA:63,1
DA:65,1
DA:66,5
DA:67,5
DA:68,5
DA:69,2
DA:70,1
DA:71,1
DA:72,1
DA:73,1
DA:74,1
DA:75,1
DA:76,1
DA:77,1
DA:78,5
LF:54
LH:54
BRDA:5,0,0,5
BRDA:9,1,0,1
BRDA:14,2,0,4
BRDA:23,3,0,3
BRDA:23,4,0,1
BRDA:29,5,0,3
BRDA:55,6,0,2
BRDA:57,7,0,1
BRDA:66,8,0,0
BRDA:68,9,0,2
BRDA:69,10,0,1
BRF:11
BRH:10
end_of_record
TN:
SF:server/api/notifications/read-all.post.ts
FNF:0
FNH:0
DA:1,1
DA:2,1
DA:4,1
DA:5,5
DA:6,5
DA:8,5
DA:9,1
DA:10,1
DA:11,1
DA:12,1
DA:13,1
DA:16,4
DA:17,4
DA:18,4
DA:19,4
DA:20,4
DA:22,5
DA:23,1
DA:24,1
DA:25,1
DA:26,1
DA:27,1
DA:28,1
DA:29,3
DA:31,3
DA:33,3
DA:34,3
DA:35,3
DA:36,3
DA:37,3
DA:39,5
DA:40,1
DA:41,1
DA:42,1
DA:43,1
DA:44,1
DA:45,1
DA:47,1
DA:48,1
DA:49,1
DA:50,1
DA:51,5
DA:52,2
DA:53,1
DA:54,1
DA:55,1
DA:56,1
DA:57,1
DA:58,1
DA:59,1
DA:60,1
DA:61,5
LF:52
LH:52
BRDA:4,0,0,5
BRDA:8,1,0,1
BRDA:13,2,0,4
BRDA:22,3,0,3
BRDA:22,4,0,1
BRDA:28,5,0,3
BRDA:37,6,0,2
BRDA:39,7,0,1
BRDA:51,8,0,2
BRDA:52,9,0,1
BRF:10
BRH:10
end_of_record
TN:
SF:server/api/notifications/[id]/index.delete.ts
FNF:0
FNH:0
DA:1,1
DA:2,1
DA:4,1
DA:5,5
DA:6,5
DA:8,5
DA:9,1
DA:10,1
DA:11,1
DA:12,1
DA:13,1
DA:15,4
DA:16,5
DA:17,1
DA:18,1
DA:19,1
DA:20,1
DA:21,1
DA:24,3
DA:25,3
DA:26,3
DA:27,3
DA:28,3
DA:30,5
DA:31,1
DA:32,1
DA:33,1
DA:34,1
DA:35,1
DA:36,1
DA:37,2
DA:39,2
DA:41,2
DA:42,2
DA:43,2
DA:44,2
DA:45,2
DA:46,2
DA:48,5
DA:49,1
DA:50,1
DA:51,1
DA:52,1
DA:53,1
DA:54,1
DA:56,1
DA:57,1
DA:58,1
DA:59,1
DA:60,1
DA:61,1
DA:62,1
DA:63,1
DA:64,0
DA:65,0
DA:66,0
DA:67,0
DA:68,0
DA:69,0
DA:70,5
LF:60
LH:54
BRDA:4,0,0,5
BRDA:8,1,0,1
BRDA:13,2,0,4
BRDA:16,3,0,1
BRDA:21,4,0,3
BRDA:30,5,0,2
BRDA:30,6,0,1
BRDA:36,7,0,2
BRDA:48,8,0,1
BRDA:63,9,0,0
BRF:10
BRH:9
end_of_record
TN:
SF:server/api/notifications/[id]/index.get.ts
FNF:0
FNH:0
DA:1,1
DA:2,1
DA:4,1
DA:5,6
DA:6,6
DA:8,6
DA:9,1
DA:10,1
DA:11,1
DA:12,1
DA:13,1
DA:15,5
DA:16,6
DA:17,1
DA:18,1
DA:19,1
DA:20,1
DA:21,1
DA:24,4
DA:25,4
DA:26,4
DA:27,4
DA:28,4
DA:30,6
DA:31,1
DA:32,1
DA:33,1
DA:34,1
DA:35,1
DA:36,1
DA:37,3
DA:39,3
DA:41,3
DA:42,3
DA:43,3
DA:44,3
DA:45,3
DA:46,3
DA:48,6
DA:49,1
DA:50,1
DA:51,1
DA:52,1
DA:53,1
DA:56,2
DA:57,2
DA:58,2
DA:59,2
DA:60,2
DA:62,6
DA:63,1
DA:64,1
DA:65,1
DA:66,1
DA:67,1
DA:68,1
DA:70,1
DA:71,1
DA:72,1
DA:73,1
DA:74,6
DA:75,2
DA:76,2
DA:77,2
DA:78,0
DA:79,0
DA:80,0
DA:81,0
DA:82,0
DA:83,0
DA:84,6
LF:71
LH:65
BRDA:4,0,0,6
BRDA:8,1,0,1
BRDA:13,2,0,5
BRDA:16,3,0,1
BRDA:21,4,0,4
BRDA:30,5,0,3
BRDA:30,6,0,1
BRDA:36,7,0,3
BRDA:48,8,0,2
BRDA:48,9,0,1
BRDA:53,10,0,2
BRDA:62,11,0,1
BRDA:74,12,0,2
BRDA:77,13,0,0
BRF:14
BRH:13
end_of_record
TN:
SF:server/api/projects/[id].delete.ts
FNF:0
FNH:0
DA:1,1
DA:2,1
DA:5,1
DA:6,11
DA:7,11
DA:10,11
DA:11,11
DA:12,1
DA:13,1
DA:16,10
DA:17,10
DA:18,10
DA:19,10
DA:20,10
DA:22,11
DA:23,11
DA:26,11
DA:27,1
DA:28,1
DA:31,11
DA:32,1
DA:33,1
DA:35,7
DA:38,7
DA:39,7
DA:40,7
DA:41,7
DA:42,7
DA:43,7
DA:44,7
DA:46,11
DA:47,11
DA:49,3
DA:50,3
DA:51,3
DA:52,3
DA:53,3
DA:55,3
DA:56,2
DA:57,1
DA:58,1
DA:59,1
DA:60,1
DA:61,3
DA:62,1
DA:63,1
DA:64,3
DA:66,4
DA:68,4
DA:69,4
DA:70,4
DA:71,4
DA:72,4
DA:74,11
DA:75,1
DA:76,1
DA:79,11
DA:80,1
DA:83,1
DA:84,1
DA:85,1
DA:86,1
DA:88,1
DA:89,0
DA:90,0
DA:91,1
DA:94,3
DA:95,3
DA:96,3
DA:97,3
DA:99,11
DA:100,1
DA:101,1
DA:103,2
DA:104,2
DA:105,2
DA:106,2
DA:108,2
DA:110,2
DA:111,2
DA:112,2
DA:113,2
DA:114,2
DA:115,2
DA:116,0
DA:117,0
DA:118,0
DA:119,0
DA:120,0
DA:121,2
DA:122,11
LF:91
LH:84
BRDA:5,0,0,11
BRDA:11,1,0,10
BRDA:11,2,0,1
BRDA:13,3,0,10
BRDA:22,4,0,1
BRDA:22,5,0,9
BRDA:23,6,0,0
BRDA:23,7,0,9
BRDA:26,8,0,1
BRDA:28,9,0,8
BRDA:31,10,0,1
BRDA:33,11,0,7
BRDA:46,12,0,0
BRDA:46,13,0,7
BRDA:47,14,0,3
BRDA:55,15,0,2
BRDA:56,16,0,1
BRDA:61,17,0,1
BRDA:64,18,0,4
BRDA:74,19,0,1
BRDA:76,20,0,3
BRDA:79,21,0,1
BRDA:88,22,0,0
BRDA:91,23,0,3
BRDA:99,24,0,1
BRDA:101,25,0,2
BRDA:115,26,0,0
BRDA:80,27,0,2
BRF:28
BRH:24
end_of_record
TN:
SF:server/api/projects/[id].put.ts
FNF:0
FNH:0
DA:1,1
DA:2,1
DA:7,1
DA:8,14
DA:9,14
DA:10,14
DA:13,14
DA:14,14
DA:15,1
DA:16,1
DA:19,13
DA:20,13
DA:21,13
DA:22,13
DA:23,13
DA:25,14
DA:26,14
DA:29,14
DA:30,1
DA:31,1
DA:32,1
DA:33,1
DA:34,1
DA:37,14
DA:38,1
DA:39,1
DA:42,14
DA:43,1
DA:44,1
DA:47,14
DA:48,1
DA:49,1
DA:50,1
DA:51,1
DA:52,1
DA:55,14
DA:56,1
DA:57,1
DA:58,1
DA:59,1
DA:60,1
DA:63,7
DA:64,7
DA:65,7
DA:66,7
DA:67,7
DA:68,7
DA:69,7
DA:71,14
DA:72,14
DA:75,6
DA:76,6
DA:77,6
DA:78,6
DA:79,6
DA:80,6
DA:81,6
DA:82,6
DA:84,14
DA:85,14
DA:86,1
DA:87,1
DA:90,5
DA:91,5
DA:92,14
DA:93,14
DA:94,14
DA:95,14
DA:96,14
DA:97,14
DA:98,14
DA:100,14
DA:101,14
DA:102,14
DA:103,14
DA:104,14
DA:105,14
DA:107,14
DA:110,14
DA:111,1
DA:112,1
DA:113,1
DA:114,1
DA:116,1
DA:117,1
DA:119,1
DA:120,1
DA:121,2
DA:122,2
DA:123,2
DA:124,2
DA:125,2
DA:126,1
DA:128,1
DA:129,1
DA:130,1
DA:132,4
DA:133,4
LF:98
LH:98
BRDA:7,0,0,14
BRDA:14,1,0,13
BRDA:14,2,0,1
BRDA:16,3,0,13
BRDA:25,4,0,1
BRDA:25,5,0,12
BRDA:26,6,0,0
BRDA:26,7,0,12
BRDA:29,8,0,1
BRDA:34,9,0,11
BRDA:37,10,0,1
BRDA:39,11,0,10
BRDA:42,12,0,9
BRDA:42,13,0,1
BRDA:44,14,0,9
BRDA:47,15,0,3
BRDA:47,16,0,1
BRDA:52,17,0,8
BRDA:55,18,0,3
BRDA:55,19,0,1
BRDA:60,20,0,7
BRDA:71,21,0,0
BRDA:71,22,0,7
BRDA:72,23,0,1
BRDA:72,24,0,6
BRDA:84,25,0,0
BRDA:84,26,0,6
BRDA:85,27,0,1
BRDA:87,28,0,5
BRDA:92,29,0,0
BRDA:93,30,0,3
BRDA:94,31,0,4
BRDA:95,32,0,4
BRDA:96,33,0,3
BRDA:105,34,0,5
BRDA:107,35,0,1
BRDA:107,36,0,4
BRDA:110,37,0,1
BRDA:110,38,0,1
BRDA:116,39,0,0
BRDA:130,40,0,4
BRDA:116,41,0,2
BRDA:117,42,0,4
BRDA:120,43,0,2
BRF:44
BRH:39
end_of_record
TN:
SF:server/api/projects/active.get.ts
FNF:0
FNH:0
DA:1,1
DA:2,1
DA:4,1
DA:6,1
DA:7,8
DA:10,8
DA:11,8
DA:12,1
DA:13,1
DA:16,7
DA:17,7
DA:18,7
DA:19,7
DA:20,7
DA:22,8
DA:23,8
DA:25,5
DA:28,8
DA:29,1
DA:30,1
DA:33,4
DA:35,8
DA:36,1
DA:37,1
DA:40,3
DA:41,3
DA:42,3
DA:43,3
DA:44,3
DA:46,8
DA:47,1
DA:48,1
DA:50,8
DA:51,1
DA:52,1
DA:55,1
DA:57,8
DA:59,4
DA:60,4
DA:61,4
DA:62,4
DA:63,4
DA:65,4
DA:66,1
DA:67,1
DA:69,3
DA:72,3
DA:73,3
DA:74,3
DA:75,3
DA:76,3
DA:78,4
DA:79,1
DA:80,1
DA:83,2
DA:84,2
DA:85,2
DA:86,2
DA:88,2
DA:89,1
DA:90,1
DA:91,2
DA:92,4
DA:95,1
DA:97,1
DA:98,1
LF:66
LH:66
BRDA:6,0,0,8
BRDA:11,1,0,7
BRDA:11,2,0,1
BRDA:13,3,0,7
BRDA:22,4,0,1
BRDA:22,5,0,6
BRDA:23,6,0,1
BRDA:23,7,0,5
BRDA:28,8,0,1
BRDA:30,9,0,4
BRDA:35,10,0,1
BRDA:37,11,0,3
BRDA:46,12,0,1
BRDA:48,13,0,2
BRDA:50,14,0,1
BRDA:57,15,0,4
BRDA:65,16,0,3
BRDA:65,17,0,3
BRDA:65,18,0,1
BRDA:67,19,0,3
BRDA:78,20,0,1
BRDA:80,21,0,2
BRDA:88,22,0,1
BRDA:92,23,0,1
BRDA:69,24,0,3
BRDA:84,25,0,2
BRDA:95,26,0,4
BRF:27
BRH:27
end_of_record
TN:
SF:server/api/projects/index.get.ts
FNF:0
FNH:0
DA:1,1
DA:2,1
DA:4,1
DA:8,1
DA:9,8
DA:12,8
DA:13,8
DA:14,1
DA:15,1
DA:17,7
DA:18,7
DA:19,7
DA:20,7
DA:21,7
DA:23,8
DA:24,8
DA:26,5
DA:27,5
DA:30,8
DA:31,1
DA:32,1
DA:36,4
DA:38,8
DA:39,1
DA:40,1
DA:44,3
DA:45,3
DA:46,3
DA:47,3
DA:48,3
DA:50,8
DA:51,1
DA:52,1
DA:54,8
DA:55,1
DA:56,1
DA:59,1
DA:61,8
DA:63,4
DA:64,4
DA:65,4
DA:66,4
DA:67,4
DA:69,4
DA:70,1
DA:71,1
DA:73,3
DA:76,3
DA:77,3
DA:78,3
DA:79,3
DA:80,3
DA:82,4
DA:83,1
DA:84,1
DA:87,2
DA:88,2
DA:89,2
DA:90,2
DA:92,2
DA:93,1
DA:94,1
DA:95,2
DA:96,4
DA:99,1
DA:101,1
DA:102,1
LF:67
LH:67
BRDA:8,0,0,8
BRDA:13,1,0,7
BRDA:13,2,0,1
BRDA:15,3,0,7
BRDA:23,4,0,1
BRDA:23,5,0,6
BRDA:24,6,0,1
BRDA:24,7,0,5
BRDA:30,8,0,1
BRDA:32,9,0,4
BRDA:38,10,0,1
BRDA:40,11,0,3
BRDA:50,12,0,1
BRDA:52,13,0,2
BRDA:54,14,0,1
BRDA:61,15,0,4
BRDA:69,16,0,3
BRDA:69,17,0,3
BRDA:69,18,0,1
BRDA:71,19,0,3
BRDA:82,20,0,1
BRDA:84,21,0,2
BRDA:92,22,0,1
BRDA:96,23,0,1
BRDA:73,24,0,3
BRDA:88,25,0,2
BRDA:99,26,0,4
BRF:27
BRH:27
end_of_record
TN:
SF:server/api/projects/index.post.ts
FNF:0
FNH:0
DA:1,1
DA:2,1
DA:10,1
DA:11,14
DA:12,14
DA:15,14
DA:16,14
DA:17,1
DA:18,1
DA:20,13
DA:21,13
DA:22,13
DA:23,13
DA:24,13
DA:26,13
DA:27,14
DA:28,12
DA:29,14
DA:30,1
DA:31,1
DA:32,1
DA:35,14
DA:36,1
DA:37,1
DA:38,1
DA:39,1
DA:40,1
DA:43,14
DA:44,1
DA:45,1
DA:46,1
DA:47,1
DA:48,1
DA:51,14
DA:52,1
DA:53,1
DA:54,1
DA:55,1
DA:56,1
DA:59,14
DA:60,1
DA:61,1
DA:62,1
DA:63,1
DA:64,1
DA:67,7
DA:68,7
DA:69,7
DA:70,7
DA:71,7
DA:72,7
DA:73,7
DA:75,14
DA:76,0
DA:77,0
DA:79,14
DA:80,1
DA:81,1
DA:82,1
DA:83,1
DA:84,1
DA:86,6
DA:87,6
DA:88,14
DA:89,14
DA:90,14
DA:91,14
DA:92,14
DA:93,14
DA:94,14
DA:96,14
DA:97,14
DA:98,14
DA:99,14
DA:100,14
DA:102,14
DA:103,1
DA:104,1
DA:107,5
DA:108,5
DA:109,5
DA:110,5
DA:111,5
DA:112,5
DA:113,5
DA:114,5
DA:116,5
DA:117,5
DA:118,5
DA:120,5
DA:121,0
DA:122,0
DA:125,5
DA:126,2
DA:127,2
DA:128,2
DA:129,5
DA:130,5
DA:131,5
DA:132,5
DA:133,5
DA:134,2
DA:136,2
DA:137,2
DA:138,2
DA:139,2
DA:141,2
DA:142,0
DA:143,0
DA:144,2
DA:145,2
DA:146,5
DA:148,5
DA:149,5
LF:114
LH:108
BRDA:10,0,0,14
BRDA:16,1,0,13
BRDA:16,2,0,1
BRDA:18,3,0,13
BRDA:27,4,0,1
BRDA:27,5,0,12
BRDA:29,6,0,1
BRDA:32,7,0,11
BRDA:35,8,0,1
BRDA:40,9,0,10
BRDA:43,10,0,9
BRDA:43,11,0,1
BRDA:48,12,0,9
BRDA:51,13,0,4
BRDA:51,14,0,1
BRDA:56,15,0,8
BRDA:59,16,0,4
BRDA:59,17,0,1
BRDA:64,18,0,7
BRDA:75,19,0,0
BRDA:77,20,0,7
BRDA:79,21,0,1
BRDA:84,22,0,6
BRDA:88,23,0,0
BRDA:89,24,0,3
BRDA:90,25,0,5
BRDA:91,26,0,5
BRDA:93,27,0,3
BRDA:100,28,0,6
BRDA:102,29,0,1
BRDA:104,30,0,5
BRDA:120,31,0,0
BRDA:125,32,0,3
BRDA:125,33,0,3
BRDA:125,34,0,2
BRDA:141,35,0,0
BRDA:127,36,0,5
BRDA:128,37,0,5
BRF:38
BRH:34
end_of_record
TN:
SF:server/api/reports/logged-time.get.ts
FN:1,(empty-report)
FNF:1
FNH:0
FNDA:0,(empty-report)
DA:1,0
DA:2,0
DA:3,0
DA:34,0
DA:35,0
DA:36,0
DA:38,0
DA:39,0
DA:40,0
DA:41,0
DA:42,0
DA:43,0
DA:46,0
DA:47,0
DA:48,0
DA:49,0
DA:50,0
DA:52,0
DA:53,0
DA:54,0
DA:55,0
DA:56,0
DA:57,0
DA:58,0
DA:61,0
DA:62,0
DA:63,0
DA:64,0
DA:65,0
DA:66,0
DA:68,0
DA:71,0
DA:72,0
DA:75,0
DA:76,0
DA:77,0
DA:78,0
DA:79,0
DA:80,0
DA:81,0
DA:82,0
DA:84,0
DA:86,0
DA:87,0
DA:88,0
DA:96,0
DA:97,0
DA:100,0
DA:101,0
DA:102,0
DA:103,0
DA:105,0
DA:106,0
DA:107,0
DA:108,0
DA:111,0
DA:112,0
DA:113,0
DA:115,0
DA:117,0
DA:118,0
DA:119,0
DA:120,0
DA:121,0
DA:122,0
DA:123,0
DA:125,0
DA:128,0
DA:130,0
DA:131,0
DA:133,0
DA:135,0
DA:136,0
DA:137,0
DA:138,0
DA:140,0
DA:141,0
DA:142,0
DA:143,0
DA:144,0
DA:148,0
DA:149,0
DA:150,0
DA:151,0
DA:152,0
DA:153,0
DA:154,0
DA:155,0
DA:156,0
DA:157,0
DA:160,0
DA:161,0
DA:162,0
DA:163,0
DA:164,0
DA:165,0
DA:166,0
DA:168,0
DA:169,0
DA:170,0
DA:171,0
DA:172,0
DA:173,0
DA:174,0
DA:175,0
DA:177,0
DA:178,0
DA:179,0
DA:180,0
DA:181,0
DA:182,0
DA:183,0
DA:184,0
DA:185,0
DA:186,0
DA:187,0
DA:188,0
DA:189,0
DA:192,0
DA:193,0
DA:194,0
DA:195,0
DA:198,0
DA:200,0
DA:201,0
DA:202,0
DA:203,0
DA:204,0
DA:205,0
DA:206,0
DA:207,0
DA:210,0
DA:212,0
DA:213,0
DA:214,0
DA:215,0
DA:217,0
DA:218,0
DA:219,0
DA:220,0
DA:221,0
DA:222,0
DA:223,0
DA:224,0
DA:225,0
DA:227,0
DA:228,0
DA:229,0
DA:230,0
DA:231,0
DA:232,0
DA:233,0
DA:234,0
DA:235,0
DA:238,0
DA:241,0
DA:242,0
DA:243,0
DA:244,0
DA:245,0
DA:248,0
DA:249,0
DA:251,0
DA:252,0
DA:253,0
DA:254,0
DA:255,0
DA:256,0
DA:257,0
DA:258,0
DA:260,0
DA:261,0
DA:262,0
DA:264,0
DA:265,0
DA:266,0
DA:267,0
DA:268,0
DA:269,0
DA:270,0
DA:271,0
DA:272,0
DA:273,0
DA:274,0
DA:275,0
DA:276,0
DA:277,0
DA:278,0
DA:279,0
DA:280,0
DA:281,0
DA:282,0
DA:283,0
DA:284,0
DA:285,0
DA:286,0
DA:287,0
DA:288,0
DA:289,0
DA:290,0
DA:291,0
DA:292,0
DA:293,0
DA:294,0
DA:295,0
DA:296,0
DA:297,0
DA:298,0
LF:208
LH:0
BRDA:1,0,0,0
BRF:1
BRH:0
end_of_record
TN:
SF:server/api/reports/task-completion.get.ts
FN:1,(empty-report)
FNF:1
FNH:0
FNDA:0,(empty-report)
DA:1,0
DA:2,0
DA:3,0
DA:12,0
DA:13,0
DA:14,0
DA:16,0
DA:17,0
DA:18,0
DA:19,0
DA:20,0
DA:21,0
DA:24,0
DA:25,0
DA:26,0
DA:27,0
DA:28,0
DA:30,0
DA:31,0
DA:32,0
DA:33,0
DA:34,0
DA:35,0
DA:36,0
DA:39,0
DA:40,0
DA:41,0
DA:42,0
DA:43,0
DA:44,0
DA:46,0
DA:49,0
DA:52,0
DA:53,0
DA:54,0
DA:55,0
DA:56,0
DA:57,0
DA:58,0
DA:60,0
DA:62,0
DA:63,0
DA:64,0
DA:74,0
DA:75,0
DA:78,0
DA:79,0
DA:80,0
DA:81,0
DA:83,0
DA:84,0
DA:85,0
DA:86,0
DA:89,0
DA:90,0
DA:91,0
DA:93,0
DA:95,0
DA:96,0
DA:97,0
DA:98,0
DA:99,0
DA:100,0
DA:101,0
DA:103,0
DA:106,0
DA:108,0
DA:109,0
DA:110,0
DA:111,0
DA:112,0
DA:114,0
DA:115,0
DA:116,0
DA:117,0
DA:118,0
DA:119,0
DA:120,0
DA:122,0
DA:125,0
DA:126,0
DA:127,0
DA:128,0
DA:130,0
DA:131,0
DA:134,0
DA:136,0
DA:137,0
DA:138,0
DA:139,0
DA:140,0
DA:141,0
DA:144,0
DA:145,0
DA:146,0
DA:147,0
DA:148,0
DA:150,0
DA:151,0
DA:152,0
DA:153,0
DA:154,0
DA:155,0
DA:156,0
DA:158,0
DA:161,0
DA:162,0
DA:163,0
DA:164,0
DA:167,0
DA:168,0
DA:169,0
DA:170,0
DA:171,0
DA:174,0
DA:175,0
DA:176,0
DA:177,0
DA:178,0
DA:179,0
DA:182,0
DA:183,0
DA:184,0
DA:185,0
DA:188,0
DA:189,0
DA:191,0
DA:192,0
DA:193,0
DA:194,0
DA:195,0
DA:196,0
DA:197,0
DA:198,0
DA:200,0
DA:201,0
DA:202,0
DA:203,0
DA:204,0
DA:205,0
DA:206,0
DA:207,0
DA:210,0
DA:211,0
DA:213,0
DA:214,0
DA:215,0
DA:216,0
DA:217,0
DA:218,0
DA:220,0
DA:221,0
DA:222,0
DA:223,0
DA:224,0
DA:225,0
DA:227,0
DA:228,0
DA:231,0
DA:232,0
DA:233,0
DA:234,0
DA:235,0
DA:236,0
DA:237,0
DA:238,0
DA:239,0
DA:240,0
DA:242,0
DA:243,0
DA:244,0
DA:245,0
DA:246,0
DA:247,0
DA:248,0
DA:250,0
DA:251,0
DA:252,0
DA:253,0
DA:254,0
DA:255,0
DA:256,0
DA:257,0
DA:258,0
DA:259,0
DA:260,0
DA:261,0
DA:262,0
DA:263,0
DA:264,0
DA:265,0
DA:266,0
DA:267,0
DA:268,0
DA:269,0
DA:270,0
DA:271,0
DA:272,0
DA:273,0
DA:274,0
DA:275,0
DA:276,0
DA:277,0
DA:278,0
DA:279,0
DA:280,0
DA:281,0
LF:207
LH:0
BRDA:1,0,0,0
BRF:1
BRH:0
end_of_record
TN:
SF:server/api/reports/team-summary.get.ts
FN:1,(empty-report)
FNF:1
FNH:0
FNDA:0,(empty-report)
DA:1,0
DA:2,0
DA:3,0
DA:38,0
DA:39,0
DA:40,0
DA:42,0
DA:43,0
DA:44,0
DA:45,0
DA:46,0
DA:47,0
DA:50,0
DA:51,0
DA:52,0
DA:53,0
DA:54,0
DA:56,0
DA:57,0
DA:58,0
DA:59,0
DA:60,0
DA:61,0
DA:62,0
DA:65,0
DA:66,0
DA:67,0
DA:68,0
DA:69,0
DA:70,0
DA:72,0
DA:75,0
DA:78,0
DA:79,0
DA:80,0
DA:81,0
DA:82,0
DA:83,0
DA:84,0
DA:86,0
DA:88,0
DA:89,0
DA:90,0
DA:91,0
DA:92,0
DA:93,0
DA:96,0
DA:97,0
DA:98,0
DA:99,0
DA:100,0
DA:101,0
DA:103,0
DA:104,0
DA:105,0
DA:106,0
DA:107,0
DA:108,0
DA:111,0
DA:112,0
DA:113,0
DA:122,0
DA:123,0
DA:124,0
DA:127,0
DA:128,0
DA:129,0
DA:130,0
DA:131,0
DA:132,0
DA:134,0
DA:136,0
DA:137,0
DA:138,0
DA:139,0
DA:140,0
DA:141,0
DA:142,0
DA:145,0
DA:146,0
DA:147,0
DA:148,0
DA:149,0
DA:150,0
DA:151,0
DA:154,0
DA:155,0
DA:156,0
DA:157,0
DA:158,0
DA:159,0
DA:162,0
DA:163,0
DA:165,0
DA:166,0
DA:168,0
DA:169,0
DA:170,0
DA:172,0
DA:173,0
DA:174,0
DA:175,0
DA:176,0
DA:179,0
DA:180,0
DA:181,0
DA:182,0
DA:183,0
DA:185,0
DA:186,0
DA:187,0
DA:188,0
DA:189,0
DA:190,0
DA:191,0
DA:194,0
DA:195,0
DA:196,0
DA:197,0
DA:198,0
DA:200,0
DA:201,0
DA:202,0
DA:203,0
DA:204,0
DA:205,0
DA:206,0
DA:209,0
DA:210,0
DA:213,0
DA:214,0
DA:215,0
DA:216,0
DA:218,0
DA:219,0
DA:220,0
DA:221,0
DA:222,0
DA:223,0
DA:224,0
DA:227,0
DA:229,0
DA:231,0
DA:232,0
DA:233,0
DA:234,0
DA:235,0
DA:236,0
DA:238,0
DA:239,0
DA:242,0
DA:243,0
DA:244,0
DA:245,0
DA:246,0
DA:249,0
DA:252,0
DA:253,0
DA:254,0
DA:255,0
DA:256,0
DA:257,0
DA:258,0
DA:259,0
DA:260,0
DA:262,0
DA:263,0
DA:264,0
DA:265,0
DA:266,0
DA:267,0
DA:268,0
DA:269,0
DA:270,0
DA:271,0
DA:272,0
DA:273,0
DA:276,0
DA:277,0
DA:278,0
DA:281,0
DA:282,0
DA:284,0
DA:285,0
DA:286,0
DA:287,0
DA:288,0
DA:289,0
DA:290,0
DA:293,0
DA:294,0
DA:295,0
DA:296,0
DA:298,0
DA:299,0
DA:300,0
DA:301,0
DA:302,0
DA:303,0
DA:304,0
DA:305,0
DA:306,0
DA:307,0
DA:308,0
DA:309,0
DA:310,0
DA:311,0
DA:312,0
DA:313,0
DA:314,0
DA:315,0
DA:316,0
DA:317,0
DA:318,0
DA:319,0
DA:320,0
DA:321,0
DA:322,0
DA:323,0
DA:324,0
DA:325,0
DA:326,0
DA:327,0
DA:329,0
DA:330,0
DA:331,0
DA:333,0
DA:334,0
DA:335,0
DA:336,0
DA:337,0
DA:338,0
DA:339,0
DA:340,0
LF:234
LH:0
BRDA:1,0,0,0
BRF:1
BRH:0
end_of_record
TN:
SF:server/api/signup/signup.post.ts
FNF:0
FNH:0
DA:3,1
DA:4,1
DA:6,1
DA:8,5
DA:9,5
DA:11,5
DA:12,1
DA:13,1
DA:14,1
DA:15,1
DA:16,1
DA:19,4
DA:20,4
DA:21,4
DA:22,4
DA:24,5
DA:25,1
DA:26,1
DA:27,1
DA:28,1
DA:29,1
DA:30,1
DA:31,0
DA:32,1
DA:33,1
DA:36,5
DA:37,1
DA:38,1
DA:39,1
DA:40,1
DA:41,1
DA:43,2
DA:47,2
DA:48,2
DA:49,2
DA:50,2
DA:51,2
DA:52,2
DA:53,2
DA:54,2
DA:56,5
DA:57,1
DA:58,1
DA:59,1
DA:60,1
DA:61,1
DA:62,1
DA:63,0
DA:64,1
DA:65,1
DA:66,1
DA:68,1
DA:69,1
LF:53
LH:51
BRDA:6,0,0,5
BRDA:11,1,0,1
BRDA:16,2,0,4
BRDA:24,3,0,1
BRDA:25,4,0,0
BRDA:28,5,0,0
BRDA:30,6,0,0
BRDA:33,7,0,3
BRDA:36,8,0,1
BRDA:41,9,0,2
BRDA:56,10,0,1
BRDA:58,11,0,0
BRDA:61,12,0,0
BRDA:62,13,0,0
BRF:14
BRH:8
end_of_record
TN:
SF:server/api/staff/index.get.ts
FNF:0
FNH:0
DA:1,1
DA:2,1
DA:3,1
DA:11,1
DA:12,6
DA:13,6
DA:15,6
DA:16,1
DA:17,1
DA:18,1
DA:19,1
DA:20,1
DA:23,5
DA:24,5
DA:25,5
DA:26,5
DA:27,5
DA:29,6
DA:30,1
DA:31,1
DA:32,1
DA:33,1
DA:34,1
DA:36,4
DA:39,4
DA:41,6
DA:42,1
DA:43,1
DA:46,3
DA:47,3
DA:48,3
DA:49,3
DA:50,3
DA:52,6
DA:53,1
DA:54,1
DA:55,1
DA:56,1
DA:57,1
DA:59,6
DA:61,2
DA:63,2
DA:65,2
DA:66,6
DA:67,1
DA:68,1
DA:69,1
DA:70,1
DA:71,1
DA:73,6
DA:74,6
DA:75,6
DA:76,6
DA:77,6
DA:78,6
DA:80,6
DA:81,3
DA:82,3
DA:83,3
DA:84,6
DA:85,6
LF:61
LH:61
BRDA:11,0,0,6
BRDA:15,1,0,1
BRDA:20,2,0,5
BRDA:29,3,0,1
BRDA:34,4,0,4
BRDA:41,5,0,1
BRDA:43,6,0,3
BRDA:52,7,0,1
BRDA:57,8,0,2
BRDA:59,9,0,0
BRDA:59,10,0,2
BRDA:66,11,0,1
BRDA:73,12,0,0
BRDA:63,13,0,5
BRDA:76,14,0,3
BRDA:77,15,0,2
BRDA:80,16,0,3
BRDA:83,17,0,1
BRF:18
BRH:16
end_of_record
TN:
SF:server/api/tasks/by-project.get.ts
FNF:0
FNH:0
DA:1,1
DA:2,1
DA:3,1
DA:5,1
DA:6,8
DA:7,8
DA:9,8
DA:10,1
DA:11,1
DA:12,1
DA:13,1
DA:14,1
DA:17,7
DA:18,8
DA:20,8
DA:21,1
DA:22,1
DA:23,1
DA:24,1
DA:25,1
DA:28,6
DA:29,6
DA:30,6
DA:31,6
DA:32,6
DA:34,8
DA:35,1
DA:36,1
DA:37,1
DA:38,1
DA:39,1
DA:40,1
DA:41,5
DA:42,5
DA:45,5
DA:46,5
DA:47,5
DA:48,5
DA:49,5
DA:50,5
DA:52,8
DA:53,1
DA:54,1
DA:55,1
DA:56,1
DA:57,1
DA:58,1
DA:60,8
DA:61,1
DA:62,1
DA:63,1
DA:64,1
DA:65,1
DA:71,3
DA:73,3
DA:76,8
DA:77,1
DA:78,1
DA:79,1
DA:80,1
DA:81,1
DA:84,2
DA:85,2
DA:86,2
DA:87,2
DA:88,2
DA:89,2
DA:91,8
DA:92,1
DA:93,0
DA:94,0
DA:95,0
DA:96,0
DA:97,1
DA:98,1
DA:99,1
DA:100,1
DA:101,1
DA:102,1
DA:103,1
DA:104,1
DA:106,8
DA:107,0
DA:108,0
DA:109,0
DA:110,0
DA:111,0
DA:114,1
DA:115,1
DA:116,1
DA:117,1
DA:118,1
DA:119,1
DA:121,8
DA:122,0
DA:123,0
DA:124,0
DA:125,0
DA:126,0
DA:127,0
DA:130,1
DA:131,1
DA:132,1
DA:133,1
DA:134,1
DA:135,1
DA:136,1
DA:137,1
DA:140,1
DA:142,8
DA:143,0
DA:144,0
DA:145,0
DA:146,0
DA:147,0
DA:150,1
DA:151,1
DA:153,1
DA:154,1
DA:155,1
DA:156,1
DA:157,1
DA:158,1
DA:159,1
DA:160,1
DA:161,1
DA:164,1
DA:165,1
DA:166,1
DA:167,1
DA:168,1
DA:169,1
DA:171,1
DA:172,1
DA:173,1
DA:174,1
DA:175,1
DA:176,1
DA:177,1
DA:178,1
DA:179,1
DA:180,1
DA:181,1
DA:183,1
DA:184,1
DA:185,1
DA:186,1
DA:187,1
DA:190,1
DA:191,1
DA:192,1
DA:193,1
DA:194,1
DA:195,1
DA:196,1
DA:197,1
DA:198,1
DA:199,1
DA:201,1
DA:202,1
DA:203,1
DA:204,1
DA:205,1
DA:206,1
DA:207,1
DA:208,1
DA:210,1
DA:211,8
DA:212,8
DA:213,8
DA:214,8
DA:215,1
DA:216,1
DA:217,1
DA:218,1
DA:219,1
DA:220,1
DA:221,8
LF:178
LH:158
BRDA:5,0,0,8
BRDA:9,1,0,1
BRDA:14,2,0,7
BRDA:18,3,0,6
BRDA:18,4,0,1
BRDA:20,5,0,1
BRDA:25,6,0,6
BRDA:34,7,0,5
BRDA:34,8,0,1
BRDA:40,9,0,5
BRDA:52,10,0,1
BRDA:58,11,0,4
BRDA:60,12,0,1
BRDA:65,13,0,3
BRDA:76,14,0,1
BRDA:81,15,0,2
BRDA:91,16,0,1
BRDA:92,17,0,0
BRDA:106,18,0,0
BRDA:111,19,0,1
BRDA:121,20,0,0
BRDA:127,21,0,1
BRDA:142,22,0,0
BRDA:147,23,0,1
BRDA:211,24,0,0
BRDA:212,25,0,1
BRDA:212,26,0,0
BRDA:214,27,0,1
BRDA:114,28,0,1
BRDA:140,29,0,1
BRDA:151,30,0,1
BRDA:174,31,0,1
BRDA:175,32,0,1
BRDA:175,33,0,1
BRDA:183,34,0,1
BRDA:184,35,0,0
BRDA:184,36,0,1
BRDA:185,37,0,1
BRF:38
BRH:31
end_of_record
TN:
SF:server/api/tasks/index.get.ts
FNF:0
FNH:0
DA:1,1
DA:2,1
DA:4,1
DA:5,6
DA:6,6
DA:8,6
DA:9,1
DA:10,1
DA:11,1
DA:12,1
DA:13,1
DA:16,5
DA:17,5
DA:18,5
DA:19,5
DA:20,5
DA:22,6
DA:23,1
DA:24,1
DA:25,1
DA:26,1
DA:27,1
DA:28,1
DA:29,4
DA:31,4
DA:34,4
DA:35,4
DA:36,4
DA:37,4
DA:38,4
DA:40,6
DA:41,1
DA:42,1
DA:43,1
DA:44,1
DA:45,1
DA:46,1
DA:48,6
DA:51,6
DA:52,6
DA:53,6
DA:54,6
DA:55,6
DA:58,6
DA:59,2
DA:60,6
DA:62,1
DA:63,1
DA:65,3
DA:67,6
DA:68,1
DA:69,0
DA:70,0
DA:71,0
DA:72,0
DA:73,1
DA:74,1
DA:75,1
DA:76,1
DA:77,1
DA:78,1
DA:79,1
DA:80,1
DA:82,6
DA:83,1
DA:84,1
DA:85,1
DA:86,1
DA:87,1
DA:90,1
DA:91,1
DA:93,1
DA:94,1
DA:95,1
DA:96,1
DA:97,1
DA:98,1
DA:99,1
DA:100,1
DA:101,1
DA:104,1
DA:105,1
DA:106,1
DA:107,1
DA:108,1
DA:109,1
DA:111,1
DA:112,1
DA:113,1
DA:114,1
DA:115,1
DA:116,1
DA:117,1
DA:118,1
DA:119,1
DA:120,1
DA:121,1
DA:123,1
DA:124,1
DA:125,1
DA:126,1
DA:127,1
DA:130,1
DA:131,1
DA:132,1
DA:133,1
DA:134,1
DA:135,1
DA:136,1
DA:137,1
DA:138,1
DA:139,1
DA:141,1
DA:142,1
DA:143,1
DA:144,1
DA:145,1
DA:146,1
DA:147,1
DA:148,1
DA:150,1
DA:151,6
DA:152,6
DA:153,6
DA:154,6
DA:155,2
DA:156,2
DA:157,2
DA:158,2
DA:159,2
DA:160,2
DA:161,6
LF:132
LH:128
BRDA:4,0,0,6
BRDA:8,1,0,1
BRDA:13,2,0,5
BRDA:22,3,0,4
BRDA:22,4,0,1
BRDA:28,5,0,4
BRDA:40,6,0,1
BRDA:40,7,0,1
BRDA:46,8,0,3
BRDA:48,9,0,0
BRDA:58,10,0,2
BRDA:60,11,0,1
BRDA:63,12,0,3
BRDA:67,13,0,1
BRDA:68,14,0,0
BRDA:80,15,0,2
BRDA:82,16,0,1
BRDA:151,17,0,0
BRDA:152,18,0,1
BRDA:152,19,0,0
BRDA:154,20,0,2
BRDA:48,21,0,2
BRDA:91,22,0,1
BRDA:114,23,0,1
BRDA:115,24,0,1
BRDA:115,25,0,1
BRDA:123,26,0,1
BRDA:124,27,0,0
BRDA:124,28,0,1
BRDA:125,29,0,1
BRF:30
BRH:25
end_of_record
TN:
SF:server/api/tasks/index.post.ts
FN:63,rollbackParent
FNF:1
FNH:1
FNDA:3,rollbackParent
DA:1,1
DA:2,1
DA:4,1
DA:5,1
DA:7,1
DA:8,12
DA:9,12
DA:12,12
DA:13,12
DA:14,1
DA:15,1
DA:16,11
DA:17,11
DA:18,11
DA:19,11
DA:20,11
DA:21,12
DA:22,12
DA:25,12
DA:26,12
DA:28,12
DA:29,1
DA:30,1
DA:31,1
DA:32,1
DA:34,9
DA:35,9
DA:36,12
DA:37,12
DA:38,12
DA:39,12
DA:40,12
DA:41,12
DA:42,12
DA:43,12
DA:44,12
DA:45,12
DA:46,12
DA:48,12
DA:49,12
DA:50,12
DA:51,12
DA:52,12
DA:54,12
DA:55,1
DA:56,1
DA:59,8
DA:61,8
DA:63,8
DA:64,3
DA:65,3
DA:66,3
DA:67,3
DA:68,3
DA:69,3
DA:70,3
DA:72,8
DA:73,8
DA:74,8
DA:75,0
DA:78,12
DA:79,1
DA:80,1
DA:81,1
DA:83,12
DA:84,1
DA:85,1
DA:86,1
DA:88,6
DA:89,6
DA:90,8
DA:91,8
DA:92,8
DA:93,6
DA:94,6
DA:95,6
DA:96,0
DA:97,0
DA:98,0
DA:101,6
DA:102,6
DA:103,6
DA:104,8
DA:105,8
DA:106,8
DA:107,8
DA:108,8
DA:109,8
DA:110,8
DA:111,8
DA:112,8
DA:113,6
DA:114,6
DA:116,12
DA:117,12
DA:119,2
DA:120,2
DA:121,2
DA:122,2
DA:123,0
DA:126,2
DA:127,1
DA:128,1
DA:129,1
DA:131,2
DA:132,0
DA:133,0
DA:134,0
DA:135,2
DA:137,1
DA:139,1
DA:140,1
DA:142,1
DA:143,0
DA:144,0
DA:145,0
DA:146,0
DA:148,1
DA:149,1
DA:150,1
DA:151,1
DA:152,1
DA:153,1
DA:154,1
DA:155,1
DA:156,1
DA:157,1
DA:158,1
DA:159,1
DA:160,1
DA:161,1
DA:163,1
DA:164,1
DA:165,1
DA:166,1
DA:168,2
DA:169,0
DA:170,0
DA:171,0
DA:174,1
DA:175,1
DA:176,1
DA:177,1
DA:178,1
DA:180,1
DA:181,1
DA:182,1
DA:183,1
DA:184,1
DA:185,1
DA:186,1
DA:187,1
DA:188,1
DA:189,1
DA:190,1
DA:191,1
DA:192,1
DA:193,1
DA:195,1
DA:196,1
DA:197,1
DA:198,0
DA:199,0
DA:200,0
DA:201,0
DA:202,0
DA:203,0
DA:204,0
DA:205,0
DA:206,1
DA:207,1
DA:208,1
DA:210,4
DA:211,12
DA:213,3
DA:214,3
DA:215,3
DA:216,0
DA:217,3
DA:218,3
DA:219,12
LF:181
LH:157
BRDA:7,0,0,12
BRDA:13,1,0,11
BRDA:13,2,0,1
BRDA:15,3,0,11
BRDA:21,4,0,1
BRDA:21,5,0,10
BRDA:22,6,0,1
BRDA:22,7,0,9
BRDA:25,8,0,1
BRDA:26,9,0,9
BRDA:26,10,0,0
BRDA:28,11,0,1
BRDA:28,12,0,1
BRDA:28,13,0,1
BRDA:32,14,0,9
BRDA:36,15,0,0
BRDA:37,16,0,0
BRDA:39,17,0,0
BRDA:40,18,0,0
BRDA:42,19,0,0
BRDA:44,20,0,0
BRDA:52,21,0,9
BRDA:54,22,0,1
BRDA:56,23,0,8
BRDA:74,24,0,0
BRDA:78,25,0,1
BRDA:81,26,0,7
BRDA:83,27,0,1
BRDA:86,28,0,6
BRDA:95,29,0,0
BRDA:103,30,0,8
BRDA:116,31,0,0
BRDA:117,32,0,2
BRDA:122,33,0,0
BRDA:126,34,0,1
BRDA:131,35,0,0
BRDA:135,36,0,1
BRDA:168,37,0,0
BRDA:171,38,0,1
BRDA:184,39,0,0
BRDA:185,40,0,0
BRDA:190,41,0,0
BRDA:197,42,0,0
BRDA:208,43,0,4
BRDA:211,44,0,3
BRDA:215,45,0,0
BRDA:63,46,0,3
BRDA:66,47,0,0
BRDA:69,48,0,0
BRDA:74,49,0,14
BRDA:89,50,0,8
BRDA:92,51,0,0
BRDA:122,52,0,1
BRDA:137,53,0,1
BRDA:139,54,0,0
BRDA:140,55,0,0
BRDA:142,56,0,0
BRDA:142,57,0,0
BRDA:142,58,0,0
BRDA:150,59,0,0
BRDA:151,60,0,0
BRDA:153,61,0,0
BRDA:154,62,0,0
BRDA:154,63,0,0
BRDA:156,64,0,0
BRDA:157,65,0,0
BRDA:157,66,0,0
BRDA:185,67,0,1
BRF:68
BRH:34
end_of_record
TN:
SF:server/api/tasks/overdue.get.ts
FNF:0
FNH:0
DA:1,1
DA:2,1
DA:4,1
DA:5,5
DA:6,5
DA:8,5
DA:9,1
DA:10,1
DA:11,1
DA:12,1
DA:13,1
DA:16,4
DA:17,4
DA:18,4
DA:19,4
DA:20,4
DA:22,5
DA:23,1
DA:24,1
DA:25,1
DA:26,1
DA:27,1
DA:28,1
DA:29,3
DA:31,3
DA:34,3
DA:35,3
DA:36,3
DA:37,3
DA:38,3
DA:40,5
DA:41,0
DA:42,0
DA:43,0
DA:44,0
DA:45,0
DA:46,0
DA:48,5
DA:51,5
DA:52,5
DA:53,5
DA:54,5
DA:55,5
DA:56,5
DA:57,5
DA:60,5
DA:61,2
DA:62,5
DA:64,1
DA:65,1
DA:67,3
DA:69,5
DA:70,1
DA:71,0
DA:72,0
DA:73,0
DA:74,0
DA:75,1
DA:76,1
DA:77,1
DA:78,1
DA:79,1
DA:80,1
DA:81,1
DA:82,1
DA:84,5
DA:85,1
DA:86,1
DA:87,1
DA:88,1
DA:89,1
DA:92,1
DA:93,1
DA:95,1
DA:96,1
DA:97,1
DA:98,1
DA:99,1
DA:100,1
DA:101,1
DA:102,1
DA:103,1
DA:106,1
DA:107,1
DA:108,1
DA:109,1
DA:110,1
DA:111,1
DA:113,1
DA:114,1
DA:115,1
DA:116,1
DA:117,1
DA:118,1
DA:119,1
DA:120,1
DA:121,1
DA:122,1
DA:123,1
DA:125,1
DA:126,1
DA:127,1
DA:128,1
DA:129,1
DA:132,1
DA:133,1
DA:134,0
DA:135,0
DA:136,0
DA:137,0
DA:138,0
DA:139,0
DA:140,0
DA:141,0
DA:143,1
DA:144,1
DA:145,1
DA:146,1
DA:147,1
DA:148,1
DA:149,1
DA:150,1
DA:152,1
DA:153,5
DA:154,5
DA:155,5
DA:156,5
DA:157,1
DA:158,1
DA:159,1
DA:160,1
DA:161,1
DA:162,1
DA:163,5
LF:134
LH:116
BRDA:4,0,0,5
BRDA:8,1,0,1
BRDA:13,2,0,4
BRDA:22,3,0,3
BRDA:22,4,0,1
BRDA:28,5,0,3
BRDA:40,6,0,0
BRDA:40,7,0,0
BRDA:46,8,0,3
BRDA:48,9,0,0
BRDA:60,10,0,2
BRDA:62,11,0,1
BRDA:65,12,0,3
BRDA:69,13,0,1
BRDA:70,14,0,0
BRDA:82,15,0,2
BRDA:84,16,0,1
BRDA:153,17,0,0
BRDA:154,18,0,1
BRDA:154,19,0,0
BRDA:156,20,0,1
BRDA:48,21,0,2
BRDA:93,22,0,1
BRDA:133,23,0,0
BRDA:116,24,0,1
BRDA:117,25,0,1
BRDA:117,26,0,1
BRDA:125,27,0,1
BRDA:126,28,0,0
BRDA:126,29,0,1
BRDA:127,30,0,1
BRF:31
BRH:23
end_of_record
TN:
SF:server/api/tasks/process-recurring-tasks.get.ts
FNF:0
FNH:0
DA:1,1
DA:2,1
DA:4,1
DA:16,1
DA:17,3
DA:19,3
DA:22,3
DA:23,3
DA:24,3
DA:25,3
DA:26,3
DA:27,3
DA:28,3
DA:30,3
DA:31,1
DA:32,1
DA:33,1
DA:34,1
DA:35,1
DA:36,1
DA:38,3
DA:39,1
DA:40,1
DA:41,1
DA:42,1
DA:43,1
DA:44,1
DA:45,1
DA:47,1
DA:48,1
DA:49,1
DA:52,1
DA:53,1
DA:54,1
DA:56,1
DA:57,1
DA:58,1
DA:59,1
DA:60,1
DA:61,1
DA:62,1
DA:63,1
DA:64,1
DA:65,0
DA:66,0
DA:68,1
DA:69,1
DA:70,0
DA:71,0
DA:72,0
DA:73,1
DA:75,1
DA:76,1
DA:77,1
DA:78,1
DA:79,1
DA:80,1
DA:81,1
DA:82,1
DA:83,1
DA:84,1
DA:85,1
DA:86,1
DA:87,0
DA:88,0
DA:89,0
DA:90,0
DA:91,0
DA:92,0
DA:93,3
LF:70
LH:59
BRDA:16,0,0,3
BRDA:30,1,0,1
BRDA:36,2,0,2
BRDA:38,3,0,1
BRDA:64,4,0,0
BRDA:69,5,0,0
BRDA:86,6,0,0
BRF:7
BRH:4
end_of_record
TN:
SF:server/api/tasks/[id]/index.delete.ts
FNF:0
FNH:0
DA:1,1
DA:2,1
DA:4,1
DA:5,1
DA:7,1
DA:8,15
DA:9,15
DA:10,15
DA:12,15
DA:13,1
DA:14,1
DA:15,1
DA:16,1
DA:17,1
DA:19,15
DA:20,1
DA:21,1
DA:22,1
DA:23,1
DA:24,1
DA:26,13
DA:28,15
DA:30,15
DA:31,1
DA:32,1
DA:33,1
DA:34,1
DA:35,1
DA:38,12
DA:39,12
DA:40,12
DA:41,12
DA:42,12
DA:44,15
DA:45,1
DA:46,1
DA:47,1
DA:48,1
DA:49,1
DA:50,1
DA:51,10
DA:52,10
DA:53,10
DA:54,10
DA:57,10
DA:58,10
DA:59,10
DA:60,10
DA:61,10
DA:62,10
DA:64,15
DA:65,2
DA:67,2
DA:68,2
DA:69,2
DA:70,2
DA:71,2
DA:72,2
DA:74,2
DA:75,1
DA:76,1
DA:77,1
DA:78,1
DA:79,1
DA:80,1
DA:81,1
DA:82,1
DA:83,1
DA:84,1
DA:85,2
DA:86,0
DA:87,0
DA:88,0
DA:89,0
DA:90,0
DA:91,0
DA:94,8
DA:95,8
DA:96,8
DA:97,8
DA:98,8
DA:101,15
DA:103,7
DA:104,7
DA:105,7
DA:106,7
DA:108,7
DA:109,0
DA:110,0
DA:111,0
DA:112,0
DA:113,0
DA:114,0
DA:116,7
DA:119,7
DA:120,7
DA:121,7
DA:123,7
DA:124,1
DA:125,1
DA:126,1
DA:127,1
DA:128,1
DA:129,15
DA:131,1
DA:132,1
DA:133,1
DA:134,1
DA:135,1
DA:138,15
DA:139,1
DA:140,1
DA:141,1
DA:142,1
DA:143,1
DA:146,5
DA:147,5
DA:148,5
DA:150,15
DA:151,8
DA:152,8
DA:153,8
DA:154,8
DA:155,8
DA:156,8
DA:158,8
DA:159,0
DA:160,0
DA:161,0
DA:162,0
DA:163,0
DA:164,0
DA:166,8
DA:167,2
DA:168,2
DA:169,2
DA:170,2
DA:171,8
DA:173,15
DA:174,1
DA:175,1
DA:176,1
DA:177,1
DA:178,1
DA:179,0
DA:180,0
DA:181,0
DA:182,0
DA:183,0
DA:184,0
DA:185,1
DA:188,5
DA:189,5
DA:190,5
DA:191,5
DA:192,5
DA:194,15
DA:195,1
DA:196,1
DA:197,1
DA:198,1
DA:199,1
DA:200,1
DA:202,15
DA:203,0
DA:204,0
DA:205,0
DA:206,0
DA:207,0
DA:210,4
DA:213,4
DA:214,4
DA:216,4
DA:217,4
DA:218,4
DA:219,4
DA:220,4
DA:222,4
DA:224,4
DA:225,5
DA:226,5
DA:227,5
DA:228,5
DA:229,5
DA:230,5
DA:231,5
DA:232,5
DA:233,5
DA:234,4
DA:235,4
DA:237,4
DA:238,4
DA:239,4
DA:240,15
DA:241,15
DA:242,15
DA:243,9
DA:244,8
DA:245,8
DA:246,1
DA:247,1
DA:248,1
DA:249,1
DA:250,1
DA:251,1
DA:252,15
LF:206
LH:177
BRDA:7,0,0,15
BRDA:12,1,0,1
BRDA:17,2,0,14
BRDA:19,3,0,1
BRDA:24,4,0,13
BRDA:28,5,0,0
BRDA:30,6,0,1
BRDA:35,7,0,12
BRDA:42,8,0,11
BRDA:44,9,0,10
BRDA:44,10,0,1
BRDA:50,11,0,10
BRDA:64,12,0,2
BRDA:74,13,0,1
BRDA:85,14,0,0
BRDA:91,15,0,8
BRDA:101,16,0,7
BRDA:108,17,0,0
BRDA:116,18,0,0
BRDA:123,19,0,1
BRDA:129,20,0,1
BRDA:135,21,0,6
BRDA:138,22,0,1
BRDA:143,23,0,5
BRDA:150,24,0,8
BRDA:158,25,0,0
BRDA:166,26,0,2
BRDA:171,27,0,5
BRDA:173,28,0,1
BRDA:178,29,0,0
BRDA:185,30,0,5
BRDA:194,31,0,1
BRDA:200,32,0,4
BRDA:202,33,0,0
BRDA:207,34,0,4
BRDA:224,35,0,5
BRDA:240,36,0,0
BRDA:242,37,0,9
BRDA:243,38,0,8
BRDA:245,39,0,1
BRDA:116,40,0,12
BRDA:119,41,0,7
BRDA:167,42,0,3
BRF:43
BRH:35
end_of_record
TN:
SF:server/api/tasks/[id]/index.get.ts
FNF:0
FNH:0
DA:1,1
DA:2,1
DA:3,1
DA:5,1
DA:6,8
DA:7,8
DA:8,8
DA:10,8
DA:11,1
DA:12,1
DA:13,1
DA:14,1
DA:15,1
DA:18,7
DA:19,7
DA:20,7
DA:21,7
DA:22,7
DA:24,8
DA:25,1
DA:26,1
DA:27,1
DA:28,1
DA:29,1
DA:30,1
DA:31,6
DA:32,6
DA:33,6
DA:34,6
DA:36,8
DA:37,1
DA:38,1
DA:39,1
DA:40,1
DA:41,1
DA:43,5
DA:45,5
DA:46,5
DA:47,5
DA:48,5
DA:49,5
DA:50,5
DA:53,8
DA:54,1
DA:55,1
DA:56,1
DA:57,1
DA:58,1
DA:59,1
DA:60,0
DA:61,0
DA:62,0
DA:63,0
DA:64,0
DA:65,0
DA:68,4
DA:69,8
DA:70,1
DA:71,1
DA:72,1
DA:73,1
DA:74,1
DA:75,1
DA:76,1
DA:79,4
DA:80,8
DA:81,1
DA:82,1
DA:83,1
DA:84,1
DA:85,1
DA:86,1
DA:87,1
DA:88,1
DA:91,4
DA:92,4
DA:93,4
DA:94,4
DA:95,4
DA:96,4
DA:99,8
DA:100,4
DA:101,4
DA:102,4
DA:103,4
DA:104,4
DA:105,4
DA:106,4
DA:107,4
DA:108,4
DA:109,4
DA:111,4
DA:112,4
DA:113,4
DA:114,4
DA:115,8
DA:117,0
DA:118,0
DA:122,4
DA:124,8
DA:125,1
DA:126,1
DA:127,1
DA:128,1
DA:129,1
DA:132,3
DA:133,3
DA:134,3
DA:136,8
DA:137,0
DA:138,0
DA:139,0
DA:140,0
DA:141,0
DA:144,3
DA:145,3
DA:146,3
DA:147,3
DA:148,3
DA:151,8
DA:152,1
DA:153,1
DA:154,1
DA:155,1
DA:156,1
DA:157,1
DA:160,2
DA:161,2
DA:162,8
DA:163,2
DA:164,2
DA:165,2
DA:166,2
DA:167,2
DA:168,2
DA:171,2
DA:172,0
DA:173,2
DA:175,2
DA:176,2
DA:178,1
DA:179,1
DA:180,1
DA:181,1
DA:182,1
DA:183,1
DA:184,1
DA:185,1
DA:186,1
DA:188,1
DA:189,1
DA:190,1
DA:191,1
DA:192,1
DA:193,1
DA:195,1
DA:196,1
DA:197,1
DA:198,1
DA:199,1
DA:200,1
DA:201,1
DA:202,1
DA:203,1
DA:204,1
DA:205,1
DA:207,1
DA:208,1
DA:209,1
DA:210,1
DA:211,1
DA:212,0
DA:213,0
DA:214,1
DA:215,2
DA:216,2
DA:217,2
DA:218,2
DA:221,2
DA:223,2
DA:224,2
DA:226,8
DA:228,1
DA:229,1
DA:230,1
DA:232,1
DA:233,1
DA:234,1
DA:237,2
DA:238,2
DA:239,2
DA:240,2
DA:241,2
DA:242,2
DA:243,2
DA:244,2
DA:245,2
DA:246,2
DA:247,2
DA:249,2
DA:250,8
DA:251,3
DA:252,3
DA:253,3
DA:254,0
DA:255,0
DA:256,0
DA:257,0
DA:258,0
DA:259,0
DA:260,8
LF:211
LH:189
BRDA:5,0,0,8
BRDA:10,1,0,1
BRDA:15,2,0,7
BRDA:24,3,0,6
BRDA:24,4,0,1
BRDA:30,5,0,6
BRDA:36,6,0,1
BRDA:41,7,0,5
BRDA:53,8,0,1
BRDA:59,9,0,0
BRDA:65,10,0,4
BRDA:69,11,0,1
BRDA:76,12,0,4
BRDA:80,13,0,1
BRDA:88,14,0,4
BRDA:99,15,0,4
BRDA:115,16,0,0
BRDA:118,17,0,4
BRDA:124,18,0,1
BRDA:129,19,0,3
BRDA:136,20,0,0
BRDA:141,21,0,3
BRDA:151,22,0,1
BRDA:157,23,0,2
BRDA:162,24,0,2
BRDA:171,25,0,0
BRDA:176,26,0,0
BRDA:226,27,0,1
BRDA:234,28,0,2
BRDA:238,29,0,0
BRDA:250,30,0,3
BRDA:253,31,0,0
BRDA:102,32,0,4
BRDA:103,33,0,4
BRDA:111,34,0,4
BRDA:112,35,0,0
BRDA:113,36,0,3
BRDA:112,37,0,4
BRDA:113,38,0,5
BRDA:132,39,0,3
BRDA:176,40,0,1
BRDA:211,41,0,0
BRDA:198,42,0,1
BRDA:199,43,0,1
BRDA:207,44,0,1
BRDA:208,45,0,0
BRDA:209,46,0,0
BRDA:208,47,0,1
BRDA:209,48,0,2
BRDA:221,49,0,2
BRF:50
BRH:39
end_of_record
TN:
SF:server/api/tasks/[id]/index.put.ts
FN:357,normalizeDate
FNF:1
FNH:1
FNDA:8,normalizeDate
DA:1,1
DA:2,1
DA:3,1
DA:4,1
DA:10,1
DA:13,1
DA:14,21
DA:15,21
DA:16,21
DA:17,21
DA:19,21
DA:20,1
DA:21,1
DA:22,1
DA:23,1
DA:24,1
DA:26,21
DA:27,1
DA:28,1
DA:29,1
DA:30,1
DA:31,1
DA:33,21
DA:34,1
DA:35,1
DA:36,1
DA:37,1
DA:38,1
DA:40,18
DA:43,18
DA:44,18
DA:45,18
DA:46,18
DA:47,18
DA:49,21
DA:50,0
DA:51,0
DA:52,0
DA:53,0
DA:54,0
DA:55,0
DA:56,18
DA:57,18
DA:58,18
DA:59,18
DA:62,18
DA:63,18
DA:64,18
DA:65,18
DA:66,18
DA:67,18
DA:69,21
DA:70,0
DA:71,0
DA:72,0
DA:73,0
DA:74,0
DA:75,0
DA:76,0
DA:77,0
DA:78,0
DA:79,0
DA:80,0
DA:81,0
DA:84,18
DA:85,18
DA:86,18
DA:87,18
DA:88,18
DA:91,21
DA:93,17
DA:94,17
DA:95,17
DA:96,17
DA:98,17
DA:99,1
DA:100,1
DA:101,1
DA:102,1
DA:103,1
DA:104,1
DA:106,17
DA:109,17
DA:110,16
DA:111,17
DA:113,17
DA:114,0
DA:115,0
DA:116,0
DA:117,0
DA:118,0
DA:119,21
DA:121,1
DA:122,1
DA:123,1
DA:124,1
DA:125,1
DA:129,21
DA:130,2
DA:131,2
DA:133,2
DA:134,2
DA:135,1
DA:136,1
DA:137,1
DA:138,1
DA:139,1
DA:140,1
DA:141,1
DA:142,1
DA:143,1
DA:144,1
DA:145,0
DA:146,1
DA:148,2
DA:149,1
DA:150,1
DA:151,1
DA:152,1
DA:153,1
DA:154,2
DA:157,15
DA:158,15
DA:159,15
DA:160,15
DA:161,15
DA:163,21
DA:164,0
DA:165,0
DA:166,0
DA:167,0
DA:168,0
DA:169,0
DA:172,21
DA:173,21
DA:174,2
DA:175,2
DA:176,1
DA:177,1
DA:178,1
DA:179,1
DA:180,1
DA:181,2
DA:184,14
DA:193,14
DA:195,21
DA:196,21
DA:197,21
DA:198,21
DA:199,21
DA:200,21
DA:201,21
DA:202,21
DA:205,21
DA:206,21
DA:208,21
DA:209,1
DA:210,1
DA:211,1
DA:212,1
DA:215,14
DA:216,14
DA:217,14
DA:218,14
DA:219,14
DA:220,14
DA:222,21
DA:223,2
DA:224,1
DA:225,1
DA:226,1
DA:227,1
DA:228,1
DA:229,1
DA:230,1
DA:231,1
DA:232,1
DA:233,1
DA:234,1
DA:235,21
DA:238,21
DA:239,2
DA:240,2
DA:242,2
DA:243,2
DA:244,2
DA:245,2
DA:246,1
DA:247,1
DA:248,1
DA:249,1
DA:250,1
DA:251,2
DA:254,1
DA:255,2
DA:257,2
DA:258,0
DA:259,0
DA:260,0
DA:261,0
DA:263,1
DA:264,1
DA:265,2
DA:266,2
DA:267,2
DA:268,2
DA:269,2
DA:270,2
DA:271,2
DA:272,2
DA:273,2
DA:274,2
DA:276,2
DA:278,1
DA:279,1
DA:280,1
DA:281,1
DA:282,1
DA:284,1
DA:286,1
DA:287,1
DA:290,0
DA:291,0
DA:292,0
DA:293,0
DA:295,2
DA:297,0
DA:298,0
DA:299,0
DA:300,0
DA:301,0
DA:302,0
DA:304,0
DA:305,0
DA:306,0
DA:309,0
DA:310,0
DA:313,0
DA:314,0
DA:316,0
DA:317,0
DA:318,0
DA:319,0
DA:320,0
DA:321,0
DA:324,0
DA:325,0
DA:326,0
DA:327,0
DA:330,0
DA:331,0
DA:332,0
DA:333,0
DA:334,0
DA:335,0
DA:337,0
DA:338,0
DA:339,0
DA:341,0
DA:342,0
DA:343,0
DA:344,0
DA:345,2
DA:347,2
DA:348,0
DA:349,0
DA:350,2
DA:351,0
DA:354,10
DA:357,10
DA:358,8
DA:360,8
DA:361,8
DA:364,21
DA:365,3
DA:366,3
DA:367,21
DA:368,0
DA:369,0
DA:370,21
DA:371,1
DA:372,1
DA:373,21
DA:374,6
DA:375,6
DA:376,21
DA:377,1
DA:378,1
DA:379,21
DA:380,1
DA:381,1
DA:382,21
DA:383,1
DA:384,1
DA:385,21
DA:386,1
DA:387,1
DA:390,21
DA:391,3
DA:392,21
DA:393,5
DA:396,5
DA:397,5
DA:399,5
DA:400,5
DA:401,5
DA:402,5
DA:403,5
DA:405,5
DA:407,5
DA:408,11
DA:409,11
DA:410,5
DA:413,5
DA:414,5
DA:415,5
DA:416,5
DA:417,5
DA:418,5
DA:419,5
DA:420,5
DA:421,5
DA:422,5
DA:423,5
DA:424,5
DA:425,5
DA:426,5
DA:429,21
DA:431,2
DA:432,2
DA:433,2
DA:434,2
DA:435,2
DA:437,2
DA:440,2
DA:442,2
DA:444,2
DA:447,2
DA:448,1
DA:449,1
DA:450,2
DA:452,0
DA:453,0
DA:454,0
DA:455,0
DA:457,1
DA:458,1
DA:461,2
DA:462,1
DA:463,1
DA:464,1
DA:465,1
DA:466,1
DA:469,0
DA:470,0
DA:471,0
DA:472,0
DA:475,0
DA:476,0
DA:477,0
DA:478,0
DA:479,0
DA:480,0
DA:483,0
DA:484,0
DA:485,0
DA:486,0
DA:487,0
DA:488,0
DA:489,0
DA:491,0
DA:492,0
DA:493,0
DA:494,0
DA:495,0
DA:497,0
DA:498,0
DA:499,0
DA:500,0
DA:501,0
DA:502,0
DA:503,0
DA:504,0
DA:507,0
DA:508,0
DA:509,0
DA:512,0
DA:513,0
DA:514,0
DA:515,0
DA:516,0
DA:517,0
DA:518,0
DA:519,0
DA:520,0
DA:521,0
DA:522,0
DA:525,0
DA:526,0
DA:529,0
DA:530,0
DA:531,0
DA:532,0
DA:533,0
DA:534,0
DA:535,0
DA:536,0
DA:537,0
DA:538,0
DA:539,0
DA:540,0
DA:541,2
DA:545,8
DA:546,8
DA:547,21
DA:549,21
DA:550,3
DA:551,3
DA:553,3
DA:554,1
DA:555,1
DA:556,1
DA:557,1
DA:558,1
DA:559,3
DA:561,7
DA:562,7
DA:563,7
DA:564,21
DA:565,1
DA:566,1
DA:567,1
DA:568,1
DA:569,21
DA:570,21
DA:571,21
DA:572,11
DA:573,10
DA:574,10
DA:575,1
DA:576,1
DA:577,1
DA:578,1
DA:579,1
DA:580,1
DA:581,21
LF:446
LH:305
BRDA:13,0,0,21
BRDA:19,1,0,1
BRDA:24,2,0,20
BRDA:26,3,0,1
BRDA:31,4,0,19
BRDA:33,5,0,1
BRDA:38,6,0,18
BRDA:49,7,0,0
BRDA:55,8,0,18
BRDA:69,9,0,0
BRDA:81,10,0,18
BRDA:91,11,0,17
BRDA:98,12,0,1
BRDA:104,13,0,16
BRDA:106,14,0,0
BRDA:109,15,0,16
BRDA:113,16,0,0
BRDA:119,17,0,1
BRDA:125,18,0,16
BRDA:129,19,0,2
BRDA:129,20,0,2
BRDA:131,21,0,0
BRDA:134,22,0,1
BRDA:141,23,0,0
BRDA:144,24,0,0
BRDA:148,25,0,1
BRDA:148,26,0,1
BRDA:154,27,0,15
BRDA:163,28,0,0
BRDA:169,29,0,15
BRDA:172,30,0,2
BRDA:173,31,0,2
BRDA:175,32,0,1
BRDA:181,33,0,14
BRDA:195,34,0,13
BRDA:195,35,0,14
BRDA:196,36,0,2
BRDA:196,37,0,14
BRDA:197,38,0,2
BRDA:197,39,0,14
BRDA:198,40,0,6
BRDA:198,41,0,14
BRDA:199,42,0,1
BRDA:199,43,0,14
BRDA:200,44,0,1
BRDA:200,45,0,14
BRDA:201,46,0,2
BRDA:201,47,0,14
BRDA:202,48,0,1
BRDA:202,49,0,14
BRDA:205,50,0,2
BRDA:205,51,0,12
BRDA:206,52,0,12
BRDA:208,53,0,1
BRDA:208,54,0,1
BRDA:208,55,0,1
BRDA:212,56,0,14
BRDA:222,57,0,2
BRDA:223,58,0,1
BRDA:234,59,0,12
BRDA:235,60,0,0
BRDA:238,61,0,2
BRDA:245,62,0,1
BRDA:251,63,0,1
BRDA:255,64,0,1
BRDA:255,65,0,0
BRDA:257,66,0,0
BRDA:257,67,0,0
BRDA:257,68,0,0
BRDA:261,69,0,1
BRDA:265,70,0,0
BRDA:268,71,0,1
BRDA:268,72,0,0
BRDA:270,73,0,1
BRDA:271,74,0,0
BRDA:272,75,0,1
BRDA:272,76,0,0
BRDA:276,77,0,1
BRDA:284,78,0,0
BRDA:287,79,0,0
BRDA:295,80,0,0
BRDA:347,81,0,0
BRDA:350,82,0,0
BRDA:351,83,0,10
BRDA:364,84,0,9
BRDA:364,85,0,3
BRDA:366,86,0,10
BRDA:367,87,0,2
BRDA:367,88,0,0
BRDA:369,89,0,10
BRDA:370,90,0,2
BRDA:370,91,0,1
BRDA:372,92,0,10
BRDA:373,93,0,6
BRDA:373,94,0,6
BRDA:375,95,0,10
BRDA:376,96,0,1
BRDA:376,97,0,1
BRDA:378,98,0,10
BRDA:379,99,0,1
BRDA:379,100,0,1
BRDA:381,101,0,10
BRDA:382,102,0,2
BRDA:382,103,0,1
BRDA:384,104,0,10
BRDA:385,105,0,1
BRDA:385,106,0,1
BRDA:387,107,0,10
BRDA:390,108,0,3
BRDA:390,109,0,3
BRDA:392,110,0,7
BRDA:392,111,0,5
BRDA:426,112,0,10
BRDA:429,113,0,2
BRDA:437,114,0,0
BRDA:447,115,0,1
BRDA:450,116,0,0
BRDA:455,117,0,1
BRDA:461,118,0,1
BRDA:466,119,0,0
BRDA:541,120,0,8
BRDA:547,121,0,4
BRDA:549,122,0,3
BRDA:549,123,0,3
BRDA:551,124,0,2
BRDA:553,125,0,1
BRDA:553,126,0,1
BRDA:559,127,0,7
BRDA:564,128,0,1
BRDA:569,129,0,6
BRDA:571,130,0,11
BRDA:572,131,0,10
BRDA:574,132,0,1
BRDA:106,133,0,19
BRDA:109,134,0,16
BRDA:131,135,0,2
BRDA:357,136,0,8
BRDA:358,137,0,0
BRDA:407,138,0,11
BRDA:408,139,0,13
BRDA:437,140,0,3
BRDA:444,141,0,7
BRDA:457,142,0,1
BRDA:458,143,0,2
BRF:144
BRH:117
end_of_record
TN:
SF:server/api/tasks/[id]/comments/[commentId].delete.ts
FNF:0
FNH:0
DA:1,1
DA:2,1
DA:4,1
DA:5,10
DA:6,10
DA:8,10
DA:9,1
DA:10,1
DA:11,1
DA:12,1
DA:13,1
DA:15,9
DA:16,9
DA:18,10
DA:19,2
DA:20,2
DA:21,2
DA:22,2
DA:23,2
DA:25,7
DA:27,7
DA:28,7
DA:29,7
DA:30,7
DA:31,7
DA:33,10
DA:34,1
DA:35,1
DA:36,1
DA:37,1
DA:38,1
DA:40,6
DA:41,6
DA:44,6
DA:45,6
DA:46,6
DA:47,6
DA:48,6
DA:49,6
DA:50,6
DA:52,10
DA:53,1
DA:54,1
DA:55,1
DA:56,1
DA:57,1
DA:59,10
DA:60,1
DA:61,1
DA:62,1
DA:63,1
DA:64,1
DA:67,3
DA:69,3
DA:70,3
DA:71,3
DA:72,3
DA:73,3
DA:74,3
DA:75,3
DA:77,10
DA:78,1
DA:79,1
DA:80,1
DA:81,1
DA:82,1
DA:83,1
DA:85,10
DA:86,1
DA:87,1
DA:88,1
DA:89,1
DA:90,1
DA:92,1
DA:93,1
DA:94,1
DA:95,1
DA:97,10
DA:98,6
DA:99,5
DA:100,5
DA:101,1
DA:102,1
DA:103,1
DA:104,1
DA:105,1
DA:106,1
DA:107,10
LF:88
LH:88
BRDA:4,0,0,10
BRDA:8,1,0,1
BRDA:13,2,0,9
BRDA:18,3,0,8
BRDA:18,4,0,2
BRDA:23,5,0,7
BRDA:33,6,0,6
BRDA:33,7,0,1
BRDA:38,8,0,6
BRDA:50,9,0,5
BRDA:52,10,0,4
BRDA:52,11,0,1
BRDA:57,12,0,4
BRDA:59,13,0,1
BRDA:59,14,0,1
BRDA:64,15,0,3
BRDA:77,16,0,1
BRDA:83,17,0,2
BRDA:85,18,0,1
BRDA:97,19,0,6
BRDA:98,20,0,5
BRDA:100,21,0,1
BRF:22
BRH:22
end_of_record
TN:
SF:server/api/tasks/[id]/comments/[commentId].put.ts
FNF:0
FNH:0
DA:1,1
DA:2,1
DA:3,1
DA:23,1
DA:24,15
DA:25,15
DA:27,15
DA:28,1
DA:29,1
DA:30,1
DA:31,1
DA:32,1
DA:34,14
DA:35,14
DA:37,15
DA:38,2
DA:39,2
DA:40,2
DA:41,2
DA:42,2
DA:44,12
DA:47,15
DA:48,1
DA:49,1
DA:50,1
DA:51,1
DA:52,1
DA:54,15
DA:55,1
DA:56,1
DA:57,1
DA:58,1
DA:59,1
DA:61,10
DA:63,10
DA:64,10
DA:65,10
DA:66,10
DA:67,10
DA:69,15
DA:70,1
DA:71,1
DA:72,1
DA:73,1
DA:74,1
DA:76,9
DA:77,9
DA:80,9
DA:81,9
DA:82,9
DA:83,9
DA:84,9
DA:85,9
DA:87,15
DA:88,1
DA:89,1
DA:90,1
DA:91,1
DA:92,1
DA:95,7
DA:96,7
DA:97,7
DA:98,7
DA:99,7
DA:103,7
DA:105,15
DA:106,1
DA:107,1
DA:108,1
DA:109,1
DA:110,1
DA:113,15
DA:114,6
DA:115,15
DA:117,15
DA:118,1
DA:119,1
DA:120,1
DA:121,1
DA:122,1
DA:125,5
DA:126,5
DA:127,5
DA:128,5
DA:129,5
DA:130,5
DA:131,5
DA:133,15
DA:134,1
DA:135,1
DA:136,1
DA:137,1
DA:138,1
DA:141,15
DA:142,1
DA:143,1
DA:144,1
DA:145,1
DA:146,1
DA:149,3
DA:150,3
DA:151,3
DA:152,3
DA:153,3
DA:154,3
DA:155,3
DA:156,3
DA:168,3
DA:169,3
DA:171,15
DA:172,2
DA:173,2
DA:174,2
DA:175,2
DA:176,2
DA:177,2
DA:180,1
DA:181,1
DA:182,1
DA:183,1
DA:184,1
DA:185,1
DA:186,1
DA:187,1
DA:188,1
DA:189,1
DA:190,1
DA:191,1
DA:192,1
DA:193,1
DA:195,1
DA:196,1
DA:197,1
DA:198,1
DA:200,15
DA:201,9
DA:202,8
DA:203,8
DA:204,1
DA:205,1
DA:206,1
DA:207,1
DA:208,1
DA:209,1
DA:210,15
LF:145
LH:145
BRDA:23,0,0,15
BRDA:27,1,0,1
BRDA:32,2,0,14
BRDA:37,3,0,13
BRDA:37,4,0,2
BRDA:42,5,0,12
BRDA:47,6,0,1
BRDA:52,7,0,11
BRDA:54,8,0,1
BRDA:59,9,0,10
BRDA:69,10,0,9
BRDA:69,11,0,1
BRDA:74,12,0,9
BRDA:85,13,0,8
BRDA:87,14,0,7
BRDA:87,15,0,1
BRDA:92,16,0,7
BRDA:105,17,0,1
BRDA:110,18,0,6
BRDA:117,19,0,1
BRDA:122,20,0,5
BRDA:133,21,0,4
BRDA:133,22,0,1
BRDA:138,23,0,4
BRDA:141,24,0,1
BRDA:146,25,0,3
BRDA:171,26,0,2
BRDA:171,27,0,2
BRDA:177,28,0,1
BRDA:200,29,0,9
BRDA:201,30,0,8
BRDA:203,31,0,1
BRDA:113,32,0,6
BRF:33
BRH:33
end_of_record
TN:
SF:server/api/tasks/[id]/comments/index.get.ts
FNF:0
FNH:0
DA:1,1
DA:2,1
DA:3,1
DA:30,1
DA:31,9
DA:32,9
DA:34,9
DA:35,1
DA:36,1
DA:37,1
DA:38,1
DA:39,1
DA:41,8
DA:42,9
DA:43,1
DA:44,1
DA:45,1
DA:46,1
DA:47,1
DA:49,7
DA:51,7
DA:52,7
DA:53,7
DA:54,7
DA:55,7
DA:56,7
DA:58,9
DA:59,1
DA:60,1
DA:61,1
DA:62,1
DA:63,1
DA:66,5
DA:67,5
DA:68,5
DA:69,5
DA:70,5
DA:72,9
DA:73,1
DA:74,1
DA:75,1
DA:76,1
DA:77,1
DA:79,4
DA:80,4
DA:83,4
DA:84,4
DA:85,4
DA:86,4
DA:87,4
DA:91,4
DA:93,9
DA:94,1
DA:95,1
DA:96,1
DA:97,1
DA:98,1
DA:101,9
DA:102,3
DA:103,9
DA:105,9
DA:106,1
DA:107,1
DA:108,1
DA:109,1
DA:110,1
DA:113,2
DA:114,2
DA:115,2
DA:127,2
DA:128,2
DA:129,2
DA:130,2
DA:132,9
DA:133,1
DA:134,1
DA:135,1
DA:136,1
DA:137,1
DA:138,1
DA:141,9
DA:142,1
DA:143,1
DA:144,1
DA:145,1
DA:146,1
DA:147,1
DA:148,1
DA:149,1
DA:150,1
DA:151,1
DA:152,1
DA:153,1
DA:154,9
DA:156,9
DA:157,9
DA:158,9
DA:159,9
DA:161,9
DA:162,6
DA:163,5
DA:164,5
DA:165,1
DA:166,1
DA:167,1
DA:168,1
DA:169,1
DA:170,1
DA:171,9
LF:109
LH:109
BRDA:30,0,0,9
BRDA:34,1,0,1
BRDA:39,2,0,8
BRDA:42,3,0,1
BRDA:47,4,0,7
BRDA:56,5,0,6
BRDA:58,6,0,5
BRDA:58,7,0,1
BRDA:63,8,0,5
BRDA:72,9,0,4
BRDA:72,10,0,1
BRDA:77,11,0,4
BRDA:93,12,0,1
BRDA:98,13,0,3
BRDA:105,14,0,1
BRDA:110,15,0,2
BRDA:132,16,0,1
BRDA:154,17,0,0
BRDA:161,18,0,6
BRDA:162,19,0,5
BRDA:164,20,0,1
BRDA:101,21,0,3
BRDA:141,22,0,1
BRF:23
BRH:22
end_of_record
TN:
SF:server/api/tasks/[id]/comments/index.post.ts
FNF:0
FNH:0
DA:1,1
DA:2,1
DA:3,1
DA:5,1
DA:29,1
DA:30,11
DA:31,11
DA:33,11
DA:34,1
DA:35,1
DA:36,1
DA:37,1
DA:38,1
DA:40,10
DA:41,11
DA:42,1
DA:43,1
DA:44,1
DA:45,1
DA:46,1
DA:48,9
DA:51,11
DA:52,1
DA:53,1
DA:54,1
DA:55,1
DA:56,1
DA:58,11
DA:59,1
DA:60,1
DA:61,1
DA:62,1
DA:63,1
DA:65,7
DA:67,7
DA:68,7
DA:69,7
DA:70,7
DA:71,7
DA:72,7
DA:74,11
DA:75,1
DA:76,1
DA:77,1
DA:78,1
DA:79,1
DA:82,5
DA:83,5
DA:84,5
DA:85,5
DA:86,5
DA:88,11
DA:89,1
DA:90,1
DA:91,1
DA:92,1
DA:93,1
DA:95,4
DA:96,4
DA:99,4
DA:100,4
DA:101,4
DA:102,4
DA:103,4
DA:107,4
DA:109,11
DA:110,1
DA:111,1
DA:112,1
DA:113,1
DA:114,1
DA:117,11
DA:118,3
DA:119,11
DA:121,11
DA:122,1
DA:123,1
DA:124,1
DA:125,1
DA:126,1
DA:129,2
DA:130,2
DA:131,2
DA:132,2
DA:133,2
DA:134,2
DA:135,2
DA:136,2
DA:148,2
DA:149,2
DA:151,11
DA:152,1
DA:153,1
DA:154,1
DA:155,1
DA:156,1
DA:157,1
DA:160,1
DA:161,1
DA:162,1
DA:163,1
DA:164,1
DA:165,1
DA:166,1
DA:167,1
DA:168,1
DA:169,1
DA:170,1
DA:171,1
DA:172,1
DA:173,1
DA:176,1
DA:177,1
DA:179,1
DA:180,1
DA:181,1
DA:182,1
DA:183,1
DA:185,1
DA:187,1
DA:188,2
DA:189,2
DA:190,2
DA:191,2
DA:192,2
DA:193,2
DA:194,2
DA:195,2
DA:196,2
DA:197,2
DA:198,1
DA:199,1
DA:201,1
DA:202,1
DA:203,1
DA:204,1
DA:206,11
DA:207,6
DA:208,5
DA:209,5
DA:210,1
DA:211,1
DA:212,1
DA:213,1
DA:214,1
DA:215,1
DA:216,11
LF:147
LH:147
BRDA:29,0,0,11
BRDA:33,1,0,1
BRDA:38,2,0,10
BRDA:41,3,0,1
BRDA:46,4,0,9
BRDA:51,5,0,1
BRDA:56,6,0,8
BRDA:58,7,0,1
BRDA:63,8,0,7
BRDA:72,9,0,6
BRDA:74,10,0,5
BRDA:74,11,0,1
BRDA:79,12,0,5
BRDA:88,13,0,4
BRDA:88,14,0,1
BRDA:93,15,0,4
BRDA:109,16,0,1
BRDA:114,17,0,3
BRDA:121,18,0,1
BRDA:126,19,0,2
BRDA:151,20,0,1
BRDA:151,21,0,1
BRDA:187,22,0,2
BRDA:206,23,0,6
BRDA:207,24,0,5
BRDA:209,25,0,1
BRDA:117,26,0,3
BRF:27
BRH:27
end_of_record
TN:
SF:server/api/update-password/update-password.post.ts
FNF:0
FNH:0
DA:1,1
DA:2,1
DA:10,1
DA:11,7
DA:13,7
DA:14,1
DA:15,1
DA:16,1
DA:17,1
DA:18,1
DA:20,7
DA:21,1
DA:22,1
DA:23,1
DA:24,1
DA:25,1
DA:27,7
DA:28,1
DA:29,1
DA:30,1
DA:31,1
DA:32,1
DA:34,7
DA:35,1
DA:36,1
DA:37,1
DA:38,1
DA:39,1
DA:41,3
DA:43,7
DA:44,1
DA:45,1
DA:46,1
DA:47,1
DA:48,1
DA:50,2
DA:51,2
DA:52,2
DA:53,2
DA:55,7
DA:56,1
DA:57,1
DA:58,1
DA:59,1
DA:60,1
DA:62,1
DA:63,1
DA:64,1
DA:65,1
DA:66,1
LF:50
LH:50
BRDA:10,0,0,7
BRDA:13,1,0,1
BRDA:18,2,0,6
BRDA:20,3,0,5
BRDA:20,4,0,1
BRDA:25,5,0,5
BRDA:27,6,0,1
BRDA:32,7,0,4
BRDA:34,8,0,1
BRDA:39,9,0,3
BRDA:43,10,0,1
BRDA:48,11,0,2
BRDA:55,12,0,1
BRDA:57,13,0,0
BRDA:58,14,0,0
BRF:15
BRH:13
end_of_record
TN:
SF:server/api/user/me.get.ts
FNF:0
FNH:0
DA:1,1
DA:2,1
DA:4,1
DA:5,4
DA:8,4
DA:9,4
DA:10,1
DA:11,1
DA:13,3
DA:14,3
DA:15,3
DA:16,3
DA:17,3
DA:19,4
DA:20,4
DA:22,1
DA:23,1
DA:24,1
DA:25,4
DA:26,4
DA:27,4
DA:28,4
DA:29,4
DA:30,4
LF:24
LH:24
BRDA:4,0,0,4
BRDA:9,1,0,3
BRDA:9,2,0,1
BRDA:11,3,0,3
BRDA:19,4,0,1
BRDA:19,5,0,2
BRDA:20,6,0,1
BRDA:25,7,0,0
BRF:8
BRH:7
end_of_record
