TN:
SF:server\api\admin\archive\index.get.ts
FNF:0
FNH:0
DA:1,1
DA:2,1
DA:23,1
DA:24,8
DA:25,8
DA:27,8
DA:28,1
DA:29,1
DA:32,7
DA:33,7
DA:34,7
DA:35,7
DA:36,7
DA:38,8
DA:39,1
DA:40,1
DA:42,8
DA:44,8
DA:45,1
DA:46,1
DA:49,5
DA:50,5
DA:51,5
DA:52,5
DA:53,5
DA:55,8
DA:56,1
DA:57,1
DA:60,4
DA:61,4
DA:62,4
DA:63,4
DA:64,4
DA:66,8
DA:67,1
DA:68,1
DA:70,8
DA:71,8
DA:74,8
DA:75,8
DA:76,8
DA:77,8
DA:78,8
DA:79,8
DA:80,8
DA:84,8
DA:85,2
DA:86,2
DA:87,2
DA:88,2
DA:89,1
DA:91,8
DA:92,1
DA:93,1
DA:95,2
DA:96,8
DA:97,8
DA:100,8
DA:101,3
DA:102,1
DA:103,1
DA:104,1
DA:105,3
DA:106,8
DA:108,8
DA:109,3
DA:110,3
DA:111,8
DA:113,8
DA:114,1
DA:115,1
DA:116,8
DA:118,8
DA:119,8
DA:120,8
DA:121,8
DA:122,8
LF:77
LH:77
BRDA:23,0,0,8
BRDA:27,1,0,7
BRDA:27,2,0,1
BRDA:29,3,0,7
BRDA:38,4,0,1
BRDA:40,5,0,6
BRDA:42,6,0,0
BRDA:44,7,0,6
BRDA:44,8,0,1
BRDA:46,9,0,5
BRDA:55,10,0,1
BRDA:56,11,0,0
BRDA:57,12,0,4
BRDA:66,13,0,1
BRDA:67,14,0,0
BRDA:68,15,0,3
BRDA:70,16,0,0
BRDA:71,17,0,0
BRDA:84,18,0,2
BRDA:88,19,0,1
BRDA:91,20,0,1
BRDA:93,21,0,2
BRDA:96,22,0,1
BRDA:77,23,0,4
BRDA:78,24,0,4
BRDA:96,25,0,1
BRDA:100,26,0,3
BRDA:101,27,0,1
BRDA:108,28,0,3
BRDA:110,29,0,1
BRDA:110,30,0,0
BRDA:110,31,0,2
BRDA:113,32,0,1
BRDA:115,33,0,0
BRF:34
BRH:27
end_of_record
TN:
SF:server\api\admin\users\[id].put.ts
FNF:0
FNH:0
DA:1,1
DA:2,1
DA:4,1
DA:5,9
DA:6,9
DA:8,9
DA:9,1
DA:10,1
DA:13,8
DA:14,9
DA:15,1
DA:16,1
DA:19,7
DA:20,7
DA:21,7
DA:22,7
DA:23,7
DA:25,9
DA:26,1
DA:27,1
DA:29,9
DA:30,1
DA:31,1
DA:34,9
DA:35,1
DA:36,1
DA:38,4
DA:39,4
DA:40,4
DA:41,4
DA:42,4
DA:43,4
DA:44,4
DA:45,4
DA:46,4
DA:49,4
DA:50,9
DA:51,9
DA:52,9
DA:53,9
DA:54,9
DA:55,9
DA:57,9
DA:58,1
DA:59,1
DA:62,3
DA:63,3
DA:64,3
DA:65,3
DA:66,3
DA:68,9
DA:69,1
DA:70,1
DA:72,9
DA:73,1
DA:74,1
DA:76,1
DA:77,1
DA:78,1
DA:79,1
DA:80,1
DA:81,1
LF:62
LH:62
BRDA:4,0,0,9
BRDA:8,1,0,1
BRDA:10,2,0,8
BRDA:14,3,0,7
BRDA:14,4,0,1
BRDA:16,5,0,7
BRDA:25,6,0,1
BRDA:27,7,0,6
BRDA:29,8,0,1
BRDA:31,9,0,5
BRDA:34,10,0,1
BRDA:36,11,0,4
BRDA:50,12,0,3
BRDA:50,13,0,4
BRDA:51,14,0,2
BRDA:51,15,0,4
BRDA:52,16,0,1
BRDA:52,17,0,4
BRDA:53,18,0,0
BRDA:53,19,0,4
BRDA:54,20,0,0
BRDA:54,21,0,4
BRDA:55,22,0,0
BRDA:55,23,0,4
BRDA:57,24,0,1
BRDA:59,25,0,3
BRDA:68,26,0,1
BRDA:70,27,0,2
BRDA:72,28,0,1
BRF:29
BRH:26
end_of_record
TN:
SF:server\api\admin\users\index.get.ts
FNF:0
FNH:0
DA:1,1
DA:2,1
DA:17,1
DA:18,6
DA:21,6
DA:22,6
DA:23,1
DA:24,1
DA:27,5
DA:28,5
DA:29,5
DA:30,5
DA:31,5
DA:33,6
DA:34,1
DA:35,1
DA:37,6
DA:38,1
DA:39,1
DA:42,3
DA:43,3
DA:44,3
DA:45,3
DA:47,6
DA:48,1
DA:49,1
DA:50,1
DA:51,1
DA:52,1
DA:54,6
DA:56,2
DA:57,2
DA:60,2
DA:61,6
DA:62,1
DA:63,1
DA:64,1
DA:65,1
DA:66,1
DA:68,6
DA:69,6
DA:70,6
DA:71,6
DA:72,6
DA:73,6
DA:75,6
DA:76,2
DA:77,2
DA:78,2
DA:79,2
DA:81,2
DA:83,2
DA:84,2
DA:85,2
DA:86,2
DA:87,2
DA:88,2
DA:89,6
DA:90,6
LF:59
LH:59
BRDA:17,0,0,6
BRDA:22,1,0,5
BRDA:22,2,0,1
BRDA:24,3,0,5
BRDA:33,4,0,1
BRDA:35,5,0,4
BRDA:37,6,0,1
BRDA:39,7,0,3
BRDA:47,8,0,1
BRDA:52,9,0,2
BRDA:54,10,0,0
BRDA:54,11,0,2
BRDA:61,12,0,1
BRDA:68,13,0,0
BRDA:57,14,0,3
BRDA:71,15,0,2
BRDA:72,16,0,2
BRDA:75,17,0,2
BRDA:78,18,0,0
BRDA:81,19,0,1
BRDA:81,20,0,1
BRDA:81,21,0,0
BRF:22
BRH:18
end_of_record
TN:
SF:server\api\assignee\index.post.ts
FNF:0
FNH:0
DA:1,1
DA:2,1
DA:4,1
DA:5,9
DA:6,9
DA:8,9
DA:9,9
DA:10,8
DA:11,1
DA:13,9
DA:14,1
DA:15,1
DA:17,9
DA:18,2
DA:19,2
DA:22,9
DA:23,1
DA:24,1
DA:26,9
DA:27,9
DA:28,5
DA:29,5
DA:30,1
DA:31,1
DA:32,4
DA:33,4
DA:34,4
DA:35,4
DA:36,4
DA:38,5
DA:39,1
DA:40,1
DA:41,5
DA:42,1
DA:43,1
DA:45,2
DA:46,2
DA:48,2
DA:49,2
DA:50,2
DA:51,2
DA:52,2
DA:54,2
DA:55,2
DA:56,2
DA:58,9
DA:59,1
DA:60,1
DA:62,1
DA:63,1
LF:50
LH:50
BRDA:4,0,0,9
BRDA:9,1,0,8
BRDA:10,2,0,1
BRDA:13,3,0,1
BRDA:15,4,0,8
BRDA:17,5,0,2
BRDA:19,6,0,6
BRDA:22,7,0,1
BRDA:24,8,0,5
BRDA:26,9,0,0
BRDA:26,10,0,5
BRDA:27,11,0,5
BRDA:29,12,0,4
BRDA:29,13,0,1
BRDA:31,14,0,4
BRDA:38,15,0,1
BRDA:40,16,0,3
BRDA:41,17,0,1
BRDA:43,18,0,2
BRDA:46,19,0,2
BRDA:58,20,0,1
BRDA:10,21,0,13
BRDA:48,22,0,2
BRF:23
BRH:22
end_of_record
TN:
SF:server\api\forgot-password\forgot-password.post.ts
FNF:0
FNH:0
DA:3,1
DA:4,1
DA:6,1
DA:7,3
DA:8,3
DA:12,3
DA:13,3
DA:14,3
DA:16,3
DA:18,1
DA:19,1
DA:20,1
DA:21,1
DA:22,1
DA:25,1
DA:26,1
DA:27,1
DA:28,1
DA:29,1
LF:19
LH:19
BRDA:6,0,0,3
BRDA:14,1,0,2
BRDA:16,2,0,1
BRF:3
BRH:3
end_of_record
TN:
SF:server\api\login\login.post.ts
FNF:0
FNH:0
DA:3,1
DA:4,1
DA:6,1
DA:7,5
DA:11,5
DA:12,1
DA:13,1
DA:14,1
DA:15,1
DA:16,1
DA:19,4
DA:20,5
DA:21,1
DA:22,1
DA:23,1
DA:24,1
DA:25,1
DA:27,3
DA:29,3
DA:30,3
DA:31,3
DA:32,3
DA:34,5
DA:35,1
DA:36,1
DA:37,1
DA:38,1
DA:39,1
DA:41,1
DA:42,1
DA:43,1
DA:44,1
DA:45,1
DA:46,1
LF:34
LH:34
BRDA:6,0,0,5
BRDA:11,1,0,4
BRDA:11,2,0,1
BRDA:16,3,0,4
BRDA:20,4,0,1
BRDA:25,5,0,3
BRDA:32,6,0,2
BRDA:34,7,0,1
BRF:8
BRH:8
end_of_record
TN:
SF:server\api\logout\logout.post.ts
FNF:0
FNH:0
DA:3,1
DA:4,1
DA:6,1
DA:7,3
DA:11,3
DA:13,3
DA:14,1
DA:15,1
DA:19,2
DA:20,2
LF:10
LH:10
BRDA:6,0,0,3
BRDA:11,1,0,2
BRDA:13,2,0,1
BRDA:15,3,0,2
BRF:4
BRH:4
end_of_record
TN:
SF:server\api\notifications\delete-all-read.post.ts
FNF:0
FNH:0
DA:1,1
DA:2,1
DA:4,1
DA:5,5
DA:6,5
DA:8,5
DA:9,1
DA:10,1
DA:11,1
DA:12,1
DA:13,1
DA:16,4
DA:17,4
DA:18,4
DA:19,4
DA:20,4
DA:22,5
DA:23,1
DA:24,1
DA:25,1
DA:26,1
DA:27,1
DA:28,1
DA:30,3
DA:32,3
DA:34,3
DA:35,3
DA:36,3
DA:37,3
DA:38,3
DA:39,3
DA:41,5
DA:42,1
DA:43,1
DA:44,1
DA:45,1
DA:46,1
DA:47,1
DA:49,1
DA:50,1
DA:51,1
DA:52,1
DA:53,5
DA:54,2
DA:55,1
DA:56,1
DA:57,1
DA:58,1
DA:59,1
DA:60,1
DA:61,1
DA:62,1
DA:63,5
LF:53
LH:53
BRDA:4,0,0,5
BRDA:8,1,0,1
BRDA:13,2,0,4
BRDA:22,3,0,3
BRDA:22,4,0,1
BRDA:28,5,0,3
BRDA:39,6,0,2
BRDA:41,7,0,1
BRDA:53,8,0,2
BRDA:54,9,0,1
BRF:10
BRH:10
end_of_record
TN:
SF:server\api\notifications\index.get.ts
FNF:0
FNH:0
DA:1,1
DA:2,1
DA:5,1
DA:6,5
DA:7,5
DA:9,5
DA:10,1
DA:11,1
DA:12,1
DA:13,1
DA:14,1
DA:17,4
DA:18,4
DA:19,4
DA:20,4
DA:21,4
DA:23,5
DA:24,1
DA:25,1
DA:26,1
DA:27,1
DA:28,1
DA:29,1
DA:30,3
DA:32,3
DA:34,3
DA:35,3
DA:36,3
DA:51,3
DA:52,3
DA:53,3
DA:54,3
DA:55,3
DA:57,5
DA:58,1
DA:59,1
DA:60,1
DA:61,1
DA:62,1
DA:63,1
DA:65,1
DA:66,5
DA:67,5
DA:68,5
DA:69,2
DA:70,1
DA:71,1
DA:72,1
DA:73,1
DA:74,1
DA:75,1
DA:76,1
DA:77,1
DA:78,5
LF:54
LH:54
BRDA:5,0,0,5
BRDA:9,1,0,1
BRDA:14,2,0,4
BRDA:23,3,0,3
BRDA:23,4,0,1
BRDA:29,5,0,3
BRDA:55,6,0,2
BRDA:57,7,0,1
BRDA:66,8,0,0
BRDA:68,9,0,2
BRDA:69,10,0,1
BRF:11
BRH:10
end_of_record
TN:
SF:server\api\notifications\read-all.post.ts
FNF:0
FNH:0
DA:1,1
DA:2,1
DA:4,1
DA:5,5
DA:6,5
DA:8,5
DA:9,1
DA:10,1
DA:11,1
DA:12,1
DA:13,1
DA:16,4
DA:17,4
DA:18,4
DA:19,4
DA:20,4
DA:22,5
DA:23,1
DA:24,1
DA:25,1
DA:26,1
DA:27,1
DA:28,1
DA:29,3
DA:31,3
DA:33,3
DA:34,3
DA:35,3
DA:36,3
DA:37,3
DA:39,5
DA:40,1
DA:41,1
DA:42,1
DA:43,1
DA:44,1
DA:45,1
DA:47,1
DA:48,1
DA:49,1
DA:50,1
DA:51,5
DA:52,2
DA:53,1
DA:54,1
DA:55,1
DA:56,1
DA:57,1
DA:58,1
DA:59,1
DA:60,1
DA:61,5
LF:52
LH:52
BRDA:4,0,0,5
BRDA:8,1,0,1
BRDA:13,2,0,4
BRDA:22,3,0,3
BRDA:22,4,0,1
BRDA:28,5,0,3
BRDA:37,6,0,2
BRDA:39,7,0,1
BRDA:51,8,0,2
BRDA:52,9,0,1
BRF:10
BRH:10
end_of_record
TN:
SF:server\api\notifications\[id]\index.delete.ts
FNF:0
FNH:0
DA:1,1
DA:2,1
DA:4,1
DA:5,6
DA:6,6
DA:8,6
DA:9,1
DA:10,1
DA:11,1
DA:12,1
DA:13,1
DA:15,5
DA:16,6
DA:17,1
DA:18,1
DA:19,1
DA:20,1
DA:21,1
DA:24,4
DA:25,4
DA:26,4
DA:27,4
DA:28,4
DA:30,6
DA:31,1
DA:32,1
DA:33,1
DA:34,1
DA:35,1
DA:36,1
DA:37,3
DA:39,3
DA:41,3
DA:42,3
DA:43,3
DA:44,3
DA:45,3
DA:46,3
DA:48,6
DA:49,1
DA:50,1
DA:51,1
DA:52,1
DA:53,1
DA:54,1
DA:56,1
DA:57,1
DA:58,1
DA:59,1
DA:60,6
DA:61,2
DA:62,1
DA:63,1
DA:64,1
DA:65,1
DA:66,1
DA:67,1
DA:68,1
DA:69,1
DA:70,6
LF:60
LH:60
BRDA:4,0,0,6
BRDA:8,1,0,1
BRDA:13,2,0,5
BRDA:16,3,0,1
BRDA:21,4,0,4
BRDA:30,5,0,3
BRDA:30,6,0,1
BRDA:36,7,0,3
BRDA:46,8,0,2
BRDA:48,9,0,1
BRDA:60,10,0,2
BRDA:61,11,0,1
BRF:12
BRH:12
end_of_record
TN:
SF:server\api\notifications\[id]\index.get.ts
FNF:0
FNH:0
DA:1,1
DA:2,1
DA:4,1
DA:5,7
DA:6,7
DA:8,7
DA:9,1
DA:10,1
DA:11,1
DA:12,1
DA:13,1
DA:15,6
DA:16,7
DA:17,1
DA:18,1
DA:19,1
DA:20,1
DA:21,1
DA:24,5
DA:25,5
DA:26,5
DA:27,5
DA:28,5
DA:30,7
DA:31,1
DA:32,1
DA:33,1
DA:34,1
DA:35,1
DA:36,1
DA:37,4
DA:39,4
DA:41,4
DA:42,4
DA:43,4
DA:44,4
DA:45,4
DA:46,4
DA:48,7
DA:49,1
DA:50,1
DA:51,1
DA:52,1
DA:53,1
DA:56,2
DA:57,2
DA:58,2
DA:59,2
DA:60,2
DA:62,7
DA:63,1
DA:64,1
DA:65,1
DA:66,1
DA:67,1
DA:68,1
DA:70,1
DA:71,1
DA:72,1
DA:73,1
DA:74,7
DA:75,3
DA:76,2
DA:77,2
DA:78,1
DA:79,1
DA:80,1
DA:81,1
DA:82,1
DA:83,1
DA:84,7
LF:71
LH:71
BRDA:4,0,0,7
BRDA:8,1,0,1
BRDA:13,2,0,6
BRDA:16,3,0,1
BRDA:21,4,0,5
BRDA:30,5,0,4
BRDA:30,6,0,1
BRDA:36,7,0,4
BRDA:46,8,0,3
BRDA:48,9,0,2
BRDA:48,10,0,1
BRDA:53,11,0,2
BRDA:62,12,0,1
BRDA:74,13,0,3
BRDA:75,14,0,2
BRDA:77,15,0,1
BRF:16
BRH:16
end_of_record
TN:
SF:server\api\projects\[id].delete.ts
FNF:0
FNH:0
DA:1,1
DA:2,1
DA:5,1
DA:6,15
DA:7,15
DA:10,15
DA:11,15
DA:12,1
DA:13,1
DA:16,14
DA:17,14
DA:18,14
DA:19,14
DA:20,14
DA:22,15
DA:23,15
DA:26,15
DA:27,1
DA:28,1
DA:31,15
DA:32,1
DA:33,1
DA:35,11
DA:38,11
DA:39,11
DA:40,11
DA:41,11
DA:42,11
DA:43,11
DA:44,11
DA:46,15
DA:47,15
DA:49,3
DA:50,3
DA:51,3
DA:52,3
DA:53,3
DA:55,3
DA:56,2
DA:57,1
DA:58,1
DA:59,1
DA:60,1
DA:61,3
DA:62,1
DA:63,1
DA:64,3
DA:66,8
DA:68,8
DA:69,8
DA:70,8
DA:71,8
DA:72,8
DA:74,15
DA:75,1
DA:76,1
DA:79,15
DA:80,3
DA:83,3
DA:84,3
DA:85,3
DA:86,3
DA:88,3
DA:89,2
DA:90,2
DA:91,3
DA:94,3
DA:95,3
DA:96,3
DA:97,3
DA:99,15
DA:100,1
DA:101,1
DA:103,2
DA:104,2
DA:105,2
DA:106,2
DA:108,15
DA:110,6
DA:111,5
DA:112,5
DA:113,5
DA:114,5
DA:115,6
DA:116,1
DA:117,1
DA:118,1
DA:119,1
DA:120,1
DA:121,6
DA:122,15
LF:91
LH:91
BRDA:5,0,0,15
BRDA:11,1,0,14
BRDA:11,2,0,1
BRDA:13,3,0,14
BRDA:22,4,0,1
BRDA:22,5,0,13
BRDA:23,6,0,0
BRDA:23,7,0,13
BRDA:26,8,0,1
BRDA:28,9,0,12
BRDA:31,10,0,1
BRDA:33,11,0,11
BRDA:46,12,0,0
BRDA:46,13,0,11
BRDA:47,14,0,3
BRDA:55,15,0,2
BRDA:56,16,0,1
BRDA:61,17,0,1
BRDA:64,18,0,8
BRDA:72,19,0,6
BRDA:74,20,0,1
BRDA:76,21,0,5
BRDA:79,22,0,3
BRDA:88,23,0,2
BRDA:99,24,0,1
BRDA:101,25,0,2
BRDA:108,26,0,6
BRDA:110,27,0,5
BRDA:115,28,0,1
BRDA:80,29,0,6
BRF:30
BRH:28
end_of_record
TN:
SF:server\api\projects\[id].put.ts
FNF:0
FNH:0
DA:1,1
DA:2,1
DA:7,1
DA:8,14
DA:9,14
DA:10,14
DA:13,14
DA:14,14
DA:15,1
DA:16,1
DA:19,13
DA:20,13
DA:21,13
DA:22,13
DA:23,13
DA:25,14
DA:26,14
DA:29,14
DA:30,1
DA:31,1
DA:32,1
DA:33,1
DA:34,1
DA:37,14
DA:38,1
DA:39,1
DA:42,14
DA:43,1
DA:44,1
DA:47,14
DA:48,1
DA:49,1
DA:50,1
DA:51,1
DA:52,1
DA:55,14
DA:56,1
DA:57,1
DA:58,1
DA:59,1
DA:60,1
DA:63,7
DA:64,7
DA:65,7
DA:66,7
DA:67,7
DA:68,7
DA:69,7
DA:71,14
DA:72,14
DA:75,6
DA:76,6
DA:77,6
DA:78,6
DA:79,6
DA:80,6
DA:81,6
DA:82,6
DA:84,14
DA:85,14
DA:86,1
DA:87,1
DA:90,5
DA:91,5
DA:92,14
DA:93,14
DA:94,14
DA:95,14
DA:96,14
DA:97,14
DA:98,14
DA:100,14
DA:101,14
DA:102,14
DA:103,14
DA:104,14
DA:105,14
DA:107,14
DA:111,4
DA:112,4
LF:80
LH:80
BRDA:7,0,0,14
BRDA:14,1,0,13
BRDA:14,2,0,1
BRDA:16,3,0,13
BRDA:25,4,0,1
BRDA:25,5,0,12
BRDA:26,6,0,0
BRDA:26,7,0,12
BRDA:29,8,0,1
BRDA:34,9,0,11
BRDA:37,10,0,1
BRDA:39,11,0,10
BRDA:42,12,0,9
BRDA:42,13,0,1
BRDA:44,14,0,9
BRDA:47,15,0,3
BRDA:47,16,0,1
BRDA:52,17,0,8
BRDA:55,18,0,3
BRDA:55,19,0,1
BRDA:60,20,0,7
BRDA:71,21,0,0
BRDA:71,22,0,7
BRDA:72,23,0,1
BRDA:72,24,0,6
BRDA:84,25,0,0
BRDA:84,26,0,6
BRDA:85,27,0,1
BRDA:87,28,0,5
BRDA:92,29,0,0
BRDA:93,30,0,3
BRDA:94,31,0,4
BRDA:95,32,0,4
BRDA:96,33,0,3
BRDA:105,34,0,5
BRDA:107,35,0,1
BRDA:107,36,0,4
BRF:37
BRH:33
end_of_record
TN:
SF:server\api\projects\active.get.ts
FNF:0
FNH:0
DA:1,1
DA:2,1
DA:4,1
DA:6,1
DA:7,10
DA:10,10
DA:11,10
DA:12,1
DA:13,1
DA:16,9
DA:17,9
DA:18,9
DA:19,9
DA:20,9
DA:22,10
DA:23,10
DA:25,7
DA:28,10
DA:29,1
DA:30,1
DA:33,6
DA:35,10
DA:36,1
DA:37,1
DA:40,5
DA:41,5
DA:42,5
DA:43,5
DA:44,5
DA:46,10
DA:47,1
DA:48,1
DA:50,10
DA:51,1
DA:52,1
DA:57,3
DA:59,10
DA:61,8
DA:62,2
DA:63,2
DA:64,2
DA:67,6
DA:68,6
DA:69,6
DA:70,6
DA:71,6
DA:73,8
DA:74,3
DA:75,3
DA:77,3
DA:80,3
DA:81,3
DA:82,3
DA:83,3
DA:84,3
DA:86,8
DA:87,1
DA:88,1
DA:91,2
DA:92,2
DA:93,2
DA:94,2
DA:96,2
DA:97,1
DA:98,1
DA:99,2
DA:100,8
DA:103,3
DA:105,3
DA:106,3
LF:70
LH:70
BRDA:6,0,0,10
BRDA:11,1,0,9
BRDA:11,2,0,1
BRDA:13,3,0,9
BRDA:22,4,0,1
BRDA:22,5,0,8
BRDA:23,6,0,1
BRDA:23,7,0,7
BRDA:28,8,0,1
BRDA:30,9,0,6
BRDA:35,10,0,1
BRDA:37,11,0,5
BRDA:46,12,0,1
BRDA:48,13,0,4
BRDA:50,14,0,1
BRDA:52,15,0,3
BRDA:59,16,0,8
BRDA:61,17,0,2
BRDA:64,18,0,6
BRDA:73,19,0,5
BRDA:73,20,0,3
BRDA:73,21,0,3
BRDA:86,22,0,1
BRDA:88,23,0,2
BRDA:96,24,0,1
BRDA:100,25,0,3
BRDA:77,26,0,3
BRDA:92,27,0,2
BRDA:103,28,0,8
BRF:29
BRH:29
end_of_record
TN:
SF:server\api\projects\index.get.ts
FNF:0
FNH:0
DA:1,1
DA:2,1
DA:4,1
DA:8,1
DA:9,8
DA:12,8
DA:13,8
DA:14,1
DA:15,1
DA:17,7
DA:18,7
DA:19,7
DA:20,7
DA:21,7
DA:23,8
DA:24,8
DA:26,5
DA:27,5
DA:30,8
DA:31,1
DA:32,1
DA:36,4
DA:38,8
DA:39,1
DA:40,1
DA:44,3
DA:45,3
DA:46,3
DA:47,3
DA:48,3
DA:50,8
DA:51,1
DA:52,1
DA:54,8
DA:55,1
DA:56,1
DA:59,1
DA:61,8
DA:63,4
DA:64,4
DA:65,4
DA:66,4
DA:67,4
DA:69,4
DA:70,1
DA:71,1
DA:73,3
DA:76,3
DA:77,3
DA:78,3
DA:79,3
DA:80,3
DA:82,4
DA:83,1
DA:84,1
DA:87,2
DA:88,2
DA:89,2
DA:90,2
DA:92,2
DA:93,1
DA:94,1
DA:95,2
DA:96,4
DA:99,1
DA:101,1
DA:102,1
LF:67
LH:67
BRDA:8,0,0,8
BRDA:13,1,0,7
BRDA:13,2,0,1
BRDA:15,3,0,7
BRDA:23,4,0,1
BRDA:23,5,0,6
BRDA:24,6,0,1
BRDA:24,7,0,5
BRDA:30,8,0,1
BRDA:32,9,0,4
BRDA:38,10,0,1
BRDA:40,11,0,3
BRDA:50,12,0,1
BRDA:52,13,0,2
BRDA:54,14,0,1
BRDA:61,15,0,4
BRDA:69,16,0,3
BRDA:69,17,0,3
BRDA:69,18,0,1
BRDA:71,19,0,3
BRDA:82,20,0,1
BRDA:84,21,0,2
BRDA:92,22,0,1
BRDA:96,23,0,1
BRDA:73,24,0,3
BRDA:88,25,0,2
BRDA:99,26,0,4
BRF:27
BRH:27
end_of_record
TN:
SF:server\api\projects\index.post.ts
FNF:0
FNH:0
DA:1,1
DA:2,1
DA:10,1
DA:11,15
DA:12,15
DA:15,15
DA:16,15
DA:17,1
DA:18,1
DA:20,14
DA:21,14
DA:22,14
DA:23,14
DA:24,14
DA:26,14
DA:27,15
DA:28,13
DA:29,15
DA:30,1
DA:31,1
DA:32,1
DA:35,15
DA:36,1
DA:37,1
DA:38,1
DA:39,1
DA:40,1
DA:43,15
DA:44,1
DA:45,1
DA:46,1
DA:47,1
DA:48,1
DA:51,15
DA:52,1
DA:53,1
DA:54,1
DA:55,1
DA:56,1
DA:59,15
DA:60,1
DA:61,1
DA:62,1
DA:63,1
DA:64,1
DA:67,8
DA:68,8
DA:69,8
DA:70,8
DA:71,8
DA:72,8
DA:73,8
DA:75,15
DA:76,1
DA:77,1
DA:79,15
DA:80,1
DA:81,1
DA:82,1
DA:83,1
DA:84,1
DA:86,6
DA:87,6
DA:88,15
DA:89,15
DA:90,15
DA:91,15
DA:92,15
DA:93,15
DA:94,15
DA:96,15
DA:97,15
DA:98,15
DA:99,15
DA:100,15
DA:102,15
DA:103,1
DA:104,1
DA:108,5
DA:109,5
LF:80
LH:80
BRDA:10,0,0,15
BRDA:16,1,0,14
BRDA:16,2,0,1
BRDA:18,3,0,14
BRDA:27,4,0,1
BRDA:27,5,0,13
BRDA:29,6,0,1
BRDA:32,7,0,12
BRDA:35,8,0,1
BRDA:40,9,0,11
BRDA:43,10,0,10
BRDA:43,11,0,1
BRDA:48,12,0,10
BRDA:51,13,0,4
BRDA:51,14,0,1
BRDA:56,15,0,9
BRDA:59,16,0,4
BRDA:59,17,0,1
BRDA:64,18,0,8
BRDA:75,19,0,1
BRDA:77,20,0,7
BRDA:79,21,0,1
BRDA:84,22,0,6
BRDA:88,23,0,0
BRDA:89,24,0,3
BRDA:90,25,0,5
BRDA:91,26,0,5
BRDA:93,27,0,3
BRDA:100,28,0,6
BRDA:102,29,0,1
BRDA:104,30,0,5
BRF:31
BRH:30
end_of_record
TN:
SF:server\api\reports\logged-time.get.ts
FNF:0
FNH:0
DA:1,1
DA:2,1
DA:3,1
DA:34,1
DA:35,16
DA:36,16
DA:38,16
DA:39,1
DA:40,1
DA:41,1
DA:42,1
DA:43,1
DA:46,15
DA:47,15
DA:48,15
DA:49,15
DA:50,15
DA:52,16
DA:53,1
DA:54,1
DA:55,1
DA:56,1
DA:57,1
DA:58,1
DA:61,16
DA:62,1
DA:63,1
DA:64,1
DA:65,1
DA:66,1
DA:68,13
DA:71,13
DA:72,13
DA:75,13
DA:76,13
DA:77,16
DA:78,16
DA:79,16
DA:80,16
DA:81,16
DA:82,16
DA:84,16
DA:86,16
DA:87,16
DA:88,16
DA:96,16
DA:97,16
DA:100,16
DA:101,1
DA:102,1
DA:103,16
DA:105,1
DA:106,1
DA:107,1
DA:108,1
DA:111,16
DA:112,4
DA:113,4
DA:115,13
DA:117,16
DA:118,1
DA:119,1
DA:120,1
DA:121,1
DA:122,1
DA:123,1
DA:125,11
DA:128,16
DA:130,5
DA:131,5
DA:133,5
DA:135,3
DA:136,3
DA:137,3
DA:138,5
DA:140,2
DA:141,2
DA:142,2
DA:143,2
DA:144,2
DA:148,5
DA:149,5
DA:150,4
DA:151,4
DA:152,4
DA:153,4
DA:154,4
DA:155,4
DA:156,4
DA:157,4
DA:160,5
DA:161,5
DA:162,5
DA:163,5
DA:164,5
DA:165,5
DA:166,5
DA:168,5
DA:169,5
DA:170,5
DA:171,5
DA:172,5
DA:173,5
DA:174,5
DA:175,5
DA:177,5
DA:178,5
DA:179,5
DA:180,5
DA:181,5
DA:182,5
DA:183,5
DA:184,5
DA:185,5
DA:186,5
DA:187,5
DA:188,5
DA:189,5
DA:192,11
DA:193,5
DA:194,5
DA:195,11
DA:198,16
DA:200,2
DA:201,1
DA:202,1
DA:203,1
DA:204,1
DA:205,1
DA:206,1
DA:207,1
DA:210,10
DA:212,16
DA:213,5
DA:214,5
DA:215,0
DA:217,5
DA:218,4
DA:219,4
DA:220,4
DA:221,4
DA:222,4
DA:223,4
DA:224,4
DA:225,4
DA:227,5
DA:228,5
DA:229,3
DA:230,3
DA:231,5
DA:232,2
DA:233,2
DA:234,5
DA:235,5
DA:238,10
DA:241,10
DA:242,10
DA:243,10
DA:244,10
DA:245,16
DA:248,16
DA:249,16
DA:251,16
DA:252,4
DA:253,4
DA:254,4
DA:255,4
DA:256,4
DA:257,4
DA:258,4
DA:260,16
DA:261,1
DA:262,1
DA:264,10
DA:265,10
DA:266,10
DA:267,10
DA:268,10
DA:269,10
DA:270,10
DA:271,10
DA:272,10
DA:273,10
DA:274,10
DA:275,10
DA:276,4
DA:277,4
DA:278,4
DA:279,4
DA:280,0
DA:281,10
DA:282,10
DA:283,10
DA:284,10
DA:285,10
DA:286,10
DA:287,10
DA:288,10
DA:289,10
DA:290,16
DA:291,3
DA:292,3
DA:293,2
DA:294,2
DA:295,1
DA:296,1
DA:297,1
DA:298,1
DA:299,1
DA:300,1
DA:301,16
LF:211
LH:209
BRDA:34,0,0,16
BRDA:38,1,0,1
BRDA:43,2,0,15
BRDA:52,3,0,14
BRDA:52,4,0,1
BRDA:58,5,0,14
BRDA:61,6,0,2
BRDA:61,7,0,1
BRDA:66,8,0,13
BRDA:77,9,0,0
BRDA:78,10,0,4
BRDA:78,11,0,9
BRDA:100,12,0,1
BRDA:102,13,0,13
BRDA:103,14,0,1
BRDA:108,15,0,13
BRDA:111,16,0,4
BRDA:113,17,0,13
BRDA:115,18,0,12
BRDA:117,19,0,1
BRDA:123,20,0,11
BRDA:128,21,0,6
BRDA:128,22,0,5
BRDA:133,23,0,3
BRDA:138,24,0,2
BRDA:149,25,0,4
BRDA:156,26,0,0
BRDA:174,27,0,0
BRDA:189,28,0,11
BRDA:198,29,0,2
BRDA:200,30,0,1
BRDA:207,31,0,10
BRDA:212,32,0,5
BRDA:214,33,0,1
BRDA:214,34,0,0
BRDA:217,35,0,4
BRDA:228,36,0,3
BRDA:231,37,0,2
BRDA:235,38,0,10
BRDA:245,39,0,4
BRDA:245,40,0,6
BRDA:251,41,0,4
BRDA:257,42,0,0
BRDA:258,43,0,10
BRDA:260,44,0,1
BRDA:262,45,0,10
BRDA:290,46,0,3
BRDA:292,47,0,2
BRDA:294,48,0,1
BRDA:192,49,0,5
BRDA:193,50,0,0
BRDA:206,51,0,2
BRDA:241,52,0,5
BRDA:243,53,0,5
BRDA:244,54,0,5
BRDA:275,55,0,4
BRDA:279,56,0,0
BRF:57
BRH:50
end_of_record
TN:
SF:server\api\reports\task-completion.get.ts
FNF:0
FNH:0
DA:1,1
DA:2,1
DA:3,1
DA:12,1
DA:13,12
DA:14,12
DA:16,12
DA:17,1
DA:18,1
DA:19,1
DA:20,1
DA:21,1
DA:24,11
DA:25,11
DA:26,11
DA:27,11
DA:28,11
DA:30,12
DA:31,1
DA:32,1
DA:33,1
DA:34,1
DA:35,1
DA:36,1
DA:39,12
DA:40,1
DA:41,1
DA:42,1
DA:43,1
DA:44,1
DA:46,9
DA:49,9
DA:52,9
DA:53,9
DA:54,12
DA:55,12
DA:56,12
DA:57,12
DA:58,12
DA:60,12
DA:62,12
DA:63,12
DA:64,12
DA:74,12
DA:75,12
DA:78,12
DA:79,1
DA:80,1
DA:81,12
DA:83,1
DA:84,1
DA:85,1
DA:86,1
DA:89,12
DA:90,2
DA:91,2
DA:93,9
DA:95,12
DA:96,1
DA:97,1
DA:98,1
DA:99,1
DA:100,1
DA:101,1
DA:103,12
DA:106,12
DA:108,6
DA:109,6
DA:110,6
DA:111,6
DA:112,6
DA:114,6
DA:115,1
DA:116,1
DA:117,1
DA:118,1
DA:119,1
DA:120,1
DA:122,6
DA:125,6
DA:126,5
DA:127,6
DA:128,12
DA:130,1
DA:131,1
DA:134,12
DA:136,3
DA:137,1
DA:138,1
DA:139,1
DA:140,1
DA:141,1
DA:144,2
DA:145,2
DA:146,2
DA:147,2
DA:148,2
DA:150,3
DA:151,1
DA:152,1
DA:153,1
DA:154,1
DA:155,1
DA:156,1
DA:158,3
DA:161,3
DA:162,2
DA:163,3
DA:164,3
DA:167,4
DA:168,4
DA:169,4
DA:170,4
DA:171,4
DA:174,4
DA:175,4
DA:176,3
DA:177,3
DA:178,3
DA:179,4
DA:182,12
DA:183,12
DA:184,12
DA:185,12
DA:188,12
DA:189,12
DA:191,12
DA:192,1
DA:193,1
DA:194,1
DA:195,1
DA:196,1
DA:197,1
DA:198,1
DA:200,12
DA:201,2
DA:202,2
DA:203,2
DA:204,2
DA:205,2
DA:206,2
DA:207,2
DA:210,4
DA:211,4
DA:213,3
DA:214,3
DA:215,3
DA:216,3
DA:217,3
DA:218,3
DA:220,3
DA:221,3
DA:222,3
DA:223,3
DA:224,3
DA:225,3
DA:227,3
DA:228,3
DA:231,3
DA:232,3
DA:233,3
DA:234,3
DA:235,3
DA:236,3
DA:237,3
DA:238,3
DA:239,3
DA:240,3
DA:242,3
DA:243,3
DA:244,3
DA:245,3
DA:246,3
DA:247,4
DA:248,4
DA:250,4
DA:251,4
DA:252,4
DA:253,4
DA:254,4
DA:255,4
DA:256,4
DA:257,4
DA:258,4
DA:259,4
DA:260,4
DA:261,4
DA:262,4
DA:263,4
DA:264,4
DA:265,4
DA:266,4
DA:267,4
DA:268,4
DA:269,4
DA:270,4
DA:271,4
DA:272,4
DA:273,4
DA:274,12
DA:276,5
DA:277,4
DA:278,4
DA:280,1
DA:281,1
DA:282,1
DA:283,1
DA:284,1
DA:285,1
DA:286,12
LF:210
LH:210
BRDA:12,0,0,12
BRDA:16,1,0,1
BRDA:21,2,0,11
BRDA:30,3,0,1
BRDA:36,4,0,10
BRDA:39,5,0,1
BRDA:39,6,0,1
BRDA:44,7,0,9
BRDA:54,8,0,3
BRDA:54,9,0,6
BRDA:55,10,0,2
BRDA:55,11,0,7
BRDA:78,12,0,1
BRDA:80,13,0,9
BRDA:81,14,0,1
BRDA:86,15,0,9
BRDA:89,16,0,2
BRDA:91,17,0,9
BRDA:93,18,0,8
BRDA:95,19,0,1
BRDA:101,20,0,7
BRDA:103,21,0,2
BRDA:106,22,0,6
BRDA:114,23,0,1
BRDA:120,24,0,5
BRDA:122,25,0,0
BRDA:128,26,0,1
BRDA:131,27,0,6
BRDA:134,28,0,3
BRDA:136,29,0,1
BRDA:141,30,0,2
BRDA:150,31,0,1
BRDA:158,32,0,0
BRDA:164,33,0,4
BRDA:182,34,0,2
BRDA:182,35,0,2
BRDA:183,36,0,2
BRDA:183,37,0,2
BRDA:184,38,0,2
BRDA:184,39,0,2
BRDA:185,40,0,2
BRDA:185,41,0,2
BRDA:191,42,0,1
BRDA:197,43,0,0
BRDA:198,44,0,4
BRDA:200,45,0,2
BRDA:206,46,0,0
BRDA:207,47,0,4
BRDA:274,48,0,5
BRDA:276,49,0,4
BRDA:278,50,0,1
BRDA:122,51,0,6
BRDA:125,52,0,5
BRDA:158,53,0,2
BRDA:161,54,0,2
BRDA:168,55,0,3
BRDA:169,56,0,3
BRDA:170,57,0,3
BRDA:171,58,0,3
BRDA:175,59,0,3
BRDA:176,60,0,0
BRDA:178,61,0,0
BRDA:211,62,0,3
BRDA:227,63,0,0
BRDA:221,64,0,5
BRF:65
BRH:58
end_of_record
TN:
SF:server\api\reports\team-summary.get.ts
FNF:0
FNH:0
DA:1,1
DA:2,1
DA:3,1
DA:38,1
DA:39,15
DA:40,15
DA:42,15
DA:43,1
DA:44,1
DA:45,1
DA:46,1
DA:47,1
DA:50,14
DA:51,14
DA:52,14
DA:53,14
DA:54,14
DA:56,15
DA:57,1
DA:58,1
DA:59,1
DA:60,1
DA:61,1
DA:62,1
DA:65,15
DA:66,1
DA:67,1
DA:68,1
DA:69,1
DA:70,1
DA:72,12
DA:75,12
DA:78,12
DA:79,12
DA:80,15
DA:81,15
DA:82,15
DA:83,15
DA:84,15
DA:86,15
DA:88,15
DA:89,1
DA:90,1
DA:91,1
DA:92,1
DA:93,1
DA:96,11
DA:97,11
DA:98,11
DA:99,11
DA:100,11
DA:101,11
DA:103,15
DA:104,2
DA:105,2
DA:106,2
DA:107,2
DA:108,2
DA:111,9
DA:112,9
DA:113,9
DA:122,9
DA:123,9
DA:124,9
DA:127,15
DA:128,1
DA:129,1
DA:130,15
DA:131,1
DA:132,1
DA:134,9
DA:136,15
DA:137,1
DA:138,1
DA:139,1
DA:140,1
DA:141,1
DA:142,1
DA:145,7
DA:146,7
DA:147,7
DA:148,7
DA:149,7
DA:150,7
DA:151,7
DA:154,7
DA:155,7
DA:156,6
DA:157,3
DA:158,3
DA:159,7
DA:162,7
DA:163,15
DA:165,4
DA:166,4
DA:168,4
DA:169,6
DA:170,6
DA:172,6
DA:173,3
DA:174,3
DA:175,3
DA:176,4
DA:179,4
DA:180,4
DA:181,51
DA:182,51
DA:183,51
DA:185,51
DA:186,51
DA:187,51
DA:188,51
DA:189,51
DA:190,51
DA:191,4
DA:194,7
DA:195,7
DA:196,7
DA:197,7
DA:199,15
DA:200,1
DA:201,1
DA:202,1
DA:203,1
DA:204,1
DA:205,1
DA:207,15
DA:208,15
DA:209,15
DA:210,15
DA:211,15
DA:214,15
DA:215,15
DA:216,15
DA:217,15
DA:219,15
DA:220,1
DA:221,1
DA:222,1
DA:223,1
DA:224,1
DA:225,1
DA:228,5
DA:230,15
DA:232,5
DA:233,5
DA:234,5
DA:235,5
DA:236,5
DA:237,5
DA:239,5
DA:240,5
DA:243,5
DA:244,5
DA:245,5
DA:246,5
DA:247,5
DA:250,5
DA:253,5
DA:254,5
DA:255,8
DA:256,4
DA:257,4
DA:258,4
DA:259,4
DA:260,4
DA:261,8
DA:263,5
DA:264,5
DA:265,5
DA:266,5
DA:267,5
DA:268,5
DA:269,5
DA:270,5
DA:271,5
DA:272,5
DA:273,5
DA:274,5
DA:277,5
DA:278,5
DA:279,5
DA:282,5
DA:283,15
DA:285,15
DA:286,5
DA:287,5
DA:288,5
DA:289,5
DA:290,5
DA:291,15
DA:294,15
DA:295,15
DA:296,4
DA:297,1
DA:299,15
DA:300,15
DA:301,15
DA:302,15
DA:303,15
DA:304,15
DA:305,15
DA:306,15
DA:307,15
DA:308,15
DA:309,15
DA:310,15
DA:311,15
DA:312,15
DA:313,15
DA:314,15
DA:315,15
DA:316,15
DA:317,15
DA:318,15
DA:319,15
DA:320,15
DA:321,15
DA:322,15
DA:323,15
DA:324,15
DA:325,15
DA:326,15
DA:327,15
DA:328,15
DA:330,7
DA:331,6
DA:332,6
DA:334,1
DA:335,1
DA:336,1
DA:337,1
DA:338,1
DA:339,1
DA:340,1
DA:341,15
LF:236
LH:236
BRDA:38,0,0,15
BRDA:42,1,0,1
BRDA:47,2,0,14
BRDA:56,3,0,13
BRDA:56,4,0,1
BRDA:62,5,0,13
BRDA:65,6,0,1
BRDA:65,7,0,1
BRDA:70,8,0,12
BRDA:80,9,0,11
BRDA:80,10,0,1
BRDA:83,11,0,8
BRDA:88,12,0,1
BRDA:93,13,0,11
BRDA:103,14,0,9
BRDA:103,15,0,2
BRDA:108,16,0,9
BRDA:127,17,0,1
BRDA:129,18,0,9
BRDA:130,19,0,1
BRDA:132,20,0,9
BRDA:134,21,0,8
BRDA:136,22,0,1
BRDA:142,23,0,7
BRDA:163,24,0,4
BRDA:179,25,0,3
BRDA:179,26,0,1
BRDA:180,27,0,51
BRDA:191,28,0,7
BRDA:199,29,0,1
BRDA:205,30,0,6
BRDA:207,31,0,0
BRDA:208,32,0,0
BRDA:217,33,0,6
BRDA:219,34,0,1
BRDA:225,35,0,5
BRDA:230,36,0,0
BRDA:230,37,0,5
BRDA:239,38,0,0
BRDA:250,39,0,0
BRDA:254,40,0,8
BRDA:255,41,0,4
BRDA:255,42,0,4
BRDA:283,43,0,4
BRDA:283,44,0,1
BRDA:295,45,0,4
BRDA:296,46,0,1
BRDA:328,47,0,7
BRDA:330,48,0,6
BRDA:332,49,0,1
BRDA:146,50,0,6
BRDA:147,51,0,6
BRDA:148,52,0,6
BRDA:149,53,0,6
BRDA:155,54,0,6
BRDA:156,55,0,3
BRDA:157,56,0,3
BRDA:168,57,0,6
BRDA:172,58,0,3
BRDA:207,59,0,6
BRDA:209,60,0,6
BRDA:210,61,0,6
BRDA:211,62,0,4
BRDA:239,63,0,8
BRDA:240,64,0,8
BRDA:243,65,0,8
BRDA:244,66,0,8
BRDA:245,67,0,8
BRDA:246,68,0,8
BRDA:278,69,0,1
BRDA:282,70,0,5
BRDA:285,71,0,5
BRDA:289,72,0,0
BRDA:314,73,0,5
BRF:74
BRH:68
end_of_record
TN:
SF:server\api\signup\signup.post.ts
FNF:0
FNH:0
DA:3,1
DA:4,1
DA:6,1
DA:8,11
DA:9,11
DA:12,11
DA:13,11
DA:14,11
DA:15,11
DA:17,11
DA:18,4
DA:19,4
DA:20,4
DA:21,4
DA:22,4
DA:23,1
DA:24,3
DA:25,4
DA:26,4
DA:29,11
DA:30,1
DA:31,1
DA:32,1
DA:33,1
DA:34,1
DA:36,5
DA:40,5
DA:41,5
DA:42,5
DA:43,5
DA:44,5
DA:45,5
DA:46,5
DA:47,5
DA:49,11
DA:50,4
DA:51,4
DA:52,4
DA:53,4
DA:54,4
DA:55,4
DA:56,2
DA:57,2
DA:58,4
DA:59,4
DA:61,1
DA:62,1
LF:47
LH:47
BRDA:6,0,0,11
BRDA:15,1,0,10
BRDA:17,2,0,4
BRDA:18,3,0,1
BRDA:21,4,0,1
BRDA:21,5,0,3
BRDA:21,6,0,1
BRDA:22,7,0,1
BRDA:23,8,0,3
BRDA:26,9,0,6
BRDA:29,10,0,1
BRDA:34,11,0,5
BRDA:49,12,0,4
BRDA:51,13,0,1
BRDA:52,14,0,3
BRDA:54,15,0,2
BRDA:54,16,0,2
BRDA:55,17,0,2
BRDA:56,18,0,2
BRDA:59,19,0,1
BRF:20
BRH:20
end_of_record
TN:
SF:server\api\staff\index.get.ts
FNF:0
FNH:0
DA:1,1
DA:2,1
DA:3,1
DA:11,1
DA:12,6
DA:13,6
DA:15,6
DA:16,1
DA:17,1
DA:18,1
DA:19,1
DA:20,1
DA:23,5
DA:24,5
DA:25,5
DA:26,5
DA:27,5
DA:29,6
DA:30,1
DA:31,1
DA:32,1
DA:33,1
DA:34,1
DA:36,4
DA:39,4
DA:41,6
DA:42,1
DA:43,1
DA:46,3
DA:47,3
DA:48,3
DA:49,3
DA:50,3
DA:52,6
DA:53,1
DA:54,1
DA:55,1
DA:56,1
DA:57,1
DA:59,6
DA:61,2
DA:63,2
DA:65,2
DA:66,6
DA:67,1
DA:68,1
DA:69,1
DA:70,1
DA:71,1
DA:73,6
DA:74,6
DA:75,6
DA:76,6
DA:77,6
DA:78,6
DA:80,6
DA:81,3
DA:82,3
DA:83,3
DA:84,6
DA:85,6
LF:61
LH:61
BRDA:11,0,0,6
BRDA:15,1,0,1
BRDA:20,2,0,5
BRDA:29,3,0,1
BRDA:34,4,0,4
BRDA:41,5,0,1
BRDA:43,6,0,3
BRDA:52,7,0,1
BRDA:57,8,0,2
BRDA:59,9,0,0
BRDA:59,10,0,2
BRDA:66,11,0,1
BRDA:73,12,0,0
BRDA:63,13,0,5
BRDA:76,14,0,3
BRDA:77,15,0,2
BRDA:80,16,0,3
BRDA:83,17,0,1
BRF:18
BRH:16
end_of_record
TN:
SF:server\api\tasks\by-project.get.ts
FNF:0
FNH:0
DA:1,1
DA:2,1
DA:3,1
DA:5,1
DA:6,15
DA:7,15
DA:9,15
DA:10,1
DA:11,1
DA:12,1
DA:13,1
DA:14,1
DA:17,14
DA:18,15
DA:20,15
DA:21,1
DA:22,1
DA:23,1
DA:24,1
DA:25,1
DA:28,13
DA:29,13
DA:30,13
DA:31,13
DA:32,13
DA:34,15
DA:35,1
DA:36,1
DA:37,1
DA:38,1
DA:39,1
DA:40,1
DA:41,12
DA:42,12
DA:45,12
DA:46,12
DA:47,12
DA:48,12
DA:49,12
DA:50,12
DA:52,15
DA:53,1
DA:54,1
DA:55,1
DA:56,1
DA:57,1
DA:58,1
DA:60,15
DA:61,1
DA:62,1
DA:63,1
DA:64,1
DA:65,1
DA:71,10
DA:73,10
DA:76,15
DA:77,1
DA:78,1
DA:79,1
DA:80,1
DA:81,1
DA:84,9
DA:85,9
DA:86,9
DA:87,9
DA:88,9
DA:89,9
DA:91,15
DA:92,3
DA:93,1
DA:94,1
DA:95,1
DA:96,1
DA:97,3
DA:98,2
DA:99,2
DA:100,2
DA:101,2
DA:102,2
DA:103,2
DA:104,3
DA:106,15
DA:107,0
DA:108,0
DA:109,0
DA:110,0
DA:111,0
DA:114,6
DA:115,6
DA:116,6
DA:117,6
DA:118,6
DA:119,6
DA:121,15
DA:122,2
DA:123,2
DA:124,2
DA:125,2
DA:126,2
DA:127,2
DA:130,4
DA:131,4
DA:132,4
DA:133,4
DA:134,3
DA:135,3
DA:136,4
DA:137,4
DA:140,4
DA:142,15
DA:143,1
DA:144,1
DA:145,1
DA:146,1
DA:147,1
DA:150,3
DA:151,3
DA:153,3
DA:154,3
DA:155,2
DA:156,2
DA:157,2
DA:158,2
DA:159,2
DA:160,2
DA:161,2
DA:164,3
DA:165,3
DA:166,3
DA:167,3
DA:168,3
DA:169,3
DA:171,3
DA:172,3
DA:173,3
DA:174,3
DA:175,3
DA:176,3
DA:177,3
DA:178,3
DA:179,3
DA:180,3
DA:181,3
DA:183,3
DA:184,3
DA:185,3
DA:186,3
DA:187,3
DA:190,3
DA:191,3
DA:192,2
DA:193,2
DA:194,2
DA:195,2
DA:196,2
DA:197,2
DA:198,2
DA:199,2
DA:201,3
DA:202,3
DA:203,3
DA:204,3
DA:205,3
DA:206,3
DA:207,3
DA:208,3
DA:210,3
DA:211,15
DA:212,15
DA:213,15
DA:214,15
DA:215,4
DA:216,4
DA:217,4
DA:218,4
DA:219,4
DA:220,4
DA:221,15
LF:178
LH:173
BRDA:5,0,0,15
BRDA:9,1,0,1
BRDA:14,2,0,14
BRDA:18,3,0,13
BRDA:18,4,0,1
BRDA:20,5,0,1
BRDA:25,6,0,13
BRDA:34,7,0,12
BRDA:34,8,0,1
BRDA:40,9,0,12
BRDA:52,10,0,1
BRDA:58,11,0,11
BRDA:60,12,0,1
BRDA:65,13,0,10
BRDA:76,14,0,1
BRDA:81,15,0,9
BRDA:91,16,0,3
BRDA:92,17,0,1
BRDA:97,18,0,2
BRDA:104,19,0,6
BRDA:106,20,0,0
BRDA:111,21,0,6
BRDA:121,22,0,2
BRDA:127,23,0,4
BRDA:133,24,0,3
BRDA:142,25,0,1
BRDA:147,26,0,3
BRDA:211,27,0,0
BRDA:212,28,0,3
BRDA:212,29,0,0
BRDA:214,30,0,4
BRDA:114,31,0,6
BRDA:140,32,0,4
BRDA:151,33,0,3
BRDA:154,34,0,2
BRDA:191,35,0,2
BRDA:174,36,0,3
BRDA:175,37,0,3
BRDA:175,38,0,3
BRDA:183,39,0,3
BRDA:184,40,0,0
BRDA:184,41,0,3
BRDA:185,42,0,3
BRF:43
BRH:39
end_of_record
TN:
SF:server\api\tasks\index.get.ts
FNF:0
FNH:0
DA:1,1
DA:2,1
DA:4,1
DA:5,7
DA:6,7
DA:8,7
DA:9,1
DA:10,1
DA:11,1
DA:12,1
DA:13,1
DA:16,6
DA:17,6
DA:18,6
DA:19,6
DA:20,6
DA:22,7
DA:23,1
DA:24,1
DA:25,1
DA:26,1
DA:27,1
DA:28,1
DA:29,5
DA:31,5
DA:34,5
DA:35,5
DA:36,5
DA:37,5
DA:38,5
DA:40,7
DA:41,1
DA:42,1
DA:43,1
DA:44,1
DA:45,1
DA:46,1
DA:48,7
DA:51,7
DA:52,7
DA:53,7
DA:54,7
DA:55,7
DA:58,7
DA:59,3
DA:60,7
DA:62,1
DA:63,1
DA:65,4
DA:67,7
DA:68,2
DA:69,1
DA:70,1
DA:71,1
DA:72,1
DA:73,1
DA:74,1
DA:75,1
DA:76,1
DA:77,1
DA:78,1
DA:79,1
DA:80,2
DA:82,7
DA:83,1
DA:84,1
DA:85,1
DA:86,1
DA:87,1
DA:90,1
DA:91,1
DA:93,1
DA:94,1
DA:95,1
DA:96,1
DA:97,1
DA:98,1
DA:99,1
DA:100,1
DA:101,1
DA:104,1
DA:105,1
DA:106,1
DA:107,1
DA:108,1
DA:109,1
DA:111,1
DA:112,1
DA:113,1
DA:114,1
DA:115,1
DA:116,1
DA:117,1
DA:118,1
DA:119,1
DA:120,1
DA:121,1
DA:123,1
DA:124,1
DA:125,1
DA:126,1
DA:127,1
DA:130,1
DA:131,1
DA:132,1
DA:133,1
DA:134,1
DA:135,1
DA:136,1
DA:137,1
DA:138,1
DA:139,1
DA:141,1
DA:142,1
DA:143,1
DA:144,1
DA:145,1
DA:146,1
DA:147,1
DA:148,1
DA:150,1
DA:151,7
DA:152,7
DA:153,7
DA:154,7
DA:155,2
DA:156,2
DA:157,2
DA:158,2
DA:159,2
DA:160,2
DA:161,7
LF:132
LH:132
BRDA:4,0,0,7
BRDA:8,1,0,1
BRDA:13,2,0,6
BRDA:22,3,0,5
BRDA:22,4,0,1
BRDA:28,5,0,5
BRDA:40,6,0,1
BRDA:40,7,0,1
BRDA:46,8,0,4
BRDA:48,9,0,0
BRDA:58,10,0,3
BRDA:60,11,0,1
BRDA:63,12,0,4
BRDA:67,13,0,2
BRDA:68,14,0,1
BRDA:82,15,0,1
BRDA:151,16,0,0
BRDA:152,17,0,1
BRDA:152,18,0,0
BRDA:154,19,0,2
BRDA:48,20,0,3
BRDA:91,21,0,1
BRDA:114,22,0,1
BRDA:115,23,0,1
BRDA:115,24,0,1
BRDA:123,25,0,1
BRDA:124,26,0,0
BRDA:124,27,0,1
BRDA:125,28,0,1
BRF:29
BRH:25
end_of_record
TN:
SF:server\api\tasks\index.post.ts
FN:63,rollbackParent
FNF:1
FNH:1
FNDA:17,rollbackParent
DA:1,1
DA:2,1
DA:4,1
DA:5,1
DA:7,1
DA:8,24
DA:9,24
DA:12,24
DA:13,24
DA:14,1
DA:15,1
DA:16,23
DA:17,23
DA:18,23
DA:19,23
DA:20,23
DA:21,24
DA:22,24
DA:25,24
DA:26,24
DA:28,24
DA:29,2
DA:30,2
DA:31,2
DA:32,2
DA:34,21
DA:35,21
DA:36,24
DA:37,24
DA:38,24
DA:39,24
DA:40,24
DA:41,24
DA:42,24
DA:43,24
DA:44,24
DA:45,24
DA:46,24
DA:48,24
DA:49,24
DA:50,24
DA:51,24
DA:52,24
DA:54,24
DA:55,1
DA:56,1
DA:59,20
DA:61,20
DA:63,20
DA:64,17
DA:65,17
DA:66,17
DA:67,17
DA:68,17
DA:69,17
DA:70,17
DA:72,20
DA:73,20
DA:74,19
DA:75,1
DA:78,24
DA:79,2
DA:80,2
DA:81,2
DA:83,24
DA:84,1
DA:85,1
DA:86,1
DA:88,17
DA:89,17
DA:90,19
DA:91,19
DA:92,19
DA:93,17
DA:94,17
DA:95,17
DA:96,2
DA:97,2
DA:98,2
DA:101,15
DA:102,15
DA:103,15
DA:104,17
DA:105,17
DA:106,17
DA:107,17
DA:108,17
DA:109,17
DA:110,17
DA:111,17
DA:112,17
DA:113,15
DA:114,17
DA:116,24
DA:117,24
DA:119,10
DA:120,10
DA:121,10
DA:122,9
DA:123,1
DA:126,10
DA:127,2
DA:128,2
DA:129,2
DA:131,10
DA:132,2
DA:133,2
DA:134,2
DA:135,10
DA:137,6
DA:139,6
DA:140,6
DA:142,6
DA:143,1
DA:144,1
DA:145,1
DA:146,1
DA:148,6
DA:149,6
DA:150,6
DA:151,6
DA:152,6
DA:153,6
DA:154,6
DA:155,6
DA:156,6
DA:157,6
DA:158,6
DA:159,6
DA:160,6
DA:161,6
DA:163,6
DA:164,6
DA:165,6
DA:166,6
DA:168,10
DA:169,1
DA:170,1
DA:171,1
DA:174,5
DA:175,5
DA:176,5
DA:177,5
DA:178,5
DA:180,5
DA:181,5
DA:182,5
DA:183,5
DA:184,5
DA:185,5
DA:186,5
DA:187,5
DA:188,5
DA:189,5
DA:190,5
DA:191,5
DA:192,5
DA:193,5
DA:195,5
DA:196,5
DA:197,5
DA:198,2
DA:199,2
DA:200,2
DA:201,2
DA:202,1
DA:203,2
DA:204,2
DA:205,2
DA:206,5
DA:207,3
DA:208,3
DA:210,5
DA:211,24
DA:213,12
DA:214,7
DA:215,7
DA:216,5
DA:217,12
DA:218,12
DA:219,24
LF:181
LH:181
BRDA:7,0,0,24
BRDA:13,1,0,23
BRDA:13,2,0,1
BRDA:15,3,0,23
BRDA:21,4,0,1
BRDA:21,5,0,22
BRDA:22,6,0,1
BRDA:22,7,0,21
BRDA:25,8,0,7
BRDA:26,9,0,16
BRDA:26,10,0,5
BRDA:28,11,0,2
BRDA:28,12,0,2
BRDA:28,13,0,2
BRDA:32,14,0,21
BRDA:36,15,0,6
BRDA:37,16,0,5
BRDA:39,17,0,6
BRDA:40,18,0,6
BRDA:42,19,0,5
BRDA:44,20,0,6
BRDA:52,21,0,21
BRDA:54,22,0,1
BRDA:56,23,0,20
BRDA:73,24,0,19
BRDA:74,25,0,1
BRDA:78,26,0,2
BRDA:81,27,0,18
BRDA:83,28,0,1
BRDA:86,29,0,17
BRDA:95,30,0,2
BRDA:98,31,0,15
BRDA:103,32,0,17
BRDA:114,33,0,15
BRDA:116,34,0,14
BRDA:116,35,0,1
BRDA:117,36,0,10
BRDA:121,37,0,9
BRDA:122,38,0,1
BRDA:126,39,0,2
BRDA:129,40,0,8
BRDA:131,41,0,2
BRDA:135,42,0,6
BRDA:168,43,0,1
BRDA:171,44,0,5
BRDA:184,45,0,0
BRDA:185,46,0,0
BRDA:190,47,0,0
BRDA:197,48,0,2
BRDA:199,49,0,0
BRDA:201,50,0,1
BRDA:206,51,0,3
BRDA:208,52,0,5
BRDA:211,53,0,12
BRDA:213,54,0,7
BRDA:215,55,0,5
BRDA:217,56,0,0
BRDA:63,57,0,17
BRDA:65,58,0,10
BRDA:66,59,0,7
BRDA:68,60,0,12
BRDA:69,61,0,5
BRDA:74,62,0,25
BRDA:89,63,0,19
BRDA:92,64,0,0
BRDA:122,65,0,18
BRDA:137,66,0,6
BRDA:139,67,0,2
BRDA:140,68,0,5
BRDA:140,69,0,1
BRDA:142,70,0,1
BRDA:142,71,0,1
BRDA:142,72,0,1
BRDA:150,73,0,0
BRDA:151,74,0,0
BRDA:153,75,0,0
BRDA:154,76,0,0
BRDA:154,77,0,0
BRDA:156,78,0,0
BRDA:157,79,0,0
BRDA:157,80,0,0
BRDA:185,81,0,5
BRDA:199,82,0,2
BRF:83
BRH:69
end_of_record
TN:
SF:server\api\tasks\overdue.get.ts
FNF:0
FNH:0
DA:1,1
DA:2,1
DA:4,1
DA:5,12
DA:6,12
DA:8,12
DA:9,1
DA:10,1
DA:11,1
DA:12,1
DA:13,1
DA:16,11
DA:17,11
DA:18,11
DA:19,11
DA:20,11
DA:22,12
DA:23,1
DA:24,1
DA:25,1
DA:26,1
DA:27,1
DA:28,1
DA:29,10
DA:31,10
DA:34,10
DA:35,10
DA:36,10
DA:37,10
DA:38,10
DA:40,12
DA:41,0
DA:42,0
DA:43,0
DA:44,0
DA:45,0
DA:46,0
DA:48,12
DA:51,12
DA:52,12
DA:53,12
DA:54,12
DA:55,12
DA:56,12
DA:57,12
DA:60,12
DA:61,8
DA:62,12
DA:64,2
DA:65,2
DA:67,10
DA:69,12
DA:70,4
DA:71,2
DA:72,2
DA:73,2
DA:74,2
DA:75,2
DA:76,2
DA:77,2
DA:78,2
DA:79,2
DA:80,2
DA:81,2
DA:82,4
DA:84,12
DA:85,2
DA:86,2
DA:87,2
DA:88,2
DA:89,2
DA:92,4
DA:93,4
DA:95,4
DA:96,4
DA:97,4
DA:98,4
DA:99,4
DA:100,4
DA:101,4
DA:102,4
DA:103,4
DA:106,4
DA:107,4
DA:108,4
DA:109,4
DA:110,4
DA:111,4
DA:113,4
DA:114,4
DA:115,4
DA:116,4
DA:117,4
DA:118,4
DA:119,4
DA:120,4
DA:121,4
DA:122,4
DA:123,4
DA:125,4
DA:126,4
DA:127,4
DA:128,4
DA:129,4
DA:132,4
DA:133,4
DA:134,2
DA:135,2
DA:136,2
DA:137,2
DA:138,2
DA:139,2
DA:140,2
DA:141,2
DA:143,4
DA:144,4
DA:145,4
DA:146,4
DA:147,4
DA:148,4
DA:149,4
DA:150,4
DA:152,4
DA:153,12
DA:154,12
DA:155,12
DA:156,12
DA:157,2
DA:158,2
DA:159,2
DA:160,2
DA:161,2
DA:162,2
DA:163,12
LF:134
LH:128
BRDA:4,0,0,12
BRDA:8,1,0,1
BRDA:13,2,0,11
BRDA:22,3,0,10
BRDA:22,4,0,1
BRDA:28,5,0,10
BRDA:40,6,0,0
BRDA:40,7,0,0
BRDA:46,8,0,10
BRDA:48,9,0,0
BRDA:60,10,0,8
BRDA:62,11,0,2
BRDA:65,12,0,10
BRDA:69,13,0,4
BRDA:70,14,0,2
BRDA:82,15,0,6
BRDA:84,16,0,2
BRDA:89,17,0,4
BRDA:153,18,0,0
BRDA:154,19,0,4
BRDA:154,20,0,0
BRDA:156,21,0,2
BRDA:48,22,0,8
BRDA:93,23,0,4
BRDA:133,24,0,2
BRDA:116,25,0,4
BRDA:117,26,0,4
BRDA:117,27,0,4
BRDA:125,28,0,4
BRDA:126,29,0,0
BRDA:126,30,0,4
BRDA:127,31,0,4
BRF:32
BRH:26
end_of_record
TN:
SF:server\api\tasks\process-recurring-tasks.get.ts
FNF:0
FNH:0
DA:1,1
DA:2,1
DA:4,1
DA:16,1
DA:17,7
DA:19,7
DA:22,7
DA:23,7
DA:24,7
DA:25,7
DA:26,7
DA:27,7
DA:28,7
DA:30,7
DA:31,2
DA:32,2
DA:33,2
DA:34,2
DA:35,2
DA:36,2
DA:38,7
DA:39,1
DA:40,1
DA:41,1
DA:42,1
DA:43,1
DA:44,1
DA:45,1
DA:47,3
DA:48,3
DA:49,3
DA:52,3
DA:53,3
DA:54,3
DA:56,3
DA:57,1
DA:58,1
DA:59,1
DA:60,1
DA:61,1
DA:62,1
DA:63,1
DA:64,1
DA:65,1
DA:66,1
DA:68,2
DA:69,3
DA:70,1
DA:71,1
DA:72,1
DA:73,3
DA:75,3
DA:76,3
DA:77,3
DA:78,3
DA:79,3
DA:80,3
DA:81,3
DA:82,3
DA:83,3
DA:84,3
DA:85,2
DA:86,2
DA:87,1
DA:88,1
DA:89,1
DA:90,1
DA:91,1
DA:92,1
DA:93,7
LF:70
LH:70
BRDA:16,0,0,7
BRDA:28,1,0,6
BRDA:30,2,0,2
BRDA:36,3,0,4
BRDA:38,4,0,1
BRDA:45,5,0,3
BRDA:54,6,0,2
BRDA:56,7,0,1
BRDA:56,8,0,1
BRDA:66,9,0,2
BRDA:69,10,0,1
BRDA:84,11,0,2
BRDA:86,12,0,1
BRF:13
BRH:13
end_of_record
TN:
SF:server\api\tasks\[id]\index.delete.ts
FNF:0
FNH:0
DA:1,1
DA:2,1
DA:4,1
DA:5,1
DA:7,1
DA:8,23
DA:9,23
DA:10,23
DA:12,23
DA:13,1
DA:14,1
DA:15,1
DA:16,1
DA:17,1
DA:19,23
DA:20,1
DA:21,1
DA:22,1
DA:23,1
DA:24,1
DA:26,21
DA:28,23
DA:30,23
DA:31,1
DA:32,1
DA:33,1
DA:34,1
DA:35,1
DA:38,20
DA:39,20
DA:40,20
DA:41,20
DA:42,20
DA:44,23
DA:45,1
DA:46,1
DA:47,1
DA:48,1
DA:49,1
DA:50,1
DA:51,18
DA:52,18
DA:53,18
DA:54,18
DA:57,18
DA:58,18
DA:59,18
DA:60,18
DA:61,18
DA:62,18
DA:64,23
DA:65,4
DA:66,3
DA:67,3
DA:68,3
DA:69,3
DA:70,3
DA:71,1
DA:72,1
DA:73,1
DA:74,1
DA:75,1
DA:76,1
DA:79,14
DA:80,14
DA:81,14
DA:82,14
DA:83,14
DA:86,23
DA:88,13
DA:89,13
DA:90,13
DA:91,13
DA:93,13
DA:94,1
DA:95,1
DA:96,1
DA:97,1
DA:98,1
DA:99,1
DA:101,13
DA:104,13
DA:105,12
DA:106,13
DA:108,13
DA:109,1
DA:110,1
DA:111,1
DA:112,1
DA:113,1
DA:114,23
DA:116,1
DA:117,1
DA:118,1
DA:119,1
DA:120,1
DA:123,23
DA:124,1
DA:125,1
DA:126,1
DA:127,1
DA:128,1
DA:131,10
DA:132,10
DA:133,10
DA:135,23
DA:136,14
DA:137,14
DA:138,14
DA:139,14
DA:140,14
DA:141,14
DA:143,14
DA:144,1
DA:145,1
DA:146,1
DA:147,1
DA:148,1
DA:149,1
DA:151,14
DA:152,3
DA:153,3
DA:154,3
DA:155,3
DA:156,14
DA:158,23
DA:159,1
DA:160,1
DA:161,1
DA:162,1
DA:163,1
DA:164,0
DA:165,0
DA:166,0
DA:167,0
DA:168,0
DA:169,0
DA:170,1
DA:173,8
DA:174,8
DA:175,8
DA:176,8
DA:177,8
DA:179,23
DA:180,1
DA:181,1
DA:182,1
DA:183,1
DA:184,1
DA:185,1
DA:187,23
DA:188,1
DA:189,1
DA:190,1
DA:191,1
DA:192,1
DA:195,6
DA:198,6
DA:199,23
DA:201,5
DA:202,5
DA:203,5
DA:204,5
DA:205,5
DA:207,5
DA:209,4
DA:210,5
DA:211,5
DA:212,5
DA:213,5
DA:214,5
DA:215,5
DA:216,5
DA:217,5
DA:218,5
DA:219,4
DA:220,5
DA:222,6
DA:223,6
DA:224,6
DA:225,23
DA:226,23
DA:227,23
DA:228,15
DA:229,13
DA:230,13
DA:231,2
DA:232,2
DA:233,2
DA:234,2
DA:235,2
DA:236,2
DA:237,23
LF:193
LH:187
BRDA:7,0,0,23
BRDA:12,1,0,1
BRDA:17,2,0,22
BRDA:19,3,0,1
BRDA:24,4,0,21
BRDA:28,5,0,0
BRDA:30,6,0,1
BRDA:35,7,0,20
BRDA:42,8,0,19
BRDA:44,9,0,18
BRDA:44,10,0,1
BRDA:50,11,0,18
BRDA:64,12,0,4
BRDA:65,13,0,3
BRDA:70,14,0,1
BRDA:76,15,0,14
BRDA:86,16,0,13
BRDA:93,17,0,1
BRDA:99,18,0,12
BRDA:101,19,0,0
BRDA:104,20,0,12
BRDA:108,21,0,1
BRDA:114,22,0,1
BRDA:120,23,0,11
BRDA:123,24,0,1
BRDA:128,25,0,10
BRDA:135,26,0,14
BRDA:141,27,0,13
BRDA:143,28,0,1
BRDA:149,29,0,12
BRDA:151,30,0,3
BRDA:156,31,0,8
BRDA:158,32,0,1
BRDA:163,33,0,0
BRDA:170,34,0,8
BRDA:179,35,0,1
BRDA:185,36,0,7
BRDA:187,37,0,6
BRDA:187,38,0,1
BRDA:192,39,0,6
BRDA:199,40,0,5
BRDA:207,41,0,4
BRDA:209,42,0,5
BRDA:220,43,0,6
BRDA:225,44,0,0
BRDA:227,45,0,15
BRDA:228,46,0,13
BRDA:230,47,0,2
BRDA:101,48,0,17
BRDA:104,49,0,12
BRDA:152,50,0,6
BRF:51
BRH:47
end_of_record
TN:
SF:server\api\tasks\[id]\index.get.ts
FNF:0
FNH:0
DA:1,1
DA:2,1
DA:3,1
DA:5,1
DA:6,10
DA:7,10
DA:8,10
DA:10,10
DA:11,1
DA:12,1
DA:13,1
DA:14,1
DA:15,1
DA:18,9
DA:19,9
DA:20,9
DA:21,9
DA:22,9
DA:24,10
DA:25,1
DA:26,1
DA:27,1
DA:28,1
DA:29,1
DA:30,1
DA:31,8
DA:32,8
DA:33,8
DA:34,8
DA:36,10
DA:37,1
DA:38,1
DA:39,1
DA:40,1
DA:41,1
DA:43,7
DA:45,7
DA:46,7
DA:47,7
DA:48,7
DA:49,7
DA:50,7
DA:53,10
DA:54,1
DA:55,1
DA:56,1
DA:57,1
DA:58,1
DA:59,1
DA:60,0
DA:61,0
DA:62,0
DA:63,0
DA:64,0
DA:65,0
DA:68,6
DA:69,10
DA:70,3
DA:71,3
DA:72,3
DA:73,3
DA:74,3
DA:75,3
DA:76,3
DA:79,6
DA:80,10
DA:81,3
DA:82,3
DA:83,3
DA:84,3
DA:85,3
DA:86,3
DA:87,3
DA:88,3
DA:91,6
DA:92,6
DA:93,6
DA:94,6
DA:95,6
DA:96,6
DA:99,10
DA:100,6
DA:101,6
DA:102,6
DA:103,6
DA:104,6
DA:105,6
DA:106,6
DA:107,6
DA:108,6
DA:109,6
DA:111,6
DA:112,6
DA:113,6
DA:114,6
DA:115,10
DA:117,0
DA:118,0
DA:122,6
DA:124,10
DA:125,1
DA:126,1
DA:127,1
DA:128,1
DA:129,1
DA:132,4
DA:133,4
DA:134,4
DA:136,10
DA:137,0
DA:138,0
DA:139,0
DA:140,0
DA:141,0
DA:144,4
DA:145,4
DA:146,4
DA:147,4
DA:148,4
DA:151,10
DA:152,1
DA:153,1
DA:154,1
DA:155,1
DA:156,1
DA:157,1
DA:160,3
DA:161,3
DA:162,10
DA:163,3
DA:164,3
DA:165,3
DA:166,3
DA:167,3
DA:168,3
DA:171,3
DA:172,0
DA:173,3
DA:175,3
DA:176,3
DA:178,2
DA:179,2
DA:180,2
DA:181,2
DA:182,2
DA:183,2
DA:184,2
DA:185,2
DA:186,2
DA:188,2
DA:189,2
DA:190,2
DA:191,2
DA:192,2
DA:193,2
DA:195,2
DA:196,1
DA:197,1
DA:198,1
DA:199,1
DA:200,1
DA:201,1
DA:202,1
DA:203,1
DA:204,1
DA:205,1
DA:207,1
DA:208,1
DA:209,1
DA:210,1
DA:211,1
DA:212,1
DA:213,1
DA:214,2
DA:215,3
DA:216,3
DA:217,3
DA:218,3
DA:221,3
DA:223,3
DA:224,3
DA:226,10
DA:228,2
DA:229,2
DA:230,10
DA:232,1
DA:233,1
DA:234,1
DA:237,3
DA:238,3
DA:239,3
DA:240,3
DA:241,3
DA:242,3
DA:243,3
DA:244,3
DA:245,3
DA:246,3
DA:247,3
DA:249,3
DA:250,10
DA:251,4
DA:252,3
DA:253,3
DA:254,1
DA:255,1
DA:256,1
DA:257,1
DA:258,1
DA:259,1
DA:260,10
LF:211
LH:197
BRDA:5,0,0,10
BRDA:10,1,0,1
BRDA:15,2,0,9
BRDA:24,3,0,8
BRDA:24,4,0,1
BRDA:30,5,0,8
BRDA:36,6,0,1
BRDA:41,7,0,7
BRDA:53,8,0,1
BRDA:59,9,0,0
BRDA:65,10,0,6
BRDA:69,11,0,3
BRDA:76,12,0,6
BRDA:80,13,0,3
BRDA:88,14,0,6
BRDA:99,15,0,6
BRDA:115,16,0,0
BRDA:118,17,0,6
BRDA:122,18,0,5
BRDA:124,19,0,1
BRDA:129,20,0,4
BRDA:136,21,0,0
BRDA:141,22,0,4
BRDA:151,23,0,1
BRDA:157,24,0,3
BRDA:162,25,0,3
BRDA:171,26,0,0
BRDA:176,27,0,0
BRDA:226,28,0,2
BRDA:230,29,0,1
BRDA:234,30,0,3
BRDA:238,31,0,0
BRDA:250,32,0,4
BRDA:251,33,0,3
BRDA:253,34,0,1
BRDA:102,35,0,6
BRDA:103,36,0,6
BRDA:111,37,0,6
BRDA:112,38,0,5
BRDA:112,39,0,1
BRDA:113,40,0,5
BRDA:113,41,0,5
BRDA:112,42,0,5
BRDA:113,43,0,6
BRDA:132,44,0,4
BRDA:176,45,0,2
BRDA:195,46,0,1
BRDA:198,47,0,1
BRDA:199,48,0,1
BRDA:207,49,0,1
BRDA:208,50,0,0
BRDA:209,51,0,0
BRDA:208,52,0,1
BRDA:209,53,0,2
BRDA:221,54,0,3
BRF:55
BRH:47
end_of_record
TN:
SF:server\api\tasks\[id]\index.put.ts
FN:357,normalizeDate
FNF:1
FNH:1
FNDA:8,normalizeDate
DA:1,1
DA:2,1
DA:3,1
DA:4,1
DA:10,1
DA:13,1
DA:14,34
DA:15,34
DA:16,34
DA:17,34
DA:19,34
DA:20,1
DA:21,1
DA:22,1
DA:23,1
DA:24,1
DA:26,34
DA:27,1
DA:28,1
DA:29,1
DA:30,1
DA:31,1
DA:33,34
DA:34,1
DA:35,1
DA:36,1
DA:37,1
DA:38,1
DA:40,31
DA:43,31
DA:44,31
DA:45,31
DA:46,31
DA:47,31
DA:49,34
DA:50,0
DA:51,0
DA:52,0
DA:53,0
DA:54,0
DA:55,0
DA:56,31
DA:57,31
DA:58,31
DA:59,31
DA:62,31
DA:63,31
DA:64,31
DA:65,31
DA:66,31
DA:67,31
DA:69,34
DA:70,0
DA:71,0
DA:72,0
DA:73,0
DA:74,0
DA:75,0
DA:76,0
DA:77,0
DA:78,0
DA:79,0
DA:80,0
DA:81,0
DA:84,31
DA:85,31
DA:86,31
DA:87,31
DA:88,31
DA:91,34
DA:93,30
DA:94,30
DA:95,30
DA:96,30
DA:98,30
DA:99,1
DA:100,1
DA:101,1
DA:102,1
DA:103,1
DA:104,1
DA:106,30
DA:109,30
DA:110,29
DA:111,30
DA:113,30
DA:114,0
DA:115,0
DA:116,0
DA:117,0
DA:118,0
DA:119,34
DA:121,1
DA:122,1
DA:123,1
DA:124,1
DA:125,1
DA:129,34
DA:130,3
DA:131,3
DA:133,3
DA:134,3
DA:135,2
DA:136,2
DA:137,2
DA:138,2
DA:139,2
DA:140,2
DA:141,2
DA:142,2
DA:143,2
DA:144,2
DA:145,0
DA:146,2
DA:148,3
DA:149,1
DA:150,1
DA:151,1
DA:152,1
DA:153,1
DA:154,3
DA:157,28
DA:158,28
DA:159,28
DA:160,28
DA:161,28
DA:163,34
DA:164,1
DA:165,1
DA:166,1
DA:167,1
DA:168,1
DA:169,1
DA:172,34
DA:173,34
DA:174,2
DA:175,2
DA:176,1
DA:177,1
DA:178,1
DA:179,1
DA:180,1
DA:181,2
DA:184,26
DA:193,26
DA:195,34
DA:196,34
DA:197,34
DA:198,34
DA:199,34
DA:200,34
DA:201,34
DA:202,34
DA:205,34
DA:206,34
DA:208,34
DA:209,1
DA:210,1
DA:211,1
DA:212,1
DA:215,26
DA:216,26
DA:217,26
DA:218,26
DA:219,26
DA:220,26
DA:222,34
DA:223,2
DA:224,1
DA:225,1
DA:226,1
DA:227,1
DA:228,1
DA:229,1
DA:230,1
DA:231,1
DA:232,1
DA:233,1
DA:234,1
DA:235,34
DA:238,34
DA:239,7
DA:240,7
DA:242,7
DA:243,7
DA:244,7
DA:245,7
DA:246,1
DA:247,1
DA:248,1
DA:249,1
DA:250,1
DA:251,7
DA:254,6
DA:255,7
DA:257,7
DA:258,1
DA:259,1
DA:260,1
DA:261,1
DA:263,6
DA:264,6
DA:265,7
DA:266,7
DA:267,7
DA:268,7
DA:269,7
DA:270,7
DA:271,7
DA:272,7
DA:273,7
DA:274,7
DA:276,7
DA:278,2
DA:279,2
DA:280,2
DA:281,2
DA:282,2
DA:284,2
DA:286,1
DA:287,1
DA:290,1
DA:291,1
DA:292,1
DA:293,1
DA:295,7
DA:297,4
DA:298,4
DA:299,4
DA:300,4
DA:301,4
DA:302,4
DA:304,4
DA:305,0
DA:306,0
DA:309,4
DA:310,4
DA:313,5
DA:314,5
DA:316,5
DA:317,1
DA:318,1
DA:319,5
DA:320,1
DA:321,1
DA:324,3
DA:325,3
DA:326,3
DA:327,3
DA:330,3
DA:331,4
DA:332,4
DA:333,4
DA:334,4
DA:335,3
DA:337,3
DA:338,3
DA:339,3
DA:341,5
DA:342,0
DA:343,0
DA:344,5
DA:345,7
DA:347,4
DA:348,0
DA:349,0
DA:350,7
DA:351,3
DA:354,20
DA:357,20
DA:358,8
DA:360,8
DA:361,8
DA:364,34
DA:365,6
DA:366,6
DA:367,34
DA:368,0
DA:369,0
DA:370,34
DA:371,1
DA:372,1
DA:373,34
DA:374,6
DA:375,6
DA:376,34
DA:377,1
DA:378,1
DA:379,34
DA:380,1
DA:381,1
DA:382,34
DA:383,1
DA:384,1
DA:385,34
DA:386,1
DA:387,1
DA:390,34
DA:391,3
DA:392,34
DA:393,8
DA:396,8
DA:397,8
DA:399,7
DA:400,7
DA:401,7
DA:402,7
DA:403,7
DA:405,7
DA:407,6
DA:408,12
DA:409,12
DA:410,6
DA:413,6
DA:414,6
DA:415,6
DA:416,6
DA:417,6
DA:418,6
DA:419,6
DA:420,6
DA:421,6
DA:422,6
DA:423,6
DA:424,6
DA:425,7
DA:426,8
DA:429,34
DA:431,6
DA:432,6
DA:433,6
DA:434,6
DA:435,6
DA:437,6
DA:440,6
DA:442,6
DA:444,5
DA:447,5
DA:448,1
DA:449,1
DA:450,6
DA:452,1
DA:453,1
DA:454,1
DA:455,1
DA:457,5
DA:458,5
DA:461,6
DA:462,1
DA:463,1
DA:464,1
DA:465,1
DA:466,1
DA:469,4
DA:470,4
DA:471,4
DA:472,4
DA:475,6
DA:476,1
DA:477,1
DA:478,1
DA:479,1
DA:480,1
DA:483,3
DA:484,3
DA:485,3
DA:486,3
DA:487,3
DA:488,3
DA:489,3
DA:491,3
DA:492,3
DA:493,3
DA:494,3
DA:495,3
DA:497,3
DA:498,1
DA:499,1
DA:500,1
DA:501,1
DA:502,1
DA:503,1
DA:504,1
DA:507,2
DA:508,3
DA:509,1
DA:512,1
DA:513,1
DA:514,1
DA:515,1
DA:516,1
DA:517,1
DA:518,1
DA:519,1
DA:520,1
DA:521,1
DA:522,1
DA:525,3
DA:526,1
DA:529,1
DA:530,1
DA:531,1
DA:532,1
DA:533,1
DA:534,1
DA:535,1
DA:536,1
DA:537,1
DA:538,1
DA:539,1
DA:540,2
DA:541,6
DA:545,15
DA:546,15
DA:547,34
DA:549,34
DA:550,3
DA:551,3
DA:553,3
DA:554,1
DA:555,1
DA:556,1
DA:557,1
DA:558,1
DA:559,3
DA:561,14
DA:562,14
DA:563,14
DA:564,34
DA:565,1
DA:566,1
DA:567,1
DA:568,1
DA:569,34
DA:570,34
DA:571,34
DA:572,17
DA:573,15
DA:574,15
DA:575,2
DA:576,2
DA:577,2
DA:578,2
DA:579,2
DA:580,2
DA:581,34
LF:446
LH:414
BRDA:13,0,0,34
BRDA:19,1,0,1
BRDA:24,2,0,33
BRDA:26,3,0,1
BRDA:31,4,0,32
BRDA:33,5,0,1
BRDA:38,6,0,31
BRDA:49,7,0,0
BRDA:55,8,0,31
BRDA:69,9,0,0
BRDA:81,10,0,31
BRDA:91,11,0,30
BRDA:98,12,0,1
BRDA:104,13,0,29
BRDA:106,14,0,0
BRDA:109,15,0,29
BRDA:113,16,0,0
BRDA:119,17,0,1
BRDA:125,18,0,29
BRDA:129,19,0,3
BRDA:129,20,0,3
BRDA:131,21,0,0
BRDA:134,22,0,2
BRDA:141,23,0,0
BRDA:144,24,0,0
BRDA:148,25,0,2
BRDA:148,26,0,1
BRDA:154,27,0,28
BRDA:163,28,0,27
BRDA:163,29,0,1
BRDA:169,30,0,27
BRDA:172,31,0,2
BRDA:173,32,0,2
BRDA:175,33,0,1
BRDA:181,34,0,26
BRDA:195,35,0,25
BRDA:195,36,0,26
BRDA:196,37,0,2
BRDA:196,38,0,26
BRDA:197,39,0,2
BRDA:197,40,0,26
BRDA:198,41,0,6
BRDA:198,42,0,26
BRDA:199,43,0,1
BRDA:199,44,0,26
BRDA:200,45,0,1
BRDA:200,46,0,26
BRDA:201,47,0,2
BRDA:201,48,0,26
BRDA:202,49,0,1
BRDA:202,50,0,26
BRDA:205,51,0,2
BRDA:205,52,0,24
BRDA:206,53,0,24
BRDA:208,54,0,1
BRDA:208,55,0,1
BRDA:208,56,0,1
BRDA:212,57,0,26
BRDA:222,58,0,2
BRDA:223,59,0,1
BRDA:234,60,0,24
BRDA:235,61,0,0
BRDA:238,62,0,7
BRDA:245,63,0,1
BRDA:251,64,0,6
BRDA:255,65,0,6
BRDA:255,66,0,0
BRDA:257,67,0,1
BRDA:257,68,0,1
BRDA:257,69,0,1
BRDA:261,70,0,6
BRDA:265,71,0,0
BRDA:268,72,0,6
BRDA:268,73,0,0
BRDA:270,74,0,6
BRDA:271,75,0,0
BRDA:272,76,0,6
BRDA:272,77,0,0
BRDA:276,78,0,2
BRDA:284,79,0,1
BRDA:284,80,0,1
BRDA:295,81,0,4
BRDA:304,82,0,0
BRDA:310,83,0,5
BRDA:316,84,0,1
BRDA:317,85,0,0
BRDA:318,86,0,4
BRDA:319,87,0,1
BRDA:321,88,0,3
BRDA:341,89,0,0
BRDA:345,90,0,4
BRDA:347,91,0,0
BRDA:350,92,0,3
BRDA:351,93,0,20
BRDA:364,94,0,19
BRDA:364,95,0,6
BRDA:366,96,0,20
BRDA:367,97,0,2
BRDA:367,98,0,0
BRDA:369,99,0,20
BRDA:370,100,0,2
BRDA:370,101,0,1
BRDA:372,102,0,20
BRDA:373,103,0,6
BRDA:373,104,0,6
BRDA:375,105,0,20
BRDA:376,106,0,1
BRDA:376,107,0,1
BRDA:378,108,0,20
BRDA:379,109,0,1
BRDA:379,110,0,1
BRDA:381,111,0,20
BRDA:382,112,0,2
BRDA:382,113,0,1
BRDA:384,114,0,20
BRDA:385,115,0,1
BRDA:385,116,0,1
BRDA:387,117,0,20
BRDA:390,118,0,3
BRDA:390,119,0,3
BRDA:392,120,0,17
BRDA:392,121,0,8
BRDA:397,122,0,7
BRDA:403,123,0,6
BRDA:405,124,0,6
BRDA:426,125,0,19
BRDA:429,126,0,18
BRDA:429,127,0,6
BRDA:437,128,0,0
BRDA:442,129,0,5
BRDA:442,130,0,5
BRDA:447,131,0,1
BRDA:450,132,0,1
BRDA:455,133,0,5
BRDA:461,134,0,1
BRDA:461,135,0,1
BRDA:466,136,0,4
BRDA:475,137,0,1
BRDA:480,138,0,3
BRDA:497,139,0,1
BRDA:504,140,0,2
BRDA:508,141,0,1
BRDA:522,142,0,2
BRDA:525,143,0,1
BRDA:539,144,0,2
BRDA:541,145,0,15
BRDA:547,146,0,4
BRDA:549,147,0,3
BRDA:549,148,0,3
BRDA:551,149,0,2
BRDA:553,150,0,1
BRDA:553,151,0,1
BRDA:559,152,0,14
BRDA:564,153,0,1
BRDA:569,154,0,13
BRDA:571,155,0,17
BRDA:572,156,0,15
BRDA:574,157,0,2
BRDA:106,158,0,34
BRDA:109,159,0,29
BRDA:131,160,0,3
BRDA:141,161,0,1
BRDA:144,162,0,1
BRDA:330,163,0,4
BRDA:357,164,0,8
BRDA:358,165,0,0
BRDA:407,166,0,12
BRDA:408,167,0,14
BRDA:437,168,0,7
BRDA:444,169,0,9
BRDA:457,170,0,4
BRDA:458,171,0,6
BRDA:484,172,0,3
BRF:173
BRH:153
end_of_record
TN:
SF:server\api\tasks\[id]\comments\[commentId].delete.ts
FNF:0
FNH:0
DA:1,1
DA:2,1
DA:4,1
DA:5,10
DA:6,10
DA:8,10
DA:9,1
DA:10,1
DA:11,1
DA:12,1
DA:13,1
DA:15,9
DA:16,9
DA:18,10
DA:19,2
DA:20,2
DA:21,2
DA:22,2
DA:23,2
DA:25,7
DA:27,7
DA:28,7
DA:29,7
DA:30,7
DA:31,7
DA:33,10
DA:34,1
DA:35,1
DA:36,1
DA:37,1
DA:38,1
DA:40,6
DA:41,6
DA:44,6
DA:45,6
DA:46,6
DA:47,6
DA:48,6
DA:49,6
DA:50,6
DA:52,10
DA:53,1
DA:54,1
DA:55,1
DA:56,1
DA:57,1
DA:59,10
DA:60,1
DA:61,1
DA:62,1
DA:63,1
DA:64,1
DA:67,3
DA:69,3
DA:70,3
DA:71,3
DA:72,3
DA:73,3
DA:74,3
DA:75,3
DA:77,10
DA:78,1
DA:79,1
DA:80,1
DA:81,1
DA:82,1
DA:83,1
DA:85,10
DA:86,1
DA:87,1
DA:88,1
DA:89,1
DA:90,1
DA:92,1
DA:93,1
DA:94,1
DA:95,1
DA:97,10
DA:98,6
DA:99,5
DA:100,5
DA:101,1
DA:102,1
DA:103,1
DA:104,1
DA:105,1
DA:106,1
DA:107,10
LF:88
LH:88
BRDA:4,0,0,10
BRDA:8,1,0,1
BRDA:13,2,0,9
BRDA:18,3,0,8
BRDA:18,4,0,2
BRDA:23,5,0,7
BRDA:33,6,0,6
BRDA:33,7,0,1
BRDA:38,8,0,6
BRDA:50,9,0,5
BRDA:52,10,0,4
BRDA:52,11,0,1
BRDA:57,12,0,4
BRDA:59,13,0,1
BRDA:59,14,0,1
BRDA:64,15,0,3
BRDA:77,16,0,1
BRDA:83,17,0,2
BRDA:85,18,0,1
BRDA:97,19,0,6
BRDA:98,20,0,5
BRDA:100,21,0,1
BRF:22
BRH:22
end_of_record
TN:
SF:server\api\tasks\[id]\comments\[commentId].put.ts
FNF:0
FNH:0
DA:1,1
DA:2,1
DA:3,1
DA:23,1
DA:24,15
DA:25,15
DA:27,15
DA:28,1
DA:29,1
DA:30,1
DA:31,1
DA:32,1
DA:34,14
DA:35,14
DA:37,15
DA:38,2
DA:39,2
DA:40,2
DA:41,2
DA:42,2
DA:44,12
DA:47,15
DA:48,1
DA:49,1
DA:50,1
DA:51,1
DA:52,1
DA:54,15
DA:55,1
DA:56,1
DA:57,1
DA:58,1
DA:59,1
DA:61,10
DA:63,10
DA:64,10
DA:65,10
DA:66,10
DA:67,10
DA:69,15
DA:70,1
DA:71,1
DA:72,1
DA:73,1
DA:74,1
DA:76,9
DA:77,9
DA:80,9
DA:81,9
DA:82,9
DA:83,9
DA:84,9
DA:85,9
DA:87,15
DA:88,1
DA:89,1
DA:90,1
DA:91,1
DA:92,1
DA:95,7
DA:96,7
DA:97,7
DA:98,7
DA:99,7
DA:103,7
DA:105,15
DA:106,1
DA:107,1
DA:108,1
DA:109,1
DA:110,1
DA:113,15
DA:114,6
DA:115,15
DA:117,15
DA:118,1
DA:119,1
DA:120,1
DA:121,1
DA:122,1
DA:125,5
DA:126,5
DA:127,5
DA:128,5
DA:129,5
DA:130,5
DA:131,5
DA:133,15
DA:134,1
DA:135,1
DA:136,1
DA:137,1
DA:138,1
DA:141,15
DA:142,1
DA:143,1
DA:144,1
DA:145,1
DA:146,1
DA:149,3
DA:150,3
DA:151,3
DA:152,3
DA:153,3
DA:154,3
DA:155,3
DA:156,3
DA:168,3
DA:169,3
DA:171,15
DA:172,2
DA:173,2
DA:174,2
DA:175,2
DA:176,2
DA:177,2
DA:180,1
DA:181,1
DA:182,1
DA:183,1
DA:184,1
DA:185,1
DA:186,1
DA:187,1
DA:188,1
DA:189,1
DA:190,1
DA:191,1
DA:192,1
DA:193,1
DA:195,1
DA:196,1
DA:197,1
DA:198,1
DA:200,15
DA:201,9
DA:202,8
DA:203,8
DA:204,1
DA:205,1
DA:206,1
DA:207,1
DA:208,1
DA:209,1
DA:210,15
LF:145
LH:145
BRDA:23,0,0,15
BRDA:27,1,0,1
BRDA:32,2,0,14
BRDA:37,3,0,13
BRDA:37,4,0,2
BRDA:42,5,0,12
BRDA:47,6,0,1
BRDA:52,7,0,11
BRDA:54,8,0,1
BRDA:59,9,0,10
BRDA:69,10,0,9
BRDA:69,11,0,1
BRDA:74,12,0,9
BRDA:85,13,0,8
BRDA:87,14,0,7
BRDA:87,15,0,1
BRDA:92,16,0,7
BRDA:105,17,0,1
BRDA:110,18,0,6
BRDA:117,19,0,1
BRDA:122,20,0,5
BRDA:133,21,0,4
BRDA:133,22,0,1
BRDA:138,23,0,4
BRDA:141,24,0,1
BRDA:146,25,0,3
BRDA:171,26,0,2
BRDA:171,27,0,2
BRDA:177,28,0,1
BRDA:200,29,0,9
BRDA:201,30,0,8
BRDA:203,31,0,1
BRDA:113,32,0,6
BRF:33
BRH:33
end_of_record
TN:
SF:server\api\tasks\[id]\comments\index.get.ts
FNF:0
FNH:0
DA:1,1
DA:2,1
DA:3,1
DA:30,1
DA:31,9
DA:32,9
DA:34,9
DA:35,1
DA:36,1
DA:37,1
DA:38,1
DA:39,1
DA:41,8
DA:42,9
DA:43,1
DA:44,1
DA:45,1
DA:46,1
DA:47,1
DA:49,7
DA:51,7
DA:52,7
DA:53,7
DA:54,7
DA:55,7
DA:56,7
DA:58,9
DA:59,1
DA:60,1
DA:61,1
DA:62,1
DA:63,1
DA:66,5
DA:67,5
DA:68,5
DA:69,5
DA:70,5
DA:72,9
DA:73,1
DA:74,1
DA:75,1
DA:76,1
DA:77,1
DA:79,4
DA:80,4
DA:83,4
DA:84,4
DA:85,4
DA:86,4
DA:87,4
DA:91,4
DA:93,9
DA:94,1
DA:95,1
DA:96,1
DA:97,1
DA:98,1
DA:101,9
DA:102,3
DA:103,9
DA:105,9
DA:106,1
DA:107,1
DA:108,1
DA:109,1
DA:110,1
DA:113,2
DA:114,2
DA:115,2
DA:127,2
DA:128,2
DA:129,2
DA:130,2
DA:132,9
DA:133,1
DA:134,1
DA:135,1
DA:136,1
DA:137,1
DA:138,1
DA:141,9
DA:142,1
DA:143,1
DA:144,1
DA:145,1
DA:146,1
DA:147,1
DA:148,1
DA:149,1
DA:150,1
DA:151,1
DA:152,1
DA:153,1
DA:154,9
DA:156,9
DA:157,9
DA:158,9
DA:159,9
DA:161,9
DA:162,6
DA:163,5
DA:164,5
DA:165,1
DA:166,1
DA:167,1
DA:168,1
DA:169,1
DA:170,1
DA:171,9
LF:109
LH:109
BRDA:30,0,0,9
BRDA:34,1,0,1
BRDA:39,2,0,8
BRDA:42,3,0,1
BRDA:47,4,0,7
BRDA:56,5,0,6
BRDA:58,6,0,5
BRDA:58,7,0,1
BRDA:63,8,0,5
BRDA:72,9,0,4
BRDA:72,10,0,1
BRDA:77,11,0,4
BRDA:93,12,0,1
BRDA:98,13,0,3
BRDA:105,14,0,1
BRDA:110,15,0,2
BRDA:132,16,0,1
BRDA:154,17,0,0
BRDA:161,18,0,6
BRDA:162,19,0,5
BRDA:164,20,0,1
BRDA:101,21,0,3
BRDA:141,22,0,1
BRF:23
BRH:22
end_of_record
TN:
SF:server\api\tasks\[id]\comments\index.post.ts
FNF:0
FNH:0
DA:1,1
DA:2,1
DA:3,1
DA:5,1
DA:29,1
DA:30,11
DA:31,11
DA:33,11
DA:34,1
DA:35,1
DA:36,1
DA:37,1
DA:38,1
DA:40,10
DA:41,11
DA:42,1
DA:43,1
DA:44,1
DA:45,1
DA:46,1
DA:48,9
DA:51,11
DA:52,1
DA:53,1
DA:54,1
DA:55,1
DA:56,1
DA:58,11
DA:59,1
DA:60,1
DA:61,1
DA:62,1
DA:63,1
DA:65,7
DA:67,7
DA:68,7
DA:69,7
DA:70,7
DA:71,7
DA:72,7
DA:74,11
DA:75,1
DA:76,1
DA:77,1
DA:78,1
DA:79,1
DA:82,5
DA:83,5
DA:84,5
DA:85,5
DA:86,5
DA:88,11
DA:89,1
DA:90,1
DA:91,1
DA:92,1
DA:93,1
DA:95,4
DA:96,4
DA:99,4
DA:100,4
DA:101,4
DA:102,4
DA:103,4
DA:107,4
DA:109,11
DA:110,1
DA:111,1
DA:112,1
DA:113,1
DA:114,1
DA:117,11
DA:118,3
DA:119,11
DA:121,11
DA:122,1
DA:123,1
DA:124,1
DA:125,1
DA:126,1
DA:129,2
DA:130,2
DA:131,2
DA:132,2
DA:133,2
DA:134,2
DA:135,2
DA:136,2
DA:148,2
DA:149,2
DA:151,11
DA:152,1
DA:153,1
DA:154,1
DA:155,1
DA:156,1
DA:157,1
DA:160,1
DA:161,1
DA:162,1
DA:163,1
DA:164,1
DA:165,1
DA:166,1
DA:167,1
DA:168,1
DA:169,1
DA:170,1
DA:171,1
DA:172,1
DA:173,1
DA:176,1
DA:177,1
DA:179,1
DA:180,1
DA:181,1
DA:182,1
DA:183,1
DA:185,1
DA:187,1
DA:188,2
DA:189,2
DA:190,2
DA:191,2
DA:192,2
DA:193,2
DA:194,2
DA:195,2
DA:196,2
DA:197,2
DA:198,1
DA:199,1
DA:201,1
DA:202,1
DA:203,1
DA:204,1
DA:206,11
DA:207,6
DA:208,5
DA:209,5
DA:210,1
DA:211,1
DA:212,1
DA:213,1
DA:214,1
DA:215,1
DA:216,11
LF:147
LH:147
BRDA:29,0,0,11
BRDA:33,1,0,1
BRDA:38,2,0,10
BRDA:41,3,0,1
BRDA:46,4,0,9
BRDA:51,5,0,1
BRDA:56,6,0,8
BRDA:58,7,0,1
BRDA:63,8,0,7
BRDA:72,9,0,6
BRDA:74,10,0,5
BRDA:74,11,0,1
BRDA:79,12,0,5
BRDA:88,13,0,4
BRDA:88,14,0,1
BRDA:93,15,0,4
BRDA:109,16,0,1
BRDA:114,17,0,3
BRDA:121,18,0,1
BRDA:126,19,0,2
BRDA:151,20,0,1
BRDA:151,21,0,1
BRDA:187,22,0,2
BRDA:206,23,0,6
BRDA:207,24,0,5
BRDA:209,25,0,1
BRDA:117,26,0,3
BRF:27
BRH:27
end_of_record
TN:
SF:server\api\update-password\update-password.post.ts
FNF:0
FNH:0
DA:1,1
DA:2,1
DA:10,1
DA:11,7
DA:13,7
DA:14,1
DA:15,1
DA:16,1
DA:17,1
DA:18,1
DA:20,7
DA:21,1
DA:22,1
DA:23,1
DA:24,1
DA:25,1
DA:27,7
DA:28,1
DA:29,1
DA:30,1
DA:31,1
DA:32,1
DA:34,7
DA:35,1
DA:36,1
DA:37,1
DA:38,1
DA:39,1
DA:41,3
DA:43,3
DA:44,3
DA:45,3
DA:46,3
DA:48,7
DA:49,1
DA:50,1
DA:51,1
DA:52,1
DA:53,1
DA:55,1
DA:56,1
DA:57,1
DA:58,1
DA:59,1
LF:44
LH:44
BRDA:10,0,0,7
BRDA:13,1,0,1
BRDA:18,2,0,6
BRDA:20,3,0,5
BRDA:20,4,0,1
BRDA:25,5,0,5
BRDA:27,6,0,1
BRDA:32,7,0,4
BRDA:34,8,0,1
BRDA:39,9,0,3
BRDA:46,10,0,2
BRDA:48,11,0,1
BRDA:50,12,0,0
BRDA:51,13,0,0
BRF:14
BRH:12
end_of_record
TN:
SF:server\api\user\me.get.ts
FNF:0
FNH:0
DA:1,1
DA:2,1
DA:4,1
DA:5,4
DA:8,4
DA:9,4
DA:10,1
DA:11,1
DA:13,3
DA:14,3
DA:15,3
DA:16,3
DA:17,3
DA:19,4
DA:20,4
DA:22,1
DA:23,1
DA:24,1
DA:25,4
DA:26,4
DA:27,4
DA:28,4
DA:29,4
DA:30,4
LF:24
LH:24
BRDA:4,0,0,4
BRDA:9,1,0,3
BRDA:9,2,0,1
BRDA:11,3,0,3
BRDA:19,4,0,1
BRDA:19,5,0,2
BRDA:20,6,0,1
BRDA:25,7,0,0
BRF:8
BRH:7
end_of_record
